#
# There is insufficient memory for the Java Runtime Environment to continue.
# Native memory allocation (malloc) failed to allocate 986144 bytes for Chunk::new
# Possible reasons:
#   The system is out of physical RAM or swap space
#   The process is running with CompressedOops enabled, and the Java Heap may be blocking the growth of the native heap
# Possible solutions:
#   Reduce memory load on the system
#   Increase physical memory or swap space
#   Check if swap backing store is full
#   Decrease Java heap size (-Xmx/-Xms)
#   Decrease number of Java threads
#   Decrease Java thread stack sizes (-Xss)
#   Set larger code cache with -XX:ReservedCodeCacheSize=
#   JVM is running with Unscaled Compressed Oops mode in which the Java heap is
#     placed in the first 4GB address space. The Java Heap base address is the
#     maximum limit for the native heap growth. Please use -XX:HeapBaseMinAddress
#     to set the Java Heap base and to place the Java Heap above 4GB virtual address.
# This output file may be truncated or incomplete.
#
#  Out of Memory Error (arena.cpp:189), pid=18056, tid=10872
#
# JRE version: Java(TM) SE Runtime Environment (17.0.7+8) (build 17.0.7+8-LTS-224)
# Java VM: Java HotSpot(TM) 64-Bit Server VM (17.0.7+8-LTS-224, mixed mode, sharing, tiered, compressed oops, compressed class ptrs, g1 gc, windows-amd64)
# No core dump will be written. Minidumps are not enabled by default on client versions of Windows
#

---------------  S U M M A R Y ------------

Command Line: -ea -Dstdout.encoding=UTF-8 -Dstderr.encoding=UTF-8 -XX:+ShowCodeDetailsInExceptionMessages -Dfile.encoding=UTF-8 org.eclipse.jdt.internal.junit.runner.RemoteTestRunner -version 3 -port 51311 -testLoaderClass org.eclipse.jdt.internal.junit5.runner.JUnit5TestLoader -loaderpluginname org.eclipse.jdt.junit5.runtime -test hello.core.scope.SingletonWithPrototypeTest1:prototypeFind

Host: 12th Gen Intel(R) Core(TM) i3-12100, 8 cores, 7G,  Windows 11 , 64 bit Build 22621 (10.0.22621.3672)
Time: Thu Jul 25 10:16:15 2024  Windows 11 , 64 bit Build 22621 (10.0.22621.3672) elapsed time: 1.330079 seconds (0d 0h 0m 1s)

---------------  T H R E A D  ---------------

Current thread (0x0000013ebf9661e0):  JavaThread "C2 CompilerThread0" daemon [_thread_in_native, id=10872, stack(0x0000000fd6300000,0x0000000fd6400000)]


Current CompileTask:
C2:   1330 1477       4       jdk.internal.loader.URLClassPath::getResource (74 bytes)

Stack: [0x0000000fd6300000,0x0000000fd6400000]
Native frames: (J=compiled Java code, j=interpreted, Vv=VM code, C=native code)
V  [jvm.dll+0x676a4a]
V  [jvm.dll+0x7d74f4]
V  [jvm.dll+0x7d8c9e]
V  [jvm.dll+0x7d9303]
V  [jvm.dll+0x2452c5]
V  [jvm.dll+0xaaa2b]
V  [jvm.dll+0xaafcc]
V  [jvm.dll+0x36141e]
V  [jvm.dll+0x32bba1]
V  [jvm.dll+0x32b03a]
V  [jvm.dll+0x217acf]
V  [jvm.dll+0x216f01]
V  [jvm.dll+0x1a35e0]
V  [jvm.dll+0x226a6e]
V  [jvm.dll+0x224e15]
V  [jvm.dll+0x78d05c]
V  [jvm.dll+0x78759a]
V  [jvm.dll+0x675875]
C  [ucrtbase.dll+0x29333]
C  [KERNEL32.DLL+0x1257d]
C  [ntdll.dll+0x5af28]


---------------  P R O C E S S  ---------------

Threads class SMR info:
_java_thread_list=0x0000013ec0979e00, length=14, elements={
0x0000013ea1a12980, 0x0000013ebf943110, 0x0000013ebf946ea0, 0x0000013ebf963420,
0x0000013ebf963ce0, 0x0000013ebf964690, 0x0000013ebf965040, 0x0000013ebf9661e0,
0x0000013ebf966c80, 0x0000013ebf96c1c0, 0x0000013ec04dbf40, 0x0000013ec04e8dc0,
0x0000013ec058afd0, 0x0000013ec07fe1e0
}

Java Threads: ( => current thread )
  0x0000013ea1a12980 JavaThread "main" [_thread_in_vm, id=19584, stack(0x0000000fd5600000,0x0000000fd5700000)]
  0x0000013ebf943110 JavaThread "Reference Handler" daemon [_thread_blocked, id=10916, stack(0x0000000fd5d00000,0x0000000fd5e00000)]
  0x0000013ebf946ea0 JavaThread "Finalizer" daemon [_thread_blocked, id=23860, stack(0x0000000fd5e00000,0x0000000fd5f00000)]
  0x0000013ebf963420 JavaThread "Signal Dispatcher" daemon [_thread_blocked, id=29092, stack(0x0000000fd5f00000,0x0000000fd6000000)]
  0x0000013ebf963ce0 JavaThread "Attach Listener" daemon [_thread_blocked, id=30496, stack(0x0000000fd6000000,0x0000000fd6100000)]
  0x0000013ebf964690 JavaThread "Service Thread" daemon [_thread_blocked, id=11488, stack(0x0000000fd6100000,0x0000000fd6200000)]
  0x0000013ebf965040 JavaThread "Monitor Deflation Thread" daemon [_thread_blocked, id=8760, stack(0x0000000fd6200000,0x0000000fd6300000)]
=>0x0000013ebf9661e0 JavaThread "C2 CompilerThread0" daemon [_thread_in_native, id=10872, stack(0x0000000fd6300000,0x0000000fd6400000)]
  0x0000013ebf966c80 JavaThread "C1 CompilerThread0" daemon [_thread_blocked, id=20764, stack(0x0000000fd6400000,0x0000000fd6500000)]
  0x0000013ebf96c1c0 JavaThread "Sweeper thread" daemon [_thread_blocked, id=17052, stack(0x0000000fd6500000,0x0000000fd6600000)]
  0x0000013ec04dbf40 JavaThread "Notification Thread" daemon [_thread_blocked, id=20304, stack(0x0000000fd6600000,0x0000000fd6700000)]
  0x0000013ec04e8dc0 JavaThread "Common-Cleaner" daemon [_thread_blocked, id=25272, stack(0x0000000fd6800000,0x0000000fd6900000)]
  0x0000013ec058afd0 JavaThread "C2 CompilerThread1" daemon [_thread_in_native, id=20812, stack(0x0000000fd6900000,0x0000000fd6a00000)]
  0x0000013ec07fe1e0 JavaThread "ReaderThread" [_thread_in_native, id=30600, stack(0x0000000fd6a00000,0x0000000fd6b00000)]

Other Threads:
  0x0000013ebf93e980 VMThread "VM Thread" [stack: 0x0000000fd5c00000,0x0000000fd5d00000] [id=15928]
  0x0000013ec04e2430 WatcherThread [stack: 0x0000000fd6700000,0x0000000fd6800000] [id=12264]
  0x0000013ea1a6c230 GCTaskThread "GC Thread#0" [stack: 0x0000000fd5700000,0x0000000fd5800000] [id=15096]
  0x0000013ec0798780 GCTaskThread "GC Thread#1" [stack: 0x0000000fd6b00000,0x0000000fd6c00000] [id=27092]
  0x0000013ec0798a30 GCTaskThread "GC Thread#2" [stack: 0x0000000fd6c00000,0x0000000fd6d00000] [id=28836]
  0x0000013ec0798ce0 GCTaskThread "GC Thread#3" [stack: 0x0000000fd6d00000,0x0000000fd6e00000] [id=20696]
  0x0000013ec0d0e940 GCTaskThread "GC Thread#4" [stack: 0x0000000fd6e00000,0x0000000fd6f00000] [id=29528]
  0x0000013ec159c1a0 GCTaskThread "GC Thread#5" [stack: 0x0000000fd6f00000,0x0000000fd7000000] [id=18692]
  0x0000013ec1c3eee0 GCTaskThread "GC Thread#6" [stack: 0x0000000fd7000000,0x0000000fd7100000] [id=26712]
  0x0000013ec1812220 GCTaskThread "GC Thread#7" [stack: 0x0000000fd7100000,0x0000000fd7200000] [id=20724]
  0x0000013ea1a7e8d0 ConcurrentGCThread "G1 Main Marker" [stack: 0x0000000fd5800000,0x0000000fd5900000] [id=15068]
  0x0000013ea1a802f0 ConcurrentGCThread "G1 Conc#0" [stack: 0x0000000fd5900000,0x0000000fd5a00000] [id=15764]
  0x0000013ea1acdfe0 ConcurrentGCThread "G1 Refine#0" [stack: 0x0000000fd5a00000,0x0000000fd5b00000] [id=1984]
  0x0000013ea1acea00 ConcurrentGCThread "G1 Service" [stack: 0x0000000fd5b00000,0x0000000fd5c00000] [id=31536]

Threads with active compile tasks:
C2 CompilerThread0     1491 1477       4       jdk.internal.loader.URLClassPath::getResource (74 bytes)
C2 CompilerThread1     1492 1469       4       java.lang.invoke.MethodType::makeImpl (109 bytes)

VM state: not at safepoint (normal execution)

VM Mutex/Monitor currently owned by a thread:  ([mutex/lock_event])
[0x0000013ea1a0d5a0] Metaspace_lock - owner thread: 0x0000013ea1a12980

Heap address: 0x0000000084600000, size: 1978 MB, Compressed Oops mode: 32-bit

CDS archive(s) mapped at: [0x0000000800000000-0x0000000800bd0000-0x0000000800bd0000), size 12386304, SharedBaseAddress: 0x0000000800000000, ArchiveRelocationMode: 0.
Compressed class space mapped at: 0x0000000800c00000-0x0000000840c00000, reserved size: 1073741824
Narrow klass base: 0x0000000800000000, Narrow klass shift: 0, Narrow klass range: 0x100000000

GC Precious Log:
 CPUs: 8 total, 8 available
 Memory: 7907M
 Large Page Support: Disabled
 NUMA Support: Disabled
 Compressed Oops: Enabled (32-bit)
 Heap Region Size: 1M
 Heap Min Capacity: 8M
 Heap Initial Capacity: 124M
 Heap Max Capacity: 1978M
 Pre-touch: Disabled
 Parallel Workers: 8
 Concurrent Workers: 2
 Concurrent Refinement Workers: 8
 Periodic GC: Disabled

Heap:
 garbage-first heap   total 126976K, used 10396K [0x0000000084600000, 0x0000000100000000)
  region size 1024K, 7 young (7168K), 2 survivors (2048K)
 Metaspace       used 12684K, committed 12928K, reserved 1064960K
  class space    used 1784K, committed 1920K, reserved 1048576K

Heap Regions: E=young(eden), S=young(survivor), O=old, HS=humongous(starts), HC=humongous(continues), CS=collection set, F=free, OA=open archive, CA=closed archive, TAMS=top-at-mark-start (previous, next)
|   0|0x0000000084600000, 0x0000000084700000, 0x0000000084700000|100%| O|  |TAMS 0x0000000084600000, 0x0000000084600000| Untracked 
|   1|0x0000000084700000, 0x0000000084800000, 0x0000000084800000|100%| O|  |TAMS 0x0000000084700000, 0x0000000084700000| Untracked 
|   2|0x0000000084800000, 0x0000000084900000, 0x0000000084900000|100%| O|  |TAMS 0x0000000084800000, 0x0000000084800000| Untracked 
|   3|0x0000000084900000, 0x0000000084a00000, 0x0000000084a00000|100%| O|  |TAMS 0x0000000084900000, 0x0000000084900000| Untracked 
|   4|0x0000000084a00000, 0x0000000084a3f400, 0x0000000084b00000| 24%| O|  |TAMS 0x0000000084a00000, 0x0000000084a00000| Untracked 
|   5|0x0000000084b00000, 0x0000000084b00000, 0x0000000084c00000|  0%| F|  |TAMS 0x0000000084b00000, 0x0000000084b00000| Untracked 
|   6|0x0000000084c00000, 0x0000000084c00000, 0x0000000084d00000|  0%| F|  |TAMS 0x0000000084c00000, 0x0000000084c00000| Untracked 
|   7|0x0000000084d00000, 0x0000000084d00000, 0x0000000084e00000|  0%| F|  |TAMS 0x0000000084d00000, 0x0000000084d00000| Untracked 
|   8|0x0000000084e00000, 0x0000000084e00000, 0x0000000084f00000|  0%| F|  |TAMS 0x0000000084e00000, 0x0000000084e00000| Untracked 
|   9|0x0000000084f00000, 0x0000000084f00000, 0x0000000085000000|  0%| F|  |TAMS 0x0000000084f00000, 0x0000000084f00000| Untracked 
|  10|0x0000000085000000, 0x0000000085000000, 0x0000000085100000|  0%| F|  |TAMS 0x0000000085000000, 0x0000000085000000| Untracked 
|  11|0x0000000085100000, 0x0000000085100000, 0x0000000085200000|  0%| F|  |TAMS 0x0000000085100000, 0x0000000085100000| Untracked 
|  12|0x0000000085200000, 0x0000000085200000, 0x0000000085300000|  0%| F|  |TAMS 0x0000000085200000, 0x0000000085200000| Untracked 
|  13|0x0000000085300000, 0x0000000085300000, 0x0000000085400000|  0%| F|  |TAMS 0x0000000085300000, 0x0000000085300000| Untracked 
|  14|0x0000000085400000, 0x0000000085400000, 0x0000000085500000|  0%| F|  |TAMS 0x0000000085400000, 0x0000000085400000| Untracked 
|  15|0x0000000085500000, 0x0000000085500000, 0x0000000085600000|  0%| F|  |TAMS 0x0000000085500000, 0x0000000085500000| Untracked 
|  16|0x0000000085600000, 0x0000000085600000, 0x0000000085700000|  0%| F|  |TAMS 0x0000000085600000, 0x0000000085600000| Untracked 
|  17|0x0000000085700000, 0x0000000085700000, 0x0000000085800000|  0%| F|  |TAMS 0x0000000085700000, 0x0000000085700000| Untracked 
|  18|0x0000000085800000, 0x0000000085800000, 0x0000000085900000|  0%| F|  |TAMS 0x0000000085800000, 0x0000000085800000| Untracked 
|  19|0x0000000085900000, 0x0000000085900000, 0x0000000085a00000|  0%| F|  |TAMS 0x0000000085900000, 0x0000000085900000| Untracked 
|  20|0x0000000085a00000, 0x0000000085a00000, 0x0000000085b00000|  0%| F|  |TAMS 0x0000000085a00000, 0x0000000085a00000| Untracked 
|  21|0x0000000085b00000, 0x0000000085b00000, 0x0000000085c00000|  0%| F|  |TAMS 0x0000000085b00000, 0x0000000085b00000| Untracked 
|  22|0x0000000085c00000, 0x0000000085c00000, 0x0000000085d00000|  0%| F|  |TAMS 0x0000000085c00000, 0x0000000085c00000| Untracked 
|  23|0x0000000085d00000, 0x0000000085d00000, 0x0000000085e00000|  0%| F|  |TAMS 0x0000000085d00000, 0x0000000085d00000| Untracked 
|  24|0x0000000085e00000, 0x0000000085e00000, 0x0000000085f00000|  0%| F|  |TAMS 0x0000000085e00000, 0x0000000085e00000| Untracked 
|  25|0x0000000085f00000, 0x0000000085f00000, 0x0000000086000000|  0%| F|  |TAMS 0x0000000085f00000, 0x0000000085f00000| Untracked 
|  26|0x0000000086000000, 0x0000000086000000, 0x0000000086100000|  0%| F|  |TAMS 0x0000000086000000, 0x0000000086000000| Untracked 
|  27|0x0000000086100000, 0x0000000086100000, 0x0000000086200000|  0%| F|  |TAMS 0x0000000086100000, 0x0000000086100000| Untracked 
|  28|0x0000000086200000, 0x0000000086200000, 0x0000000086300000|  0%| F|  |TAMS 0x0000000086200000, 0x0000000086200000| Untracked 
|  29|0x0000000086300000, 0x0000000086300000, 0x0000000086400000|  0%| F|  |TAMS 0x0000000086300000, 0x0000000086300000| Untracked 
|  30|0x0000000086400000, 0x0000000086400000, 0x0000000086500000|  0%| F|  |TAMS 0x0000000086400000, 0x0000000086400000| Untracked 
|  31|0x0000000086500000, 0x0000000086500000, 0x0000000086600000|  0%| F|  |TAMS 0x0000000086500000, 0x0000000086500000| Untracked 
|  32|0x0000000086600000, 0x0000000086600000, 0x0000000086700000|  0%| F|  |TAMS 0x0000000086600000, 0x0000000086600000| Untracked 
|  33|0x0000000086700000, 0x0000000086700000, 0x0000000086800000|  0%| F|  |TAMS 0x0000000086700000, 0x0000000086700000| Untracked 
|  34|0x0000000086800000, 0x0000000086800000, 0x0000000086900000|  0%| F|  |TAMS 0x0000000086800000, 0x0000000086800000| Untracked 
|  35|0x0000000086900000, 0x0000000086900000, 0x0000000086a00000|  0%| F|  |TAMS 0x0000000086900000, 0x0000000086900000| Untracked 
|  36|0x0000000086a00000, 0x0000000086a00000, 0x0000000086b00000|  0%| F|  |TAMS 0x0000000086a00000, 0x0000000086a00000| Untracked 
|  37|0x0000000086b00000, 0x0000000086b00000, 0x0000000086c00000|  0%| F|  |TAMS 0x0000000086b00000, 0x0000000086b00000| Untracked 
|  38|0x0000000086c00000, 0x0000000086c00000, 0x0000000086d00000|  0%| F|  |TAMS 0x0000000086c00000, 0x0000000086c00000| Untracked 
|  39|0x0000000086d00000, 0x0000000086d00000, 0x0000000086e00000|  0%| F|  |TAMS 0x0000000086d00000, 0x0000000086d00000| Untracked 
|  40|0x0000000086e00000, 0x0000000086e00000, 0x0000000086f00000|  0%| F|  |TAMS 0x0000000086e00000, 0x0000000086e00000| Untracked 
|  41|0x0000000086f00000, 0x0000000086f00000, 0x0000000087000000|  0%| F|  |TAMS 0x0000000086f00000, 0x0000000086f00000| Untracked 
|  42|0x0000000087000000, 0x0000000087000000, 0x0000000087100000|  0%| F|  |TAMS 0x0000000087000000, 0x0000000087000000| Untracked 
|  43|0x0000000087100000, 0x0000000087100000, 0x0000000087200000|  0%| F|  |TAMS 0x0000000087100000, 0x0000000087100000| Untracked 
|  44|0x0000000087200000, 0x0000000087200000, 0x0000000087300000|  0%| F|  |TAMS 0x0000000087200000, 0x0000000087200000| Untracked 
|  45|0x0000000087300000, 0x0000000087300000, 0x0000000087400000|  0%| F|  |TAMS 0x0000000087300000, 0x0000000087300000| Untracked 
|  46|0x0000000087400000, 0x0000000087400000, 0x0000000087500000|  0%| F|  |TAMS 0x0000000087400000, 0x0000000087400000| Untracked 
|  47|0x0000000087500000, 0x0000000087500000, 0x0000000087600000|  0%| F|  |TAMS 0x0000000087500000, 0x0000000087500000| Untracked 
|  48|0x0000000087600000, 0x0000000087600000, 0x0000000087700000|  0%| F|  |TAMS 0x0000000087600000, 0x0000000087600000| Untracked 
|  49|0x0000000087700000, 0x0000000087700000, 0x0000000087800000|  0%| F|  |TAMS 0x0000000087700000, 0x0000000087700000| Untracked 
|  50|0x0000000087800000, 0x0000000087800000, 0x0000000087900000|  0%| F|  |TAMS 0x0000000087800000, 0x0000000087800000| Untracked 
|  51|0x0000000087900000, 0x0000000087900000, 0x0000000087a00000|  0%| F|  |TAMS 0x0000000087900000, 0x0000000087900000| Untracked 
|  52|0x0000000087a00000, 0x0000000087a00000, 0x0000000087b00000|  0%| F|  |TAMS 0x0000000087a00000, 0x0000000087a00000| Untracked 
|  53|0x0000000087b00000, 0x0000000087b00000, 0x0000000087c00000|  0%| F|  |TAMS 0x0000000087b00000, 0x0000000087b00000| Untracked 
|  54|0x0000000087c00000, 0x0000000087c00000, 0x0000000087d00000|  0%| F|  |TAMS 0x0000000087c00000, 0x0000000087c00000| Untracked 
|  55|0x0000000087d00000, 0x0000000087d00000, 0x0000000087e00000|  0%| F|  |TAMS 0x0000000087d00000, 0x0000000087d00000| Untracked 
|  56|0x0000000087e00000, 0x0000000087e00000, 0x0000000087f00000|  0%| F|  |TAMS 0x0000000087e00000, 0x0000000087e00000| Untracked 
|  57|0x0000000087f00000, 0x0000000087f00000, 0x0000000088000000|  0%| F|  |TAMS 0x0000000087f00000, 0x0000000087f00000| Untracked 
|  58|0x0000000088000000, 0x0000000088000000, 0x0000000088100000|  0%| F|  |TAMS 0x0000000088000000, 0x0000000088000000| Untracked 
|  59|0x0000000088100000, 0x0000000088100000, 0x0000000088200000|  0%| F|  |TAMS 0x0000000088100000, 0x0000000088100000| Untracked 
|  60|0x0000000088200000, 0x0000000088200000, 0x0000000088300000|  0%| F|  |TAMS 0x0000000088200000, 0x0000000088200000| Untracked 
|  61|0x0000000088300000, 0x0000000088300000, 0x0000000088400000|  0%| F|  |TAMS 0x0000000088300000, 0x0000000088300000| Untracked 
|  62|0x0000000088400000, 0x0000000088400000, 0x0000000088500000|  0%| F|  |TAMS 0x0000000088400000, 0x0000000088400000| Untracked 
|  63|0x0000000088500000, 0x0000000088500000, 0x0000000088600000|  0%| F|  |TAMS 0x0000000088500000, 0x0000000088500000| Untracked 
|  64|0x0000000088600000, 0x0000000088600000, 0x0000000088700000|  0%| F|  |TAMS 0x0000000088600000, 0x0000000088600000| Untracked 
|  65|0x0000000088700000, 0x0000000088700000, 0x0000000088800000|  0%| F|  |TAMS 0x0000000088700000, 0x0000000088700000| Untracked 
|  66|0x0000000088800000, 0x0000000088800000, 0x0000000088900000|  0%| F|  |TAMS 0x0000000088800000, 0x0000000088800000| Untracked 
|  67|0x0000000088900000, 0x0000000088900000, 0x0000000088a00000|  0%| F|  |TAMS 0x0000000088900000, 0x0000000088900000| Untracked 
|  68|0x0000000088a00000, 0x0000000088a00000, 0x0000000088b00000|  0%| F|  |TAMS 0x0000000088a00000, 0x0000000088a00000| Untracked 
|  69|0x0000000088b00000, 0x0000000088b00000, 0x0000000088c00000|  0%| F|  |TAMS 0x0000000088b00000, 0x0000000088b00000| Untracked 
|  70|0x0000000088c00000, 0x0000000088c00000, 0x0000000088d00000|  0%| F|  |TAMS 0x0000000088c00000, 0x0000000088c00000| Untracked 
|  71|0x0000000088d00000, 0x0000000088d00000, 0x0000000088e00000|  0%| F|  |TAMS 0x0000000088d00000, 0x0000000088d00000| Untracked 
|  72|0x0000000088e00000, 0x0000000088e00000, 0x0000000088f00000|  0%| F|  |TAMS 0x0000000088e00000, 0x0000000088e00000| Untracked 
|  73|0x0000000088f00000, 0x0000000088f00000, 0x0000000089000000|  0%| F|  |TAMS 0x0000000088f00000, 0x0000000088f00000| Untracked 
|  74|0x0000000089000000, 0x0000000089000000, 0x0000000089100000|  0%| F|  |TAMS 0x0000000089000000, 0x0000000089000000| Untracked 
|  75|0x0000000089100000, 0x0000000089100000, 0x0000000089200000|  0%| F|  |TAMS 0x0000000089100000, 0x0000000089100000| Untracked 
|  76|0x0000000089200000, 0x0000000089200000, 0x0000000089300000|  0%| F|  |TAMS 0x0000000089200000, 0x0000000089200000| Untracked 
|  77|0x0000000089300000, 0x0000000089300000, 0x0000000089400000|  0%| F|  |TAMS 0x0000000089300000, 0x0000000089300000| Untracked 
|  78|0x0000000089400000, 0x0000000089400000, 0x0000000089500000|  0%| F|  |TAMS 0x0000000089400000, 0x0000000089400000| Untracked 
|  79|0x0000000089500000, 0x0000000089500000, 0x0000000089600000|  0%| F|  |TAMS 0x0000000089500000, 0x0000000089500000| Untracked 
|  80|0x0000000089600000, 0x0000000089600000, 0x0000000089700000|  0%| F|  |TAMS 0x0000000089600000, 0x0000000089600000| Untracked 
|  81|0x0000000089700000, 0x0000000089700000, 0x0000000089800000|  0%| F|  |TAMS 0x0000000089700000, 0x0000000089700000| Untracked 
|  82|0x0000000089800000, 0x0000000089800000, 0x0000000089900000|  0%| F|  |TAMS 0x0000000089800000, 0x0000000089800000| Untracked 
|  83|0x0000000089900000, 0x0000000089900000, 0x0000000089a00000|  0%| F|  |TAMS 0x0000000089900000, 0x0000000089900000| Untracked 
|  84|0x0000000089a00000, 0x0000000089a00000, 0x0000000089b00000|  0%| F|  |TAMS 0x0000000089a00000, 0x0000000089a00000| Untracked 
|  85|0x0000000089b00000, 0x0000000089b00000, 0x0000000089c00000|  0%| F|  |TAMS 0x0000000089b00000, 0x0000000089b00000| Untracked 
|  86|0x0000000089c00000, 0x0000000089c00000, 0x0000000089d00000|  0%| F|  |TAMS 0x0000000089c00000, 0x0000000089c00000| Untracked 
|  87|0x0000000089d00000, 0x0000000089d00000, 0x0000000089e00000|  0%| F|  |TAMS 0x0000000089d00000, 0x0000000089d00000| Untracked 
|  88|0x0000000089e00000, 0x0000000089e00000, 0x0000000089f00000|  0%| F|  |TAMS 0x0000000089e00000, 0x0000000089e00000| Untracked 
|  89|0x0000000089f00000, 0x0000000089fe7c50, 0x000000008a000000| 90%| S|CS|TAMS 0x0000000089f00000, 0x0000000089f00000| Complete 
|  90|0x000000008a000000, 0x000000008a100000, 0x000000008a100000|100%| S|CS|TAMS 0x000000008a000000, 0x000000008a000000| Complete 
|  91|0x000000008a100000, 0x000000008a100000, 0x000000008a200000|  0%| F|  |TAMS 0x000000008a100000, 0x000000008a100000| Untracked 
|  92|0x000000008a200000, 0x000000008a200000, 0x000000008a300000|  0%| F|  |TAMS 0x000000008a200000, 0x000000008a200000| Untracked 
|  93|0x000000008a300000, 0x000000008a300000, 0x000000008a400000|  0%| F|  |TAMS 0x000000008a300000, 0x000000008a300000| Untracked 
|  94|0x000000008a400000, 0x000000008a400000, 0x000000008a500000|  0%| F|  |TAMS 0x000000008a400000, 0x000000008a400000| Untracked 
|  95|0x000000008a500000, 0x000000008a500000, 0x000000008a600000|  0%| F|  |TAMS 0x000000008a500000, 0x000000008a500000| Untracked 
|  96|0x000000008a600000, 0x000000008a600000, 0x000000008a700000|  0%| F|  |TAMS 0x000000008a600000, 0x000000008a600000| Untracked 
|  97|0x000000008a700000, 0x000000008a700000, 0x000000008a800000|  0%| F|  |TAMS 0x000000008a700000, 0x000000008a700000| Untracked 
|  98|0x000000008a800000, 0x000000008a800000, 0x000000008a900000|  0%| F|  |TAMS 0x000000008a800000, 0x000000008a800000| Untracked 
|  99|0x000000008a900000, 0x000000008a900000, 0x000000008aa00000|  0%| F|  |TAMS 0x000000008a900000, 0x000000008a900000| Untracked 
| 100|0x000000008aa00000, 0x000000008aa00000, 0x000000008ab00000|  0%| F|  |TAMS 0x000000008aa00000, 0x000000008aa00000| Untracked 
| 101|0x000000008ab00000, 0x000000008ab00000, 0x000000008ac00000|  0%| F|  |TAMS 0x000000008ab00000, 0x000000008ab00000| Untracked 
| 102|0x000000008ac00000, 0x000000008ac00000, 0x000000008ad00000|  0%| F|  |TAMS 0x000000008ac00000, 0x000000008ac00000| Untracked 
| 103|0x000000008ad00000, 0x000000008ad00000, 0x000000008ae00000|  0%| F|  |TAMS 0x000000008ad00000, 0x000000008ad00000| Untracked 
| 104|0x000000008ae00000, 0x000000008ae00000, 0x000000008af00000|  0%| F|  |TAMS 0x000000008ae00000, 0x000000008ae00000| Untracked 
| 105|0x000000008af00000, 0x000000008af00000, 0x000000008b000000|  0%| F|  |TAMS 0x000000008af00000, 0x000000008af00000| Untracked 
| 106|0x000000008b000000, 0x000000008b000000, 0x000000008b100000|  0%| F|  |TAMS 0x000000008b000000, 0x000000008b000000| Untracked 
| 107|0x000000008b100000, 0x000000008b100000, 0x000000008b200000|  0%| F|  |TAMS 0x000000008b100000, 0x000000008b100000| Untracked 
| 108|0x000000008b200000, 0x000000008b200000, 0x000000008b300000|  0%| F|  |TAMS 0x000000008b200000, 0x000000008b200000| Untracked 
| 109|0x000000008b300000, 0x000000008b300000, 0x000000008b400000|  0%| F|  |TAMS 0x000000008b300000, 0x000000008b300000| Untracked 
| 110|0x000000008b400000, 0x000000008b400000, 0x000000008b500000|  0%| F|  |TAMS 0x000000008b400000, 0x000000008b400000| Untracked 
| 111|0x000000008b500000, 0x000000008b500000, 0x000000008b600000|  0%| F|  |TAMS 0x000000008b500000, 0x000000008b500000| Untracked 
| 112|0x000000008b600000, 0x000000008b600000, 0x000000008b700000|  0%| F|  |TAMS 0x000000008b600000, 0x000000008b600000| Untracked 
| 113|0x000000008b700000, 0x000000008b700000, 0x000000008b800000|  0%| F|  |TAMS 0x000000008b700000, 0x000000008b700000| Untracked 
| 114|0x000000008b800000, 0x000000008b800000, 0x000000008b900000|  0%| F|  |TAMS 0x000000008b800000, 0x000000008b800000| Untracked 
| 115|0x000000008b900000, 0x000000008b900000, 0x000000008ba00000|  0%| F|  |TAMS 0x000000008b900000, 0x000000008b900000| Untracked 
| 116|0x000000008ba00000, 0x000000008ba00000, 0x000000008bb00000|  0%| F|  |TAMS 0x000000008ba00000, 0x000000008ba00000| Untracked 
| 117|0x000000008bb00000, 0x000000008bb00000, 0x000000008bc00000|  0%| F|  |TAMS 0x000000008bb00000, 0x000000008bb00000| Untracked 
| 118|0x000000008bc00000, 0x000000008bc00000, 0x000000008bd00000|  0%| F|  |TAMS 0x000000008bc00000, 0x000000008bc00000| Untracked 
| 119|0x000000008bd00000, 0x000000008be00000, 0x000000008be00000|100%| E|  |TAMS 0x000000008bd00000, 0x000000008bd00000| Complete 
| 120|0x000000008be00000, 0x000000008bf00000, 0x000000008bf00000|100%| E|CS|TAMS 0x000000008be00000, 0x000000008be00000| Complete 
| 121|0x000000008bf00000, 0x000000008c000000, 0x000000008c000000|100%| E|CS|TAMS 0x000000008bf00000, 0x000000008bf00000| Complete 
| 122|0x000000008c000000, 0x000000008c100000, 0x000000008c100000|100%| E|CS|TAMS 0x000000008c000000, 0x000000008c000000| Complete 
| 123|0x000000008c100000, 0x000000008c200000, 0x000000008c200000|100%| E|CS|TAMS 0x000000008c100000, 0x000000008c100000| Complete 

Card table byte_map: [0x0000013eb89a0000,0x0000013eb8d80000] _byte_map_base: 0x0000013eb857d000

Marking Bits (Prev, Next): (CMBitMap*) 0x0000013ea1a6d850, (CMBitMap*) 0x0000013ea1a6d890
 Prev Bits: [0x0000013eb9160000, 0x0000013ebb048000)
 Next Bits: [0x0000013ebb050000, 0x0000013ebcf38000)

Polling page: 0x0000013e9f930000

Metaspace:

Usage:
  Non-class:     10.64 MB used.
      Class:      1.74 MB used.
       Both:     12.39 MB used.

Virtual space:
  Non-class space:       16.00 MB reserved,      10.75 MB ( 67%) committed,  2 nodes.
      Class space:        1.00 GB reserved,       1.88 MB ( <1%) committed,  1 nodes.
             Both:        1.02 GB reserved,      12.62 MB (  1%) committed. 

Chunk freelists:
   Non-Class:  870.00 KB
       Class:  2.00 MB
        Both:  2.85 MB

MaxMetaspaceSize: unlimited
CompressedClassSpaceSize: 1.00 GB
Initial GC threshold: 21.00 MB
Current GC threshold: 21.00 MB
CDS: on
MetaspaceReclaimPolicy: balanced
 - commit_granule_bytes: 65536.
 - commit_granule_words: 8192.
 - virtual_space_node_default_size: 1048576.
 - enlarge_chunks_in_place: 1.
 - new_chunks_are_fully_committed: 0.
 - uncommit_free_chunks: 1.
 - use_allocation_guard: 0.
 - handle_deallocations: 1.


Internal statistics:

num_allocs_failed_limit: 0.
num_arena_births: 190.
num_arena_deaths: 0.
num_vsnodes_births: 3.
num_vsnodes_deaths: 0.
num_space_committed: 202.
num_space_uncommitted: 0.
num_chunks_returned_to_freelist: 0.
num_chunks_taken_from_freelist: 602.
num_chunk_merges: 0.
num_chunk_splits: 390.
num_chunks_enlarged: 288.
num_purges: 0.
num_inconsistent_stats: 0.

CodeHeap 'non-profiled nmethods': size=120000Kb used=595Kb max_used=595Kb free=119404Kb
 bounds [0x0000013eb0d50000, 0x0000013eb0fc0000, 0x0000013eb8280000]
CodeHeap 'profiled nmethods': size=120000Kb used=3072Kb max_used=3072Kb free=116928Kb
 bounds [0x0000013ea9280000, 0x0000013ea9580000, 0x0000013eb07b0000]
CodeHeap 'non-nmethods': size=5760Kb used=1174Kb max_used=1204Kb free=4585Kb
 bounds [0x0000013eb07b0000, 0x0000013eb0a20000, 0x0000013eb0d50000]
 total_blobs=2033 nmethods=1561 adapters=385
 compilation: enabled
              stopped_count=0, restarted_count=0
 full_count=0

Compilation events (20 events):
Event: 1.301 Thread 0x0000013ebf966c80 1489       3       java.lang.reflect.Method::getParameterTypes (11 bytes)
Event: 1.301 Thread 0x0000013ebf966c80 nmethod 1489 0x0000013ea9553710 code [0x0000013ea95538c0, 0x0000013ea9553b88]
Event: 1.306 Thread 0x0000013ebf966c80 1490       3       java.util.concurrent.atomic.AtomicInteger::<init> (5 bytes)
Event: 1.306 Thread 0x0000013ebf966c80 nmethod 1490 0x0000013ea9553c90 code [0x0000013ea9553e40, 0x0000013ea9553ff8]
Event: 1.306 Thread 0x0000013ebf966c80 1491       3       java.util.concurrent.locks.AbstractQueuedSynchronizer::<init> (5 bytes)
Event: 1.306 Thread 0x0000013ebf966c80 nmethod 1491 0x0000013ea9554110 code [0x0000013ea95542c0, 0x0000013ea9554478]
Event: 1.307 Thread 0x0000013ebf966c80 1492       3       jdk.internal.org.objectweb.asm.MethodWriter::visitTryCatchBlock (67 bytes)
Event: 1.307 Thread 0x0000013ebf966c80 nmethod 1492 0x0000013ea9554590 code [0x0000013ea9554780, 0x0000013ea9554e28]
Event: 1.307 Thread 0x0000013ebf966c80 1493       3       jdk.internal.org.objectweb.asm.Handler::<init> (32 bytes)
Event: 1.307 Thread 0x0000013ebf966c80 nmethod 1493 0x0000013ea9555090 code [0x0000013ea9555240, 0x0000013ea9555518]
Event: 1.307 Thread 0x0000013ebf966c80 1494       3       java.util.LinkedHashMap::values (25 bytes)
Event: 1.307 Thread 0x0000013ebf966c80 nmethod 1494 0x0000013ea9555610 code [0x0000013ea95557c0, 0x0000013ea9555b38]
Event: 1.308 Thread 0x0000013ebf966c80 1495       3       java.lang.Class::getInterfaces (6 bytes)
Event: 1.308 Thread 0x0000013ebf966c80 nmethod 1495 0x0000013ea9555c90 code [0x0000013ea9555e20, 0x0000013ea9555f68]
Event: 1.316 Thread 0x0000013ebf966c80 1497       3       java.lang.invoke.MethodHandle::asType (28 bytes)
Event: 1.317 Thread 0x0000013ebf966c80 nmethod 1497 0x0000013ea9556010 code [0x0000013ea95561e0, 0x0000013ea9556568]
Event: 1.317 Thread 0x0000013ebf966c80 1498       3       org.springframework.util.Assert::notNull (14 bytes)
Event: 1.317 Thread 0x0000013ebf966c80 nmethod 1498 0x0000013ea9556690 code [0x0000013ea9556840, 0x0000013ea9556a28]
Event: 1.317 Thread 0x0000013ebf966c80 1499       3       java.util.concurrent.ConcurrentHashMap::containsKey (14 bytes)
Event: 1.317 Thread 0x0000013ebf966c80 nmethod 1499 0x0000013ea9556b10 code [0x0000013ea9556cc0, 0x0000013ea9556e68]

GC Heap History (2 events):
Event: 0.790 GC heap before
{Heap before GC invocations=0 (full 0):
 garbage-first heap   total 126976K, used 22528K [0x0000000084600000, 0x0000000100000000)
  region size 1024K, 23 young (23552K), 0 survivors (0K)
 Metaspace       used 4721K, committed 4928K, reserved 1056768K
  class space    used 631K, committed 768K, reserved 1048576K
}
Event: 0.794 GC heap after
{Heap after GC invocations=1 (full 0):
 garbage-first heap   total 126976K, used 4208K [0x0000000084600000, 0x0000000100000000)
  region size 1024K, 3 young (3072K), 3 survivors (3072K)
 Metaspace       used 4721K, committed 4928K, reserved 1056768K
  class space    used 631K, committed 768K, reserved 1048576K
}

Deoptimization events (20 events):
Event: 1.226 Thread 0x0000013ea1a12980 Uncommon trap: trap_request=0xffffffbe fr.pc=0x0000013eb0dd834c relative=0x0000000000002bac
Event: 1.226 Thread 0x0000013ea1a12980 Uncommon trap: reason=profile_predicate action=maybe_recompile pc=0x0000013eb0dd834c method=java.io.WinNTFileSystem.normalize(Ljava/lang/String;)Ljava/lang/String; @ 25 c2
Event: 1.227 Thread 0x0000013ea1a12980 DEOPT PACKING pc=0x0000013eb0dd834c sp=0x0000000fd56f85c0
Event: 1.227 Thread 0x0000013ea1a12980 DEOPT UNPACKING pc=0x0000013eb08023a3 sp=0x0000000fd56f8448 mode 2
Event: 1.227 Thread 0x0000013ea1a12980 Uncommon trap: trap_request=0xffffffbe fr.pc=0x0000013eb0dd834c relative=0x0000000000002bac
Event: 1.227 Thread 0x0000013ea1a12980 Uncommon trap: reason=profile_predicate action=maybe_recompile pc=0x0000013eb0dd834c method=java.io.WinNTFileSystem.normalize(Ljava/lang/String;)Ljava/lang/String; @ 25 c2
Event: 1.227 Thread 0x0000013ea1a12980 DEOPT PACKING pc=0x0000013eb0dd834c sp=0x0000000fd56f85c0
Event: 1.227 Thread 0x0000013ea1a12980 DEOPT UNPACKING pc=0x0000013eb08023a3 sp=0x0000000fd56f8448 mode 2
Event: 1.227 Thread 0x0000013ea1a12980 Uncommon trap: trap_request=0xffffffbe fr.pc=0x0000013eb0dd834c relative=0x0000000000002bac
Event: 1.227 Thread 0x0000013ea1a12980 Uncommon trap: reason=profile_predicate action=maybe_recompile pc=0x0000013eb0dd834c method=java.io.WinNTFileSystem.normalize(Ljava/lang/String;)Ljava/lang/String; @ 25 c2
Event: 1.227 Thread 0x0000013ea1a12980 DEOPT PACKING pc=0x0000013eb0dd834c sp=0x0000000fd56f85c0
Event: 1.227 Thread 0x0000013ea1a12980 DEOPT UNPACKING pc=0x0000013eb08023a3 sp=0x0000000fd56f8448 mode 2
Event: 1.228 Thread 0x0000013ea1a12980 Uncommon trap: trap_request=0xffffffbe fr.pc=0x0000013eb0dd834c relative=0x0000000000002bac
Event: 1.228 Thread 0x0000013ea1a12980 Uncommon trap: reason=profile_predicate action=maybe_recompile pc=0x0000013eb0dd834c method=java.io.WinNTFileSystem.normalize(Ljava/lang/String;)Ljava/lang/String; @ 25 c2
Event: 1.228 Thread 0x0000013ea1a12980 DEOPT PACKING pc=0x0000013eb0dd834c sp=0x0000000fd56f85c0
Event: 1.228 Thread 0x0000013ea1a12980 DEOPT UNPACKING pc=0x0000013eb08023a3 sp=0x0000000fd56f8448 mode 2
Event: 1.243 Thread 0x0000013ea1a12980 Uncommon trap: trap_request=0xffffff45 fr.pc=0x0000013eb0dd0b1c relative=0x000000000000107c
Event: 1.243 Thread 0x0000013ea1a12980 Uncommon trap: reason=unstable_if action=reinterpret pc=0x0000013eb0dd0b1c method=java.util.concurrent.ConcurrentHashMap.putVal(Ljava/lang/Object;Ljava/lang/Object;Z)Ljava/lang/Object; @ 231 c2
Event: 1.243 Thread 0x0000013ea1a12980 DEOPT PACKING pc=0x0000013eb0dd0b1c sp=0x0000000fd56fc400
Event: 1.243 Thread 0x0000013ea1a12980 DEOPT UNPACKING pc=0x0000013eb08023a3 sp=0x0000000fd56fc370 mode 2

Classes unloaded (0 events):
No events

Classes redefined (0 events):
No events

Internal exceptions (20 events):
Event: 0.658 Thread 0x0000013ea1a12980 Exception <a 'java/lang/IncompatibleClassChangeError'{0x000000008b18cbe0}: Found class java.lang.Object, but interface was expected> (0x000000008b18cbe0) 
thrown [s\open\src\hotspot\share\interpreter\linkResolver.cpp, line 826]
Event: 0.661 Thread 0x0000013ea1a12980 Exception <a 'java/lang/NoSuchMethodError'{0x000000008b1b8520}: 'void java.lang.invoke.DirectMethodHandle$Holder.invokeStatic(java.lang.Object, java.lang.Object, java.lang.Object, java.lang.Object)'> (0x000000008b1b8520) 
thrown [s\open\src\hotspot\share\interpreter\linkResolver.cpp, line 759]
Event: 0.678 Thread 0x0000013ea1a12980 Exception <a 'java/lang/NoSuchMethodError'{0x000000008b05ee00}: 'java.lang.Object java.lang.invoke.Invokers$Holder.invokeExact_MT(java.lang.Object, java.lang.Object, java.lang.Object, java.lang.Object, java.lang.Object, java.lang.Object)'> (0x000000008b05ee00) 
thrown [s\open\src\hotspot\share\interpreter\linkResolver.cpp, line 759]
Event: 0.679 Thread 0x0000013ea1a12980 Exception <a 'java/lang/NoSuchMethodError'{0x000000008b06e960}: 'int java.lang.invoke.DirectMethodHandle$Holder.invokeStatic(java.lang.Object, java.lang.Object, java.lang.Object, java.lang.Object, java.lang.Object)'> (0x000000008b06e960) 
thrown [s\open\src\hotspot\share\interpreter\linkResolver.cpp, line 759]
Event: 0.691 Thread 0x0000013ea1a12980 Exception <a 'java/lang/NoSuchMethodError'{0x000000008b0ce950}: 'void java.lang.invoke.DirectMethodHandle$Holder.invokeStaticInit(java.lang.Object)'> (0x000000008b0ce950) 
thrown [s\open\src\hotspot\share\interpreter\linkResolver.cpp, line 759]
Event: 0.710 Thread 0x0000013ea1a12980 Exception <a 'java/lang/NoSuchMethodError'{0x000000008afbf330}: 'void java.lang.invoke.DirectMethodHandle$Holder.invokeStaticInit(java.lang.Object, java.lang.Object, java.lang.Object, java.lang.Object)'> (0x000000008afbf330) 
thrown [s\open\src\hotspot\share\interpreter\linkResolver.cpp, line 759]
Event: 0.719 Thread 0x0000013ea1a12980 Exception <a 'java/lang/NoSuchMethodError'{0x000000008ae37d80}: 'int java.lang.invoke.DirectMethodHandle$Holder.invokeStaticInit(java.lang.Object, java.lang.Object)'> (0x000000008ae37d80) 
thrown [s\open\src\hotspot\share\interpreter\linkResolver.cpp, line 759]
Event: 0.748 Thread 0x0000013ea1a12980 Exception <a 'java/lang/NoSuchMethodError'{0x000000008adb4fb0}: 'java.lang.Object java.lang.invoke.DirectMethodHandle$Holder.newInvokeSpecial(java.lang.Object, java.lang.Object, java.lang.Object, java.lang.Object, java.lang.Object, java.lang.Object, java.lang.Object)'> (0x000000008adb4fb0) 
thrown [s\open\src\hotspot\share\interpreter\linkResolver.cpp, line 759]
Event: 0.748 Thread 0x0000013ea1a12980 Exception <a 'java/lang/NoSuchMethodError'{0x000000008adb9b68}: 'java.lang.Object java.lang.invoke.Invokers$Holder.linkToTargetMethod(java.lang.Object, java.lang.Object, java.lang.Object, java.lang.Object, java.lang.Object, java.lang.Object, java.lang.Object)'> (0x000000008adb9b68) 
thrown [s\open\src\hotspot\share\interpreter\linkResolver.cpp, line 759]
Event: 0.750 Thread 0x0000013ea1a12980 Exception <a 'java/lang/NoSuchMethodError'{0x000000008adcfc48}: 'java.lang.Object java.lang.invoke.DirectMethodHandle$Holder.invokeInterface(java.lang.Object, java.lang.Object, java.lang.Object, java.lang.Object, java.lang.Object)'> (0x000000008adcfc48) 
thrown [s\open\src\hotspot\share\interpreter\linkResolver.cpp, line 759]
Event: 0.750 Thread 0x0000013ea1a12980 Exception <a 'java/lang/IncompatibleClassChangeError'{0x000000008add3a40}: Found class java.lang.Object, but interface was expected> (0x000000008add3a40) 
thrown [s\open\src\hotspot\share\interpreter\linkResolver.cpp, line 826]
Event: 0.833 Thread 0x0000013ea1a12980 Exception <a 'java/lang/ClassNotFoundException'{0x000000008bf07e68}: javax/smartcardio/CardPermission> (0x000000008bf07e68) 
thrown [s\open\src\hotspot\share\classfile\systemDictionary.cpp, line 256]
Event: 0.837 Thread 0x0000013ea1a12980 Exception <a 'java/io/FileNotFoundException'{0x000000008bf16e40}> (0x000000008bf16e40) 
thrown [s\open\src\hotspot\share\prims\jni.cpp, line 516]
Event: 0.852 Thread 0x0000013ea1a12980 Exception <a 'java/lang/NoSuchMethodError'{0x000000008bfb0db0}: 'java.lang.Object java.lang.invoke.DirectMethodHandle$Holder.invokeSpecial(java.lang.Object, java.lang.Object, java.lang.Object, long, java.lang.Object)'> (0x000000008bfb0db0) 
thrown [s\open\src\hotspot\share\interpreter\linkResolver.cpp, line 759]
Event: 0.852 Thread 0x0000013ea1a12980 Exception <a 'java/lang/NoSuchMethodError'{0x000000008bfb4ed0}: 'java.lang.Object java.lang.invoke.Invokers$Holder.linkToTargetMethod(java.lang.Object, long, java.lang.Object, java.lang.Object)'> (0x000000008bfb4ed0) 
thrown [s\open\src\hotspot\share\interpreter\linkResolver.cpp, line 759]
Event: 0.957 Thread 0x0000013ea1a12980 Exception <a 'java/lang/NoSuchMethodError'{0x000000008bcde9d8}: 'void java.lang.invoke.DirectMethodHandle$Holder.invokeSpecialIFC(java.lang.Object, java.lang.Object, java.lang.Object, java.lang.Object, java.lang.Object)'> (0x000000008bcde9d8) 
thrown [s\open\src\hotspot\share\interpreter\linkResolver.cpp, line 759]
Event: 1.014 Thread 0x0000013ea1a12980 Exception <a 'java/lang/NoSuchMethodError'{0x000000008b9fbe30}: 'int java.lang.invoke.DirectMethodHandle$Holder.invokeVirtual(java.lang.Object, java.lang.Object, java.lang.Object, java.lang.Object)'> (0x000000008b9fbe30) 
thrown [s\open\src\hotspot\share\interpreter\linkResolver.cpp, line 759]
Event: 1.182 Thread 0x0000013ea1a12980 Exception <a 'java/lang/NoSuchMethodError'{0x000000008ae23380}: 'int java.lang.invoke.DirectMethodHandle$Holder.invokeStaticInit(java.lang.Object, java.lang.Object, java.lang.Object)'> (0x000000008ae23380) 
thrown [s\open\src\hotspot\share\interpreter\linkResolver.cpp, line 759]
Event: 1.214 Thread 0x0000013ea1a12980 Exception <a 'java/lang/NoSuchMethodError'{0x000000008ade0828}: 'int java.lang.invoke.DirectMethodHandle$Holder.invokeInterface(java.lang.Object, java.lang.Object)'> (0x000000008ade0828) 
thrown [s\open\src\hotspot\share\interpreter\linkResolver.cpp, line 759]
Event: 1.235 Thread 0x0000013ea1a12980 Exception <a 'java/lang/NoSuchMethodError'{0x000000008acdf9e8}: 'int java.lang.invoke.DirectMethodHandle$Holder.invokeSpecial(java.lang.Object, java.lang.Object, java.lang.Object, java.lang.Object)'> (0x000000008acdf9e8) 
thrown [s\open\src\hotspot\share\interpreter\linkResolver.cpp, line 759]

VM Operations (20 events):
Event: 0.424 Executing VM operation: HandshakeAllThreads
Event: 0.424 Executing VM operation: HandshakeAllThreads done
Event: 0.627 Executing VM operation: HandshakeAllThreads
Event: 0.627 Executing VM operation: HandshakeAllThreads done
Event: 0.753 Executing VM operation: HandshakeAllThreads
Event: 0.753 Executing VM operation: HandshakeAllThreads done
Event: 0.764 Executing VM operation: HandshakeAllThreads
Event: 0.764 Executing VM operation: HandshakeAllThreads done
Event: 0.790 Executing VM operation: G1CollectForAllocation
Event: 0.794 Executing VM operation: G1CollectForAllocation done
Event: 1.025 Executing VM operation: HandshakeAllThreads
Event: 1.025 Executing VM operation: HandshakeAllThreads done
Event: 1.060 Executing VM operation: HandshakeAllThreads
Event: 1.060 Executing VM operation: HandshakeAllThreads done
Event: 1.066 Executing VM operation: HandshakeAllThreads
Event: 1.066 Executing VM operation: HandshakeAllThreads done
Event: 1.144 Executing VM operation: HandshakeAllThreads
Event: 1.144 Executing VM operation: HandshakeAllThreads done
Event: 1.279 Executing VM operation: HandshakeAllThreads
Event: 1.279 Executing VM operation: HandshakeAllThreads done

Events (20 events):
Event: 1.223 loading class java/time/chrono/ChronoZonedDateTime done
Event: 1.223 loading class java/time/ZonedDateTime done
Event: 1.223 loading class java/time/ZonedDateTime$1
Event: 1.223 loading class java/time/ZonedDateTime$1 done
Event: 1.230 loading class java/beans/PropertyEditor
Event: 1.231 loading class java/beans/PropertyEditor done
Event: 1.239 loading class java/lang/TypeNotPresentException
Event: 1.239 loading class java/lang/TypeNotPresentException done
Event: 1.247 loading class java/lang/Byte$ByteCache
Event: 1.247 loading class java/lang/Byte$ByteCache done
Event: 1.247 loading class java/lang/Short$ShortCache
Event: 1.247 loading class java/lang/Short$ShortCache done
Event: 1.260 loading class java/beans/PropertyEditorSupport
Event: 1.260 loading class java/beans/PropertyEditorSupport done
Event: 1.268 loading class java/util/EventListener
Event: 1.268 loading class java/util/EventListener done
Event: 1.292 loading class java/util/Collections$ReverseComparator
Event: 1.293 loading class java/util/Collections$ReverseComparator done
Event: 1.293 loading class java/util/Collections$ReverseComparator2
Event: 1.293 loading class java/util/Collections$ReverseComparator2 done


Dynamic libraries:
0x00007ff62b1e0000 - 0x00007ff62b1f0000 	C:\Program Files\Java\jdk-17\bin\java.exe
0x00007ffa6bef0000 - 0x00007ffa6c107000 	C:\windows\SYSTEM32\ntdll.dll
0x00007ffa6aab0000 - 0x00007ffa6ab74000 	C:\windows\System32\KERNEL32.DLL
0x00007ffa69250000 - 0x00007ffa695fd000 	C:\windows\System32\KERNELBASE.dll
0x00007ffa69aa0000 - 0x00007ffa69bb1000 	C:\windows\System32\ucrtbase.dll
0x00007ffa30fe0000 - 0x00007ffa30ffb000 	C:\Program Files\Java\jdk-17\bin\VCRUNTIME140.dll
0x00007ffa3c1b0000 - 0x00007ffa3c1c9000 	C:\Program Files\Java\jdk-17\bin\jli.dll
0x00007ffa6b920000 - 0x00007ffa6b9d2000 	C:\windows\System32\ADVAPI32.dll
0x00007ffa6a930000 - 0x00007ffa6a9d7000 	C:\windows\System32\msvcrt.dll
0x00007ffa6afb0000 - 0x00007ffa6b059000 	C:\windows\System32\sechost.dll
0x00007ffa69220000 - 0x00007ffa69248000 	C:\windows\System32\bcrypt.dll
0x00007ffa6b060000 - 0x00007ffa6b174000 	C:\windows\System32\RPCRT4.dll
0x00007ffa6b770000 - 0x00007ffa6b91e000 	C:\windows\System32\USER32.dll
0x00007ffa69760000 - 0x00007ffa69786000 	C:\windows\System32\win32u.dll
0x00007ffa6aa80000 - 0x00007ffa6aaa9000 	C:\windows\System32\GDI32.dll
0x00007ffa69790000 - 0x00007ffa698a9000 	C:\windows\System32\gdi32full.dll
0x00007ffa696c0000 - 0x00007ffa6975a000 	C:\windows\System32\msvcp_win.dll
0x00007ffa5fb90000 - 0x00007ffa5fb9a000 	C:\windows\SYSTEM32\VERSION.dll
0x00007ffa3d4b0000 - 0x00007ffa3d743000 	C:\windows\WinSxS\amd64_microsoft.windows.common-controls_6595b64144ccf1df_6.0.22621.3672_none_2713b9d173822955\COMCTL32.dll
0x00007ffa6a9e0000 - 0x00007ffa6aa11000 	C:\windows\System32\IMM32.DLL
0x00007ffa3eaa0000 - 0x00007ffa3eaac000 	C:\Program Files\Java\jdk-17\bin\vcruntime140_1.dll
0x00007ffa2f3f0000 - 0x00007ffa2f47e000 	C:\Program Files\Java\jdk-17\bin\msvcp140.dll
0x00007ff9f0880000 - 0x00007ff9f145d000 	C:\Program Files\Java\jdk-17\bin\server\jvm.dll
0x00007ffa6a8c0000 - 0x00007ffa6a8c8000 	C:\windows\System32\PSAPI.DLL
0x00007ffa5a580000 - 0x00007ffa5a589000 	C:\windows\SYSTEM32\WSOCK32.dll
0x00007ffa6af30000 - 0x00007ffa6afa1000 	C:\windows\System32\WS2_32.dll
0x00007ffa595f0000 - 0x00007ffa59624000 	C:\windows\SYSTEM32\WINMM.dll
0x00007ffa68300000 - 0x00007ffa68318000 	C:\windows\SYSTEM32\kernel.appcore.dll
0x00007ffa3b740000 - 0x00007ffa3b74a000 	C:\Program Files\Java\jdk-17\bin\jimage.dll
0x00007ffa5e480000 - 0x00007ffa5e6b2000 	C:\windows\SYSTEM32\DBGHELP.DLL
0x00007ffa6ab80000 - 0x00007ffa6af08000 	C:\windows\System32\combase.dll
0x00007ffa6bdd0000 - 0x00007ffa6bea7000 	C:\windows\System32\OLEAUT32.dll
0x00007ffa5e360000 - 0x00007ffa5e392000 	C:\windows\SYSTEM32\dbgcore.DLL
0x00007ffa698b0000 - 0x00007ffa6992b000 	C:\windows\System32\bcryptPrimitives.dll
0x00007ffa2fb00000 - 0x00007ffa2fb25000 	C:\Program Files\Java\jdk-17\bin\java.dll
0x00007ffa2f310000 - 0x00007ffa2f3e7000 	C:\Program Files\Java\jdk-17\bin\jsvml.dll
0x00007ffa69ea0000 - 0x00007ffa6a6ff000 	C:\windows\System32\SHELL32.dll
0x00007ffa67130000 - 0x00007ffa67a2c000 	C:\windows\SYSTEM32\windows.storage.dll
0x00007ffa66ff0000 - 0x00007ffa6712f000 	C:\windows\SYSTEM32\wintypes.dll
0x00007ffa6b190000 - 0x00007ffa6b284000 	C:\windows\System32\SHCORE.dll
0x00007ffa6b290000 - 0x00007ffa6b2ee000 	C:\windows\System32\shlwapi.dll
0x00007ffa69150000 - 0x00007ffa69171000 	C:\windows\SYSTEM32\profapi.dll
0x00007ffa2ffa0000 - 0x00007ffa2ffb9000 	C:\Program Files\Java\jdk-17\bin\net.dll
0x00007ffa647c0000 - 0x00007ffa648f6000 	C:\windows\SYSTEM32\WINHTTP.dll
0x00007ffa68760000 - 0x00007ffa687c9000 	C:\windows\system32\mswsock.dll
0x00007ffa2f990000 - 0x00007ffa2f9a6000 	C:\Program Files\Java\jdk-17\bin\nio.dll
0x00007ffa2f970000 - 0x00007ffa2f988000 	C:\Program Files\Java\jdk-17\bin\zip.dll
0x00007ffa67d00000 - 0x00007ffa67d2d000 	C:\windows\SYSTEM32\IPHLPAPI.DLL
0x00007ffa6b180000 - 0x00007ffa6b189000 	C:\windows\System32\NSI.dll
0x00007ffa649d0000 - 0x00007ffa649e9000 	C:\windows\SYSTEM32\dhcpcsvc6.DLL
0x00007ffa649b0000 - 0x00007ffa649cf000 	C:\windows\SYSTEM32\dhcpcsvc.DLL
0x00007ffa67d70000 - 0x00007ffa67e68000 	C:\windows\SYSTEM32\DNSAPI.dll

dbghelp: loaded successfully - version: 4.0.5 - missing functions: none
symbol engine: initialized successfully - sym options: 0x614 - pdb path: .;C:\Program Files\Java\jdk-17\bin;C:\windows\SYSTEM32;C:\windows\WinSxS\amd64_microsoft.windows.common-controls_6595b64144ccf1df_6.0.22621.3672_none_2713b9d173822955;C:\Program Files\Java\jdk-17\bin\server

VM Arguments:
jvm_args: -ea -Dstdout.encoding=UTF-8 -Dstderr.encoding=UTF-8 -XX:+ShowCodeDetailsInExceptionMessages -Dfile.encoding=UTF-8 
java_command: org.eclipse.jdt.internal.junit.runner.RemoteTestRunner -version 3 -port 51311 -testLoaderClass org.eclipse.jdt.internal.junit5.runner.JUnit5TestLoader -loaderpluginname org.eclipse.jdt.junit5.runtime -test hello.core.scope.SingletonWithPrototypeTest1:prototypeFind
java_class_path (initial): c:\Users\gjw2\Desktop\스프링_강의자료\스프링 핵심원리 - 기본편\core\build\resources\test;c:\Users\gjw2\Desktop\스프링_강의자료\스프링 핵심원리 - 기본편\core\build\classes\java\test;c:\Users\gjw2\Desktop\스프링_강의자료\스프링 핵심원리 - 기본편\core\build\resources\main;c:\Users\gjw2\Desktop\스프링_강의자료\스프링 핵심원리 - 기본편\core\build\classes\java\main;c:\Users\gjw2\Desktop\스프링_강의자료\스프링 핵심원리 - 기본편\core\bin;c:\Users\gjw2\.gradle\caches\modules-2\files-2.1\org.springframework\spring-jcl\6.1.10\c22c18cf6ed7d768676816347f020a6868663224\spring-jcl-6.1.10.jar;c:\Users\gjw2\.gradle\caches\modules-2\files-2.1\org.slf4j\slf4j-api\2.0.13\80229737f704b121a318bba5d5deacbcf395bc77\slf4j-api-2.0.13.jar;c:\Users\gjw2\.gradle\caches\modules-2\files-2.1\org.springframework.boot\spring-boot-starter\3.3.1\30e0ac13cfa51c77db60909ea28572a1e973f186\spring-boot-starter-3.3.1.jar;c:\Users\gjw2\.gradle\caches\modules-2\files-2.1\jakarta.annotation\jakarta.annotation-api\2.1.1\48b9bda22b091b1f48b13af03fe36db3be6e1ae3\jakarta.annotation-api-2.1.1.jar;c:\Users\gjw2\.gradle\caches\modules-2\files-2.1\io.micrometer\micrometer-observation\1.13.1\f6f5fa79e482431531cc253a7204e5c085c7bb20\micrometer-observation-1.13.1.jar;c:\Users\gjw2\.gradle\caches\modules-2\files-2.1\org.springframework\spring-context\6.1.10\6f869ea35a26028f3bfbfb52c72ef2b077fbb6e5\spring-context-6.1.10.jar;c:\Users\gjw2\.gradle\caches\modules-2\files-2.1\org.apache.logging.log4j\log4j-to-slf4j\2.23.1\425ad1eb8a39904d2830e907a324e956fb456520\log4j-to-slf4j-2.23.1.jar;c:\Users\gjw2\.gradle\caches\modules-2\files-2.1\org.springframework\spring-core\6.1.10\eaf5b1f3e3bb5aa8b45ab255cf3270c1c4578f1d\spring-core-6.1.10.jar;c:\Users\gjw2\.gradle\caches\modules-2\files-2.1\org.slf4j\jul-to-slf4j\2.0.13\a3bcd9d9dd50c71ce69f06b1fd05e40fdeff6ba5\jul-to-slf4j-2.0.13.jar;c:\Users\gjw2\.gradle\caches\modules-2\files-2.1\org.springframework.boot\spring-boot-autoconfigure\3.3.1\36a6489e3ba5e341
Launcher Type: SUN_STANDARD

[Global flags]
     intx CICompilerCount                          = 4                                         {product} {ergonomic}
     uint ConcGCThreads                            = 2                                         {product} {ergonomic}
     uint G1ConcRefinementThreads                  = 8                                         {product} {ergonomic}
   size_t G1HeapRegionSize                         = 1048576                                   {product} {ergonomic}
    uintx GCDrainStackTargetSize                   = 64                                        {product} {ergonomic}
   size_t InitialHeapSize                          = 130023424                                 {product} {ergonomic}
   size_t MarkStackSize                            = 4194304                                   {product} {ergonomic}
   size_t MaxHeapSize                              = 2074083328                                {product} {ergonomic}
   size_t MaxNewSize                               = 1243611136                                {product} {ergonomic}
   size_t MinHeapDeltaBytes                        = 1048576                                   {product} {ergonomic}
   size_t MinHeapSize                              = 8388608                                   {product} {ergonomic}
    uintx NonNMethodCodeHeapSize                   = 5839372                                {pd product} {ergonomic}
    uintx NonProfiledCodeHeapSize                  = 122909434                              {pd product} {ergonomic}
    uintx ProfiledCodeHeapSize                     = 122909434                              {pd product} {ergonomic}
    uintx ReservedCodeCacheSize                    = 251658240                              {pd product} {ergonomic}
     bool SegmentedCodeCache                       = true                                      {product} {ergonomic}
     bool ShowCodeDetailsInExceptionMessages       = true                                   {manageable} {command line}
   size_t SoftMaxHeapSize                          = 2074083328                             {manageable} {ergonomic}
     bool UseCompressedClassPointers               = true                           {product lp64_product} {ergonomic}
     bool UseCompressedOops                        = true                           {product lp64_product} {ergonomic}
     bool UseG1GC                                  = true                                      {product} {ergonomic}
     bool UseLargePagesIndividualAllocation        = false                                  {pd product} {ergonomic}

Logging:
Log output configuration:
 #0: stdout all=warning uptime,level,tags
 #1: stderr all=off uptime,level,tags

Environment Variables:
JAVA_HOME=C:\Program Files\Java\jdk-17
PATH=C:\Program Files\Common Files\Oracle\Java\javapath;C:\Program Files (x86)\VMware\VMware Workstation\bin\;C:\Program Files (x86)\Common Files\Oracle\Java\javapath;C:\windows\system32;C:\windows;C:\windows\System32\Wbem;C:\windows\System32\WindowsPowerShell\v1.0\;C:\windows\System32\OpenSSH\;C:\Program Files (x86)\NVIDIA Corporation\PhysX\Common;C:\Program Files\NVIDIA Corporation\NVIDIA NvDLISR;C:\Program Files\TortoiseSVN\bin;C:\Program Files\nodejs\;C:\Program Files\Git\cmd;C:\Program Files (x86)\Microsoft SQL Server\Client SDK\ODBC\130\Tools\Binn\;C:\Program Files (x86)\Microsoft SQL Server\140\Tools\Binn\;C:\Program Files (x86)\Microsoft SQL Server\140\DTS\Binn\;C:\Program Files (x86)\Microsoft SQL Server\140\Tools\Binn\ManagementStudio\;C:\Program Files\Java\jdk1.8.0_192\bin;C:\Program Files\MySQL\MySQL Server 8.0\bin;%PATH;C:\Users\gjw2\AppData\Roaming\npm;C:\Users\gjw2\AppData\Local\Programs\Microsoft VS Code\bin;C:\Program Files\IntelliJ IDEA Community Edition 2024.1\bin;
USERNAME=user
OS=Windows_NT
PROCESSOR_IDENTIFIER=Intel64 Family 6 Model 151 Stepping 5, GenuineIntel



---------------  S Y S T E M  ---------------

OS:
 Windows 11 , 64 bit Build 22621 (10.0.22621.3672)
OS uptime: 12 days 15:49 hours
Hyper-V role detected

CPU: total 8 (initial active 8) (4 cores per cpu, 2 threads per core) family 6 model 151 stepping 5 microcode 0x1e, cx8, cmov, fxsr, ht, mmx, 3dnowpref, sse, sse2, sse3, ssse3, sse4.1, sse4.2, popcnt, lzcnt, tsc, tscinvbit, avx, avx2, aes, erms, clmul, bmi1, bmi2, adx, sha, fma, vzeroupper, clflush, clflushopt, clwb, hv

Memory: 4k page, system-wide physical 7907M (425M free)
TotalPageFile size 32483M (AvailPageFile size 0M)
current process WorkingSet (physical memory assigned to process): 120M, peak: 120M
current process commit charge ("private bytes"): 251M, peak: 251M

vm_info: Java HotSpot(TM) 64-Bit Server VM (17.0.7+8-LTS-224) for windows-amd64 JRE (17.0.7+8-LTS-224), built on Feb 28 2023 23:03:02 by "mach5one" with MS VC++ 17.1 (VS2022)

END.
