#
# There is insufficient memory for the Java Runtime Environment to continue.
# Native memory allocation (malloc) failed to allocate 1186576 bytes. Error detail: Chunk::new
# Possible reasons:
#   The system is out of physical RAM or swap space
#   This process is running with CompressedOops enabled, and the Java Heap may be blocking the growth of the native heap
# Possible solutions:
#   Reduce memory load on the system
#   Increase physical memory or swap space
#   Check if swap backing store is full
#   Decrease Java heap size (-Xmx/-Xms)
#   Decrease number of Java threads
#   Decrease Java thread stack sizes (-Xss)
#   Set larger code cache with -XX:ReservedCodeCacheSize=
#   JVM is running with Unscaled Compressed Oops mode in which the Java heap is
#     placed in the first 4GB address space. The Java Heap base address is the
#     maximum limit for the native heap growth. Please use -XX:HeapBaseMinAddress
#     to set the Java Heap base and to place the Java Heap above 4GB virtual address.
# This output file may be truncated or incomplete.
#
#  Out of Memory Error (arena.cpp:168), pid=22012, tid=27144
#
# JRE version: OpenJDK Runtime Environment Temurin-21.0.4+7 (21.0.4+7) (build 21.0.4+7-LTS)
# Java VM: OpenJDK 64-Bit Server VM Temurin-21.0.4+7 (21.0.4+7-LTS, mixed mode, sharing, tiered, compressed oops, compressed class ptrs, g1 gc, windows-amd64)
# No core dump will be written. Minidumps are not enabled by default on client versions of Windows
#

---------------  S U M M A R Y ------------

Command Line: --add-opens=java.base/java.util=ALL-UNNAMED --add-opens=java.base/java.lang=ALL-UNNAMED --add-opens=java.base/java.lang.invoke=ALL-UNNAMED --add-opens=java.prefs/java.util.prefs=ALL-UNNAMED --add-opens=java.base/java.nio.charset=ALL-UNNAMED --add-opens=java.base/java.net=ALL-UNNAMED --add-opens=java.base/java.util.concurrent.atomic=ALL-UNNAMED -XX:MaxMetaspaceSize=384m -XX:+HeapDumpOnOutOfMemoryError -Xms256m -Xmx512m -Dfile.encoding=x-windows-949 -Duser.country=KR -Duser.language=ko -Duser.variant -javaagent:C:\Users\gjw2\.gradle\wrapper\dists\gradle-8.8-bin\dl7vupf4psengwqhwktix4v1\gradle-8.8\lib\agents\gradle-instrumentation-agent-8.8.jar org.gradle.launcher.daemon.bootstrap.GradleDaemon 8.8

Host: 12th Gen Intel(R) Core(TM) i3-12100, 8 cores, 7G,  Windows 11 , 64 bit Build 22621 (10.0.22621.3672)
Time: Thu Jul 25 10:16:15 2024  Windows 11 , 64 bit Build 22621 (10.0.22621.3672) elapsed time: 12.129504 seconds (0d 0h 0m 12s)

---------------  T H R E A D  ---------------

Current thread (0x000002247c7045f0):  JavaThread "C2 CompilerThread1" daemon [_thread_in_native, id=27144, stack(0x000000fd85200000,0x000000fd85300000) (1024K)]


Current CompileTask:
C2:  12129 10136       4       org.gradle.api.internal.artifacts.ivyservice.modulecache.ModuleMetadataSerializer$Reader::readMavenDependency (148 bytes)

Stack: [0x000000fd85200000,0x000000fd85300000]
Native frames: (J=compiled Java code, j=interpreted, Vv=VM code, C=native code)
V  [jvm.dll+0x6cbcf9]
V  [jvm.dll+0x8a5551]
V  [jvm.dll+0x8a7a7e]
V  [jvm.dll+0x8a8153]
V  [jvm.dll+0x27eca6]
V  [jvm.dll+0xc4aad]
V  [jvm.dll+0xc4fe3]
V  [jvm.dll+0x3b5102]
V  [jvm.dll+0x3815a5]
V  [jvm.dll+0x380a0a]
V  [jvm.dll+0x247110]
V  [jvm.dll+0x2466ef]
V  [jvm.dll+0x1c6f7e]
V  [jvm.dll+0x255e7a]
V  [jvm.dll+0x25441a]
V  [jvm.dll+0x3eeef6]
V  [jvm.dll+0x84f17b]
V  [jvm.dll+0x6ca3fd]
C  [ucrtbase.dll+0x29333]
C  [KERNEL32.DLL+0x1257d]
C  [ntdll.dll+0x5af28]


---------------  P R O C E S S  ---------------

Threads class SMR info:
_java_thread_list=0x000002247ce56b20, length=92, elements={
0x0000022455685750, 0x000002247276d2d0, 0x000002247276de90, 0x000002247276fb90,
0x0000022472773770, 0x00000224726b2480, 0x00000224726b7820, 0x00000224726b45a0,
0x00000224726b7fc0, 0x000002247283ff30, 0x0000022472a17600, 0x000002247812c1e0,
0x00000224788c2270, 0x000002247829d7e0, 0x00000224786c9500, 0x00000224788d5f50,
0x000002247898ef10, 0x000002247898f5a0, 0x0000022478990950, 0x000002247898e1f0,
0x0000022478c4f720, 0x0000022478c50440, 0x0000022478c4d650, 0x0000022478c4f090,
0x0000022478c494b0, 0x000002247ca04ec0, 0x000002247cd6ef10, 0x000002247cd6e880,
0x000002247cd71670, 0x000002247cd72a20, 0x000002247cd730b0, 0x000002247cd6f5a0,
0x000002247cd6e1f0, 0x000002247cd72390, 0x000002247cd73740, 0x000002247cd6fc30,
0x000002247cd73dd0, 0x000002247cd74460, 0x000002247cf63fa0, 0x000002247cf61840,
0x000002247cf62560, 0x000002247cf5f0e0, 0x000002247cf60490, 0x000002247cf60b20,
0x000002247cf61ed0, 0x000002247b54b020, 0x0000022478f1f7c0, 0x0000022478f1fe50,
0x0000022478f23960, 0x0000022478f23ff0, 0x0000022478f1eaa0, 0x0000022478f204e0,
0x0000022478f1e410, 0x0000022478f20b70, 0x0000022478f21200, 0x0000022478f21f20,
0x0000022478f1f130, 0x0000022478f225b0, 0x0000022478f24680, 0x0000022478f232d0,
0x0000022478f1d6f0, 0x0000022478f22c40, 0x0000022478f24d10, 0x0000022478f1dd80,
0x00000224795d6670, 0x00000224795d8dd0, 0x00000224795dc8e0, 0x00000224795dcf70,
0x00000224795db530, 0x00000224795dc250, 0x00000224795d5fe0, 0x00000224795da810,
0x000002247c7045f0, 0x00000224795dd600, 0x00000224795d80b0, 0x00000224795d8740,
0x00000224795daea0, 0x00000224795d9460, 0x00000224795d9af0, 0x00000224795d6d00,
0x00000224795da180, 0x00000224795d7390, 0x00000224795d7a20, 0x000002247ca041a0,
0x000002247ca06f90, 0x000002247ca09060, 0x000002247ca03b10, 0x000002247ca02760,
0x000002247ca089d0, 0x000002247ca06270, 0x000002247ca09d80, 0x000002247ca07cb0
}

Java Threads: ( => current thread )
  0x0000022455685750 JavaThread "main"                              [_thread_blocked, id=30056, stack(0x000000fd80f00000,0x000000fd81000000) (1024K)]
  0x000002247276d2d0 JavaThread "Reference Handler"          daemon [_thread_blocked, id=20144, stack(0x000000fd81700000,0x000000fd81800000) (1024K)]
  0x000002247276de90 JavaThread "Finalizer"                  daemon [_thread_blocked, id=29292, stack(0x000000fd81800000,0x000000fd81900000) (1024K)]
  0x000002247276fb90 JavaThread "Signal Dispatcher"          daemon [_thread_blocked, id=9068, stack(0x000000fd81900000,0x000000fd81a00000) (1024K)]
  0x0000022472773770 JavaThread "Attach Listener"            daemon [_thread_blocked, id=2036, stack(0x000000fd81a00000,0x000000fd81b00000) (1024K)]
  0x00000224726b2480 JavaThread "Service Thread"             daemon [_thread_blocked, id=10300, stack(0x000000fd81b00000,0x000000fd81c00000) (1024K)]
  0x00000224726b7820 JavaThread "Monitor Deflation Thread"   daemon [_thread_blocked, id=11972, stack(0x000000fd81c00000,0x000000fd81d00000) (1024K)]
  0x00000224726b45a0 JavaThread "C2 CompilerThread0"         daemon [_thread_in_vm, id=13944, stack(0x000000fd81d00000,0x000000fd81e00000) (1024K)]
  0x00000224726b7fc0 JavaThread "C1 CompilerThread0"         daemon [_thread_blocked, id=3852, stack(0x000000fd81e00000,0x000000fd81f00000) (1024K)]
  0x000002247283ff30 JavaThread "Common-Cleaner"             daemon [_thread_blocked, id=8468, stack(0x000000fd81f00000,0x000000fd82000000) (1024K)]
  0x0000022472a17600 JavaThread "Notification Thread"        daemon [_thread_blocked, id=30456, stack(0x000000fd82000000,0x000000fd82100000) (1024K)]
  0x000002247812c1e0 JavaThread "Daemon health stats"               [_thread_blocked, id=22612, stack(0x000000fd82700000,0x000000fd82800000) (1024K)]
  0x00000224788c2270 JavaThread "Incoming local TCP Connector on port 51316"        [_thread_in_native, id=30404, stack(0x000000fd82800000,0x000000fd82900000) (1024K)]
  0x000002247829d7e0 JavaThread "Daemon periodic checks"            [_thread_blocked, id=2564, stack(0x000000fd82900000,0x000000fd82a00000) (1024K)]
  0x00000224786c9500 JavaThread "Daemon"                            [_thread_blocked, id=27888, stack(0x000000fd82a00000,0x000000fd82b00000) (1024K)]
  0x00000224788d5f50 JavaThread "Daemon worker"                     [_thread_blocked, id=31396, stack(0x000000fd82d00000,0x000000fd82e00000) (1024K)]
  0x000002247898ef10 JavaThread "Cache worker for journal cache (C:\Users\gjw2\.gradle\caches\journal-1)"        [_thread_blocked, id=23664, stack(0x000000fd83100000,0x000000fd83200000) (1024K)]
  0x000002247898f5a0 JavaThread "File lock request listener"        [_thread_in_native, id=31136, stack(0x000000fd83200000,0x000000fd83300000) (1024K)]
  0x0000022478990950 JavaThread "Cache worker for file hash cache (C:\Users\gjw2\.gradle\caches\8.8\fileHashes)"        [_thread_blocked, id=5488, stack(0x000000fd83300000,0x000000fd83400000) (1024K)]
  0x000002247898e1f0 JavaThread "File watcher server"        daemon [_thread_in_native, id=30264, stack(0x000000fd83800000,0x000000fd83900000) (1024K)]
  0x0000022478c4f720 JavaThread "File watcher consumer"      daemon [_thread_blocked, id=17956, stack(0x000000fd83900000,0x000000fd83a00000) (1024K)]
  0x0000022478c50440 JavaThread "Cache worker for file content cache (C:\Users\gjw2\.gradle\caches\8.8\fileContent)"        [_thread_blocked, id=11420, stack(0x000000fd83b00000,0x000000fd83c00000) (1024K)]
  0x0000022478c4d650 JavaThread "jar transforms"                    [_thread_blocked, id=26980, stack(0x000000fd83e00000,0x000000fd83f00000) (1024K)]
  0x0000022478c4f090 JavaThread "jar transforms Thread 2"           [_thread_blocked, id=18268, stack(0x000000fd83f00000,0x000000fd84000000) (1024K)]
  0x0000022478c494b0 JavaThread "jar transforms Thread 3"           [_thread_blocked, id=9824, stack(0x000000fd84100000,0x000000fd84200000) (1024K)]
  0x000002247ca04ec0 JavaThread "Memory manager"                    [_thread_blocked, id=824, stack(0x000000fd85700000,0x000000fd85800000) (1024K)]
  0x000002247cd6ef10 JavaThread "jar transforms Thread 4"           [_thread_blocked, id=27516, stack(0x000000fd85800000,0x000000fd85900000) (1024K)]
  0x000002247cd6e880 JavaThread "ForkJoinPool.commonPool-worker-1" daemon [_thread_blocked, id=6424, stack(0x000000fd85900000,0x000000fd85a00000) (1024K)]
  0x000002247cd71670 JavaThread "ForkJoinPool.commonPool-worker-2" daemon [_thread_blocked, id=12256, stack(0x000000fd85a00000,0x000000fd85b00000) (1024K)]
  0x000002247cd72a20 JavaThread "ForkJoinPool.commonPool-worker-3" daemon [_thread_blocked, id=11816, stack(0x000000fd85b00000,0x000000fd85c00000) (1024K)]
  0x000002247cd730b0 JavaThread "ForkJoinPool.commonPool-worker-4" daemon [_thread_blocked, id=5536, stack(0x000000fd85c00000,0x000000fd85d00000) (1024K)]
  0x000002247cd6f5a0 JavaThread "ForkJoinPool.commonPool-worker-5" daemon [_thread_blocked, id=7608, stack(0x000000fd85d00000,0x000000fd85e00000) (1024K)]
  0x000002247cd6e1f0 JavaThread "ForkJoinPool.commonPool-worker-6" daemon [_thread_blocked, id=12892, stack(0x000000fd85e00000,0x000000fd85f00000) (1024K)]
  0x000002247cd72390 JavaThread "ForkJoinPool.commonPool-worker-7" daemon [_thread_blocked, id=30744, stack(0x000000fd85f00000,0x000000fd86000000) (1024K)]
  0x000002247cd73740 JavaThread "Exec process"               daemon [_thread_in_native, id=17780, stack(0x000000fd86000000,0x000000fd86100000) (1024K)]
  0x000002247cd6fc30 JavaThread "Exec process Thread 2"      daemon [_thread_blocked, id=26012, stack(0x000000fd86100000,0x000000fd86200000) (1024K)]
  0x000002247cd73dd0 JavaThread "Exec process Thread 3"      daemon [_thread_in_native, id=776, stack(0x000000fd86200000,0x000000fd86300000) (1024K)]
  0x000002247cd74460 JavaThread "included builds"                   [_thread_blocked, id=3236, stack(0x000000fd82100000,0x000000fd82200000) (1024K)]
  0x000002247cf63fa0 JavaThread "Cache worker for Java compile cache (C:\Users\gjw2\.gradle\caches\8.8\javaCompile)"        [_thread_blocked, id=12616, stack(0x000000fd8a700000,0x000000fd8a800000) (1024K)]
  0x000002247cf61840 JavaThread "Incoming local TCP Connector on port 51326"        [_thread_blocked, id=20240, stack(0x000000fd8af00000,0x000000fd8b000000) (1024K)]
  0x000002247cf62560 JavaThread "Exec process Thread 4"      daemon [_thread_in_native, id=2316, stack(0x000000fd8b100000,0x000000fd8b200000) (1024K)]
  0x000002247cf5f0e0 JavaThread "/127.0.0.1:51326 to /127.0.0.1:51327 workers"        [_thread_blocked, id=31464, stack(0x000000fd8b000000,0x000000fd8b100000) (1024K)]
  0x000002247cf60490 JavaThread "/127.0.0.1:51326 to /127.0.0.1:51327 workers Thread 2"        [_thread_blocked, id=21356, stack(0x000000fd8b200000,0x000000fd8b300000) (1024K)]
  0x000002247cf60b20 JavaThread "/127.0.0.1:51326 to /127.0.0.1:51327 workers Thread 3"        [_thread_blocked, id=25736, stack(0x000000fd8b300000,0x000000fd8b400000) (1024K)]
  0x000002247cf61ed0 JavaThread "/127.0.0.1:51326 to /127.0.0.1:51327 workers Thread 4"        [_thread_blocked, id=14684, stack(0x000000fd8b400000,0x000000fd8b500000) (1024K)]
  0x000002247b54b020 JavaThread "/127.0.0.1:51326 to /127.0.0.1:51327 workers Thread 5"        [_thread_in_native, id=25992, stack(0x000000fd86a00000,0x000000fd86b00000) (1024K)]
  0x0000022478f1f7c0 JavaThread "VFS cleanup"                       [_thread_blocked, id=8540, stack(0x000000fd82e00000,0x000000fd82f00000) (1024K)]
  0x0000022478f1fe50 JavaThread "File lock release action executor"        [_thread_blocked, id=19940, stack(0x000000fd82b00000,0x000000fd82c00000) (1024K)]
  0x0000022478f23960 JavaThread "Handler for socket connection from /127.0.0.1:51316 to /127.0.0.1:51335"        [_thread_in_native, id=9764, stack(0x000000fd82c00000,0x000000fd82d00000) (1024K)]
  0x0000022478f23ff0 JavaThread "Cancel handler"                    [_thread_blocked, id=25344, stack(0x000000fd82f00000,0x000000fd83000000) (1024K)]
  0x0000022478f1eaa0 JavaThread "Asynchronous log dispatcher for DefaultDaemonConnection: socket connection from /127.0.0.1:51316 to /127.0.0.1:51335"        [_thread_blocked, id=23296, stack(0x000000fd83000000,0x000000fd83100000) (1024K)]
  0x0000022478f204e0 JavaThread "Stdin handler"                     [_thread_blocked, id=1212, stack(0x000000fd83700000,0x000000fd83800000) (1024K)]
  0x0000022478f1e410 JavaThread "Daemon client event forwarder"        [_thread_blocked, id=29796, stack(0x000000fd83a00000,0x000000fd83b00000) (1024K)]
  0x0000022478f20b70 JavaThread "Cache worker for file hash cache (C:\Users\gjw2\Desktop\스프링_강의자료\스프링 핵심원리 - 기본편\core\.gradle\8.8\fileHashes)"        [_thread_blocked, id=280, stack(0x000000fd83c00000,0x000000fd83d00000) (1024K)]
  0x0000022478f21200 JavaThread "Cache worker for checksums cache (C:\Users\gjw2\Desktop\스프링_강의자료\스프링 핵심원리 - 기본편\core\.gradle\8.8\checksums)"        [_thread_blocked, id=31496, stack(0x000000fd83d00000,0x000000fd83e00000) (1024K)]
  0x0000022478f21f20 JavaThread "Cache worker for cache directory md-rule (C:\Users\gjw2\.gradle\caches\8.8\md-rule)"        [_thread_blocked, id=11032, stack(0x000000fd84000000,0x000000fd84100000) (1024K)]
  0x0000022478f1f130 JavaThread "Cache worker for cache directory md-supplier (C:\Users\gjw2\.gradle\caches\8.8\md-supplier)"        [_thread_blocked, id=2836, stack(0x000000fd84200000,0x000000fd84300000) (1024K)]
  0x0000022478f225b0 JavaThread "Cache worker for Build Output Cleanup Cache (C:\Users\gjw2\Desktop\스프링_강의자료\스프링 핵심원리 - 기본편\core\.gradle\buildOutputCleanup)"        [_thread_blocked, id=21480, stack(0x000000fd84300000,0x000000fd84400000) (1024K)]
  0x0000022478f24680 JavaThread "Unconstrained build operations"        [_thread_blocked, id=27324, stack(0x000000fd84400000,0x000000fd84500000) (1024K)]
  0x0000022478f232d0 JavaThread "Unconstrained build operations Thread 2"        [_thread_blocked, id=29732, stack(0x000000fd84500000,0x000000fd84600000) (1024K)]
  0x0000022478f1d6f0 JavaThread "Unconstrained build operations Thread 3"        [_thread_blocked, id=19464, stack(0x000000fd84600000,0x000000fd84700000) (1024K)]
  0x0000022478f22c40 JavaThread "Unconstrained build operations Thread 4"        [_thread_blocked, id=23008, stack(0x000000fd84700000,0x000000fd84800000) (1024K)]
  0x0000022478f24d10 JavaThread "Unconstrained build operations Thread 5"        [_thread_blocked, id=29268, stack(0x000000fd84800000,0x000000fd84900000) (1024K)]
  0x0000022478f1dd80 JavaThread "Unconstrained build operations Thread 6"        [_thread_blocked, id=24180, stack(0x000000fd84900000,0x000000fd84a00000) (1024K)]
  0x00000224795d6670 JavaThread "Unconstrained build operations Thread 7"        [_thread_blocked, id=30016, stack(0x000000fd84a00000,0x000000fd84b00000) (1024K)]
  0x00000224795d8dd0 JavaThread "Unconstrained build operations Thread 8"        [_thread_blocked, id=19572, stack(0x000000fd84b00000,0x000000fd84c00000) (1024K)]
  0x00000224795dc8e0 JavaThread "Unconstrained build operations Thread 9"        [_thread_blocked, id=15248, stack(0x000000fd84c00000,0x000000fd84d00000) (1024K)]
  0x00000224795dcf70 JavaThread "Unconstrained build operations Thread 10"        [_thread_blocked, id=19008, stack(0x000000fd84d00000,0x000000fd84e00000) (1024K)]
  0x00000224795db530 JavaThread "Unconstrained build operations Thread 11"        [_thread_blocked, id=8136, stack(0x000000fd84e00000,0x000000fd84f00000) (1024K)]
  0x00000224795dc250 JavaThread "Unconstrained build operations Thread 12"        [_thread_blocked, id=7016, stack(0x000000fd84f00000,0x000000fd85000000) (1024K)]
  0x00000224795d5fe0 JavaThread "Unconstrained build operations Thread 13"        [_thread_blocked, id=7240, stack(0x000000fd85000000,0x000000fd85100000) (1024K)]
  0x00000224795da810 JavaThread "Unconstrained build operations Thread 14"        [_thread_blocked, id=23408, stack(0x000000fd85100000,0x000000fd85200000) (1024K)]
=>0x000002247c7045f0 JavaThread "C2 CompilerThread1"         daemon [_thread_in_native, id=27144, stack(0x000000fd85200000,0x000000fd85300000) (1024K)]
  0x00000224795dd600 JavaThread "included builds"                   [_thread_blocked, id=11748, stack(0x000000fd85300000,0x000000fd85400000) (1024K)]
  0x00000224795d80b0 JavaThread "Execution worker"                  [_thread_in_Java, id=13460, stack(0x000000fd85400000,0x000000fd85500000) (1024K)]
  0x00000224795d8740 JavaThread "Execution worker Thread 2"         [_thread_blocked, id=31544, stack(0x000000fd85500000,0x000000fd85600000) (1024K)]
  0x00000224795daea0 JavaThread "Execution worker Thread 3"         [_thread_blocked, id=14452, stack(0x000000fd85600000,0x000000fd85700000) (1024K)]
  0x00000224795d9460 JavaThread "Execution worker Thread 4"         [_thread_blocked, id=26620, stack(0x000000fd86300000,0x000000fd86400000) (1024K)]
  0x00000224795d9af0 JavaThread "Execution worker Thread 5"         [_thread_blocked, id=31244, stack(0x000000fd86400000,0x000000fd86500000) (1024K)]
  0x00000224795d6d00 JavaThread "Execution worker Thread 6"         [_thread_blocked, id=27736, stack(0x000000fd86500000,0x000000fd86600000) (1024K)]
  0x00000224795da180 JavaThread "Execution worker Thread 7"         [_thread_blocked, id=30476, stack(0x000000fd86600000,0x000000fd86700000) (1024K)]
  0x00000224795d7390 JavaThread "Cache worker for execution history cache (C:\Users\gjw2\Desktop\스프링_강의자료\스프링 핵심원리 - 기본편\core\.gradle\8.8\executionHistory)"        [_thread_blocked, id=30256, stack(0x000000fd86700000,0x000000fd86800000) (1024K)]
  0x00000224795d7a20 JavaThread "Unconstrained build operations Thread 15"        [_thread_blocked, id=26824, stack(0x000000fd86800000,0x000000fd86900000) (1024K)]
  0x000002247ca041a0 JavaThread "Unconstrained build operations Thread 16"        [_thread_blocked, id=19528, stack(0x000000fd86900000,0x000000fd86a00000) (1024K)]
  0x000002247ca06f90 JavaThread "Unconstrained build operations Thread 17"        [_thread_blocked, id=16532, stack(0x000000fd86b00000,0x000000fd86c00000) (1024K)]
  0x000002247ca09060 JavaThread "Unconstrained build operations Thread 18"        [_thread_blocked, id=27976, stack(0x000000fd86c00000,0x000000fd86d00000) (1024K)]
  0x000002247ca03b10 JavaThread "Unconstrained build operations Thread 19"        [_thread_blocked, id=24832, stack(0x000000fd86d00000,0x000000fd86e00000) (1024K)]
  0x000002247ca02760 JavaThread "Unconstrained build operations Thread 20"        [_thread_blocked, id=2340, stack(0x000000fd86e00000,0x000000fd86f00000) (1024K)]
  0x000002247ca089d0 JavaThread "Unconstrained build operations Thread 21"        [_thread_blocked, id=21204, stack(0x000000fd86f00000,0x000000fd87000000) (1024K)]
  0x000002247ca06270 JavaThread "Unconstrained build operations Thread 22"        [_thread_blocked, id=15380, stack(0x000000fd87000000,0x000000fd87100000) (1024K)]
  0x000002247ca09d80 JavaThread "Unconstrained build operations Thread 23"        [_thread_blocked, id=18592, stack(0x000000fd87100000,0x000000fd87200000) (1024K)]
  0x000002247ca07cb0 JavaThread "Unconstrained build operations Thread 24"        [_thread_blocked, id=18052, stack(0x000000fd87200000,0x000000fd87300000) (1024K)]
Total: 92

Other Threads:
  0x0000022472698cb0 VMThread "VM Thread"                           [id=10644, stack(0x000000fd81600000,0x000000fd81700000) (1024K)]
  0x0000022472683fa0 WatcherThread "VM Periodic Task Thread"        [id=4872, stack(0x000000fd81500000,0x000000fd81600000) (1024K)]
  0x000002245591a300 WorkerThread "GC Thread#0"                     [id=28948, stack(0x000000fd81000000,0x000000fd81100000) (1024K)]
  0x000002247745ed80 WorkerThread "GC Thread#1"                     [id=27396, stack(0x000000fd82200000,0x000000fd82300000) (1024K)]
  0x0000022477303e20 WorkerThread "GC Thread#2"                     [id=2068, stack(0x000000fd82300000,0x000000fd82400000) (1024K)]
  0x00000224773041c0 WorkerThread "GC Thread#3"                     [id=23528, stack(0x000000fd82400000,0x000000fd82500000) (1024K)]
  0x0000022477304970 WorkerThread "GC Thread#4"                     [id=17704, stack(0x000000fd82500000,0x000000fd82600000) (1024K)]
  0x0000022477169330 WorkerThread "GC Thread#5"                     [id=20584, stack(0x000000fd82600000,0x000000fd82700000) (1024K)]
  0x000002247b10f1d0 WorkerThread "GC Thread#6"                     [id=16512, stack(0x000000fd83400000,0x000000fd83500000) (1024K)]
  0x000002247b10f910 WorkerThread "GC Thread#7"                     [id=21724, stack(0x000000fd83500000,0x000000fd83600000) (1024K)]
  0x000002245591f3a0 ConcurrentGCThread "G1 Main Marker"            [id=30608, stack(0x000000fd81100000,0x000000fd81200000) (1024K)]
  0x0000022455920550 WorkerThread "G1 Conc#0"                       [id=11580, stack(0x000000fd81200000,0x000000fd81300000) (1024K)]
  0x000002247b10ee30 WorkerThread "G1 Conc#1"                       [id=5860, stack(0x000000fd83600000,0x000000fd83700000) (1024K)]
  0x00000224559ae620 ConcurrentGCThread "G1 Refine#0"               [id=10016, stack(0x000000fd81300000,0x000000fd81400000) (1024K)]
  0x0000022472557360 ConcurrentGCThread "G1 Service"                [id=27508, stack(0x000000fd81400000,0x000000fd81500000) (1024K)]
Total: 15

Threads with active compile tasks:
C2 CompilerThread0    12168 10237       4       com.google.common.collect.RegularImmutableMap::fromEntryArrayCheckingBucketOverflow (282 bytes)
C2 CompilerThread1    12168 10136       4       org.gradle.api.internal.artifacts.ivyservice.modulecache.ModuleMetadataSerializer$Reader::readMavenDependency (148 bytes)
Total: 2

VM state: not at safepoint (normal execution)

VM Mutex/Monitor currently owned by a thread: None

Heap address: 0x00000000e0000000, size: 512 MB, Compressed Oops mode: 32-bit

CDS archive(s) mapped at: [0x0000022400000000-0x0000022400c90000-0x0000022400c90000), size 13172736, SharedBaseAddress: 0x0000022400000000, ArchiveRelocationMode: 1.
Compressed class space mapped at: 0x0000022401000000-0x0000022415000000, reserved size: 335544320
Narrow klass base: 0x0000022400000000, Narrow klass shift: 0, Narrow klass range: 0x100000000

GC Precious Log:
 CardTable entry size: 512
 Card Set container configuration: InlinePtr #cards 5 size 8 Array Of Cards #cards 12 size 40 Howl #buckets 4 coarsen threshold 1843 Howl Bitmap #cards 512 size 80 coarsen threshold 460 Card regions per heap region 1 cards per card region 2048
 CPUs: 8 total, 8 available
 Memory: 7907M
 Large Page Support: Disabled
 NUMA Support: Disabled
 Compressed Oops: Enabled (32-bit)
 Heap Region Size: 1M
 Heap Min Capacity: 256M
 Heap Initial Capacity: 256M
 Heap Max Capacity: 512M
 Pre-touch: Disabled
 Parallel Workers: 8
 Concurrent Workers: 2
 Concurrent Refinement Workers: 8
 Periodic GC: Disabled

Heap:
 garbage-first heap   total 262144K, used 154333K [0x00000000e0000000, 0x0000000100000000)
  region size 1024K, 114 young (116736K), 12 survivors (12288K)
 Metaspace       used 62110K, committed 64064K, reserved 393216K
  class space    used 8966K, committed 9920K, reserved 327680K

Heap Regions: E=young(eden), S=young(survivor), O=old, HS=humongous(starts), HC=humongous(continues), CS=collection set, F=free, TAMS=top-at-mark-start, PB=parsable bottom
|   0|0x00000000e0000000, 0x00000000e0100000, 0x00000000e0100000|100%|HS|  |TAMS 0x00000000e0000000| PB 0x00000000e0000000| Complete 
|   1|0x00000000e0100000, 0x00000000e0200000, 0x00000000e0200000|100%|HC|  |TAMS 0x00000000e0100000| PB 0x00000000e0100000| Complete 
|   2|0x00000000e0200000, 0x00000000e0300000, 0x00000000e0300000|100%|HC|  |TAMS 0x00000000e0200000| PB 0x00000000e0200000| Complete 
|   3|0x00000000e0300000, 0x00000000e0400000, 0x00000000e0400000|100%|HC|  |TAMS 0x00000000e0300000| PB 0x00000000e0300000| Complete 
|   4|0x00000000e0400000, 0x00000000e0500000, 0x00000000e0500000|100%| O|  |TAMS 0x00000000e0400000| PB 0x00000000e0400000| Untracked 
|   5|0x00000000e0500000, 0x00000000e0600000, 0x00000000e0600000|100%| O|  |TAMS 0x00000000e0500000| PB 0x00000000e0500000| Untracked 
|   6|0x00000000e0600000, 0x00000000e0700000, 0x00000000e0700000|100%| O|  |TAMS 0x00000000e0600000| PB 0x00000000e0600000| Untracked 
|   7|0x00000000e0700000, 0x00000000e0800000, 0x00000000e0800000|100%| O|  |TAMS 0x00000000e0700000| PB 0x00000000e0700000| Untracked 
|   8|0x00000000e0800000, 0x00000000e0900000, 0x00000000e0900000|100%| O|  |TAMS 0x00000000e0800000| PB 0x00000000e0800000| Untracked 
|   9|0x00000000e0900000, 0x00000000e0a00000, 0x00000000e0a00000|100%| O|  |TAMS 0x00000000e0900000| PB 0x00000000e0900000| Untracked 
|  10|0x00000000e0a00000, 0x00000000e0b00000, 0x00000000e0b00000|100%| O|  |TAMS 0x00000000e0a00000| PB 0x00000000e0a00000| Untracked 
|  11|0x00000000e0b00000, 0x00000000e0c00000, 0x00000000e0c00000|100%| O|  |TAMS 0x00000000e0b00000| PB 0x00000000e0b00000| Untracked 
|  12|0x00000000e0c00000, 0x00000000e0d00000, 0x00000000e0d00000|100%|HS|  |TAMS 0x00000000e0c00000| PB 0x00000000e0c00000| Complete 
|  13|0x00000000e0d00000, 0x00000000e0e00000, 0x00000000e0e00000|100%| O|  |TAMS 0x00000000e0d00000| PB 0x00000000e0d00000| Untracked 
|  14|0x00000000e0e00000, 0x00000000e0f00000, 0x00000000e0f00000|100%| O|  |TAMS 0x00000000e0e00000| PB 0x00000000e0e00000| Untracked 
|  15|0x00000000e0f00000, 0x00000000e1000000, 0x00000000e1000000|100%| O|  |TAMS 0x00000000e0f00000| PB 0x00000000e0f00000| Untracked 
|  16|0x00000000e1000000, 0x00000000e1100000, 0x00000000e1100000|100%| O|  |TAMS 0x00000000e1000000| PB 0x00000000e1000000| Untracked 
|  17|0x00000000e1100000, 0x00000000e1200000, 0x00000000e1200000|100%| O|  |TAMS 0x00000000e1100000| PB 0x00000000e1100000| Untracked 
|  18|0x00000000e1200000, 0x00000000e1300000, 0x00000000e1300000|100%| O|  |TAMS 0x00000000e1200000| PB 0x00000000e1200000| Untracked 
|  19|0x00000000e1300000, 0x00000000e1400000, 0x00000000e1400000|100%| O|  |TAMS 0x00000000e1300000| PB 0x00000000e1300000| Untracked 
|  20|0x00000000e1400000, 0x00000000e1500000, 0x00000000e1500000|100%| O|  |TAMS 0x00000000e1400000| PB 0x00000000e1400000| Untracked 
|  21|0x00000000e1500000, 0x00000000e1600000, 0x00000000e1600000|100%| O|  |TAMS 0x00000000e1500000| PB 0x00000000e1500000| Untracked 
|  22|0x00000000e1600000, 0x00000000e1700000, 0x00000000e1700000|100%| O|Cm|TAMS 0x00000000e1600000| PB 0x00000000e1600000| Complete 
|  23|0x00000000e1700000, 0x00000000e1800000, 0x00000000e1800000|100%| O|  |TAMS 0x00000000e1700000| PB 0x00000000e1700000| Untracked 
|  24|0x00000000e1800000, 0x00000000e1900000, 0x00000000e1900000|100%| O|  |TAMS 0x00000000e1800000| PB 0x00000000e1800000| Untracked 
|  25|0x00000000e1900000, 0x00000000e1a00000, 0x00000000e1a00000|100%| O|  |TAMS 0x00000000e1900000| PB 0x00000000e1900000| Untracked 
|  26|0x00000000e1a00000, 0x00000000e1b00000, 0x00000000e1b00000|100%| O|  |TAMS 0x00000000e1a00000| PB 0x00000000e1a00000| Untracked 
|  27|0x00000000e1b00000, 0x00000000e1c00000, 0x00000000e1c00000|100%| O|  |TAMS 0x00000000e1b00000| PB 0x00000000e1b00000| Untracked 
|  28|0x00000000e1c00000, 0x00000000e1d00000, 0x00000000e1d00000|100%| O|  |TAMS 0x00000000e1c00000| PB 0x00000000e1c00000| Untracked 
|  29|0x00000000e1d00000, 0x00000000e1e00000, 0x00000000e1e00000|100%| O|  |TAMS 0x00000000e1d00000| PB 0x00000000e1d00000| Untracked 
|  30|0x00000000e1e00000, 0x00000000e1f00000, 0x00000000e1f00000|100%| O|  |TAMS 0x00000000e1e00000| PB 0x00000000e1e00000| Untracked 
|  31|0x00000000e1f00000, 0x00000000e2000000, 0x00000000e2000000|100%| O|  |TAMS 0x00000000e1f00000| PB 0x00000000e1f00000| Untracked 
|  32|0x00000000e2000000, 0x00000000e2100000, 0x00000000e2100000|100%| O|  |TAMS 0x00000000e2000000| PB 0x00000000e2000000| Untracked 
|  33|0x00000000e2100000, 0x00000000e2200000, 0x00000000e2200000|100%| O|  |TAMS 0x00000000e2100000| PB 0x00000000e2100000| Untracked 
|  34|0x00000000e2200000, 0x00000000e2300000, 0x00000000e2300000|100%| O|  |TAMS 0x00000000e2200000| PB 0x00000000e2200000| Untracked 
|  35|0x00000000e2300000, 0x00000000e2400000, 0x00000000e2400000|100%| O|  |TAMS 0x00000000e2300000| PB 0x00000000e2300000| Untracked 
|  36|0x00000000e2400000, 0x00000000e2500000, 0x00000000e2500000|100%| O|  |TAMS 0x00000000e2400000| PB 0x00000000e2400000| Untracked 
|  37|0x00000000e2500000, 0x00000000e2600000, 0x00000000e2600000|100%| O|  |TAMS 0x00000000e2500000| PB 0x00000000e2500000| Untracked 
|  38|0x00000000e2600000, 0x00000000e26b7660, 0x00000000e2700000| 71%| O|  |TAMS 0x00000000e2600000| PB 0x00000000e2600000| Untracked 
|  39|0x00000000e2700000, 0x00000000e2700000, 0x00000000e2800000|  0%| F|  |TAMS 0x00000000e2700000| PB 0x00000000e2700000| Untracked 
|  40|0x00000000e2800000, 0x00000000e2800000, 0x00000000e2900000|  0%| F|  |TAMS 0x00000000e2800000| PB 0x00000000e2800000| Untracked 
|  41|0x00000000e2900000, 0x00000000e2900000, 0x00000000e2a00000|  0%| F|  |TAMS 0x00000000e2900000| PB 0x00000000e2900000| Untracked 
|  42|0x00000000e2a00000, 0x00000000e2a00000, 0x00000000e2b00000|  0%| F|  |TAMS 0x00000000e2a00000| PB 0x00000000e2a00000| Untracked 
|  43|0x00000000e2b00000, 0x00000000e2b00000, 0x00000000e2c00000|  0%| F|  |TAMS 0x00000000e2b00000| PB 0x00000000e2b00000| Untracked 
|  44|0x00000000e2c00000, 0x00000000e2c00000, 0x00000000e2d00000|  0%| F|  |TAMS 0x00000000e2c00000| PB 0x00000000e2c00000| Untracked 
|  45|0x00000000e2d00000, 0x00000000e2d00000, 0x00000000e2e00000|  0%| F|  |TAMS 0x00000000e2d00000| PB 0x00000000e2d00000| Untracked 
|  46|0x00000000e2e00000, 0x00000000e2e00000, 0x00000000e2f00000|  0%| F|  |TAMS 0x00000000e2e00000| PB 0x00000000e2e00000| Untracked 
|  47|0x00000000e2f00000, 0x00000000e2f00000, 0x00000000e3000000|  0%| F|  |TAMS 0x00000000e2f00000| PB 0x00000000e2f00000| Untracked 
|  48|0x00000000e3000000, 0x00000000e3000000, 0x00000000e3100000|  0%| F|  |TAMS 0x00000000e3000000| PB 0x00000000e3000000| Untracked 
|  49|0x00000000e3100000, 0x00000000e3100000, 0x00000000e3200000|  0%| F|  |TAMS 0x00000000e3100000| PB 0x00000000e3100000| Untracked 
|  50|0x00000000e3200000, 0x00000000e3200000, 0x00000000e3300000|  0%| F|  |TAMS 0x00000000e3200000| PB 0x00000000e3200000| Untracked 
|  51|0x00000000e3300000, 0x00000000e3300000, 0x00000000e3400000|  0%| F|  |TAMS 0x00000000e3300000| PB 0x00000000e3300000| Untracked 
|  52|0x00000000e3400000, 0x00000000e3400000, 0x00000000e3500000|  0%| F|  |TAMS 0x00000000e3400000| PB 0x00000000e3400000| Untracked 
|  53|0x00000000e3500000, 0x00000000e3500000, 0x00000000e3600000|  0%| F|  |TAMS 0x00000000e3500000| PB 0x00000000e3500000| Untracked 
|  54|0x00000000e3600000, 0x00000000e3600000, 0x00000000e3700000|  0%| F|  |TAMS 0x00000000e3600000| PB 0x00000000e3600000| Untracked 
|  55|0x00000000e3700000, 0x00000000e3700000, 0x00000000e3800000|  0%| F|  |TAMS 0x00000000e3700000| PB 0x00000000e3700000| Untracked 
|  56|0x00000000e3800000, 0x00000000e3800000, 0x00000000e3900000|  0%| F|  |TAMS 0x00000000e3800000| PB 0x00000000e3800000| Untracked 
|  57|0x00000000e3900000, 0x00000000e3900000, 0x00000000e3a00000|  0%| F|  |TAMS 0x00000000e3900000| PB 0x00000000e3900000| Untracked 
|  58|0x00000000e3a00000, 0x00000000e3a00000, 0x00000000e3b00000|  0%| F|  |TAMS 0x00000000e3a00000| PB 0x00000000e3a00000| Untracked 
|  59|0x00000000e3b00000, 0x00000000e3b00000, 0x00000000e3c00000|  0%| F|  |TAMS 0x00000000e3b00000| PB 0x00000000e3b00000| Untracked 
|  60|0x00000000e3c00000, 0x00000000e3c00000, 0x00000000e3d00000|  0%| F|  |TAMS 0x00000000e3c00000| PB 0x00000000e3c00000| Untracked 
|  61|0x00000000e3d00000, 0x00000000e3d00000, 0x00000000e3e00000|  0%| F|  |TAMS 0x00000000e3d00000| PB 0x00000000e3d00000| Untracked 
|  62|0x00000000e3e00000, 0x00000000e3e00000, 0x00000000e3f00000|  0%| F|  |TAMS 0x00000000e3e00000| PB 0x00000000e3e00000| Untracked 
|  63|0x00000000e3f00000, 0x00000000e3f00000, 0x00000000e4000000|  0%| F|  |TAMS 0x00000000e3f00000| PB 0x00000000e3f00000| Untracked 
|  64|0x00000000e4000000, 0x00000000e4000000, 0x00000000e4100000|  0%| F|  |TAMS 0x00000000e4000000| PB 0x00000000e4000000| Untracked 
|  65|0x00000000e4100000, 0x00000000e4100000, 0x00000000e4200000|  0%| F|  |TAMS 0x00000000e4100000| PB 0x00000000e4100000| Untracked 
|  66|0x00000000e4200000, 0x00000000e4200000, 0x00000000e4300000|  0%| F|  |TAMS 0x00000000e4200000| PB 0x00000000e4200000| Untracked 
|  67|0x00000000e4300000, 0x00000000e4300000, 0x00000000e4400000|  0%| F|  |TAMS 0x00000000e4300000| PB 0x00000000e4300000| Untracked 
|  68|0x00000000e4400000, 0x00000000e4400000, 0x00000000e4500000|  0%| F|  |TAMS 0x00000000e4400000| PB 0x00000000e4400000| Untracked 
|  69|0x00000000e4500000, 0x00000000e4500000, 0x00000000e4600000|  0%| F|  |TAMS 0x00000000e4500000| PB 0x00000000e4500000| Untracked 
|  70|0x00000000e4600000, 0x00000000e4600000, 0x00000000e4700000|  0%| F|  |TAMS 0x00000000e4600000| PB 0x00000000e4600000| Untracked 
|  71|0x00000000e4700000, 0x00000000e4700000, 0x00000000e4800000|  0%| F|  |TAMS 0x00000000e4700000| PB 0x00000000e4700000| Untracked 
|  72|0x00000000e4800000, 0x00000000e4800000, 0x00000000e4900000|  0%| F|  |TAMS 0x00000000e4800000| PB 0x00000000e4800000| Untracked 
|  73|0x00000000e4900000, 0x00000000e4900000, 0x00000000e4a00000|  0%| F|  |TAMS 0x00000000e4900000| PB 0x00000000e4900000| Untracked 
|  74|0x00000000e4a00000, 0x00000000e4a00000, 0x00000000e4b00000|  0%| F|  |TAMS 0x00000000e4a00000| PB 0x00000000e4a00000| Untracked 
|  75|0x00000000e4b00000, 0x00000000e4b00000, 0x00000000e4c00000|  0%| F|  |TAMS 0x00000000e4b00000| PB 0x00000000e4b00000| Untracked 
|  76|0x00000000e4c00000, 0x00000000e4c00000, 0x00000000e4d00000|  0%| F|  |TAMS 0x00000000e4c00000| PB 0x00000000e4c00000| Untracked 
|  77|0x00000000e4d00000, 0x00000000e4d00000, 0x00000000e4e00000|  0%| F|  |TAMS 0x00000000e4d00000| PB 0x00000000e4d00000| Untracked 
|  78|0x00000000e4e00000, 0x00000000e4e00000, 0x00000000e4f00000|  0%| F|  |TAMS 0x00000000e4e00000| PB 0x00000000e4e00000| Untracked 
|  79|0x00000000e4f00000, 0x00000000e4f00000, 0x00000000e5000000|  0%| F|  |TAMS 0x00000000e4f00000| PB 0x00000000e4f00000| Untracked 
|  80|0x00000000e5000000, 0x00000000e5000000, 0x00000000e5100000|  0%| F|  |TAMS 0x00000000e5000000| PB 0x00000000e5000000| Untracked 
|  81|0x00000000e5100000, 0x00000000e5100000, 0x00000000e5200000|  0%| F|  |TAMS 0x00000000e5100000| PB 0x00000000e5100000| Untracked 
|  82|0x00000000e5200000, 0x00000000e5200000, 0x00000000e5300000|  0%| F|  |TAMS 0x00000000e5200000| PB 0x00000000e5200000| Untracked 
|  83|0x00000000e5300000, 0x00000000e5300000, 0x00000000e5400000|  0%| F|  |TAMS 0x00000000e5300000| PB 0x00000000e5300000| Untracked 
|  84|0x00000000e5400000, 0x00000000e5400000, 0x00000000e5500000|  0%| F|  |TAMS 0x00000000e5400000| PB 0x00000000e5400000| Untracked 
|  85|0x00000000e5500000, 0x00000000e5500000, 0x00000000e5600000|  0%| F|  |TAMS 0x00000000e5500000| PB 0x00000000e5500000| Untracked 
|  86|0x00000000e5600000, 0x00000000e5600000, 0x00000000e5700000|  0%| F|  |TAMS 0x00000000e5600000| PB 0x00000000e5600000| Untracked 
|  87|0x00000000e5700000, 0x00000000e5700000, 0x00000000e5800000|  0%| F|  |TAMS 0x00000000e5700000| PB 0x00000000e5700000| Untracked 
|  88|0x00000000e5800000, 0x00000000e5800000, 0x00000000e5900000|  0%| F|  |TAMS 0x00000000e5800000| PB 0x00000000e5800000| Untracked 
|  89|0x00000000e5900000, 0x00000000e5900000, 0x00000000e5a00000|  0%| F|  |TAMS 0x00000000e5900000| PB 0x00000000e5900000| Untracked 
|  90|0x00000000e5a00000, 0x00000000e5a00000, 0x00000000e5b00000|  0%| F|  |TAMS 0x00000000e5a00000| PB 0x00000000e5a00000| Untracked 
|  91|0x00000000e5b00000, 0x00000000e5b00000, 0x00000000e5c00000|  0%| F|  |TAMS 0x00000000e5b00000| PB 0x00000000e5b00000| Untracked 
|  92|0x00000000e5c00000, 0x00000000e5c00000, 0x00000000e5d00000|  0%| F|  |TAMS 0x00000000e5c00000| PB 0x00000000e5c00000| Untracked 
|  93|0x00000000e5d00000, 0x00000000e5d00000, 0x00000000e5e00000|  0%| F|  |TAMS 0x00000000e5d00000| PB 0x00000000e5d00000| Untracked 
|  94|0x00000000e5e00000, 0x00000000e5e00000, 0x00000000e5f00000|  0%| F|  |TAMS 0x00000000e5e00000| PB 0x00000000e5e00000| Untracked 
|  95|0x00000000e5f00000, 0x00000000e5f00000, 0x00000000e6000000|  0%| F|  |TAMS 0x00000000e5f00000| PB 0x00000000e5f00000| Untracked 
|  96|0x00000000e6000000, 0x00000000e6000000, 0x00000000e6100000|  0%| F|  |TAMS 0x00000000e6000000| PB 0x00000000e6000000| Untracked 
|  97|0x00000000e6100000, 0x00000000e6100000, 0x00000000e6200000|  0%| F|  |TAMS 0x00000000e6100000| PB 0x00000000e6100000| Untracked 
|  98|0x00000000e6200000, 0x00000000e6200000, 0x00000000e6300000|  0%| F|  |TAMS 0x00000000e6200000| PB 0x00000000e6200000| Untracked 
|  99|0x00000000e6300000, 0x00000000e6300000, 0x00000000e6400000|  0%| F|  |TAMS 0x00000000e6300000| PB 0x00000000e6300000| Untracked 
| 100|0x00000000e6400000, 0x00000000e6400000, 0x00000000e6500000|  0%| F|  |TAMS 0x00000000e6400000| PB 0x00000000e6400000| Untracked 
| 101|0x00000000e6500000, 0x00000000e6500000, 0x00000000e6600000|  0%| F|  |TAMS 0x00000000e6500000| PB 0x00000000e6500000| Untracked 
| 102|0x00000000e6600000, 0x00000000e6600000, 0x00000000e6700000|  0%| F|  |TAMS 0x00000000e6600000| PB 0x00000000e6600000| Untracked 
| 103|0x00000000e6700000, 0x00000000e6700000, 0x00000000e6800000|  0%| F|  |TAMS 0x00000000e6700000| PB 0x00000000e6700000| Untracked 
| 104|0x00000000e6800000, 0x00000000e6800000, 0x00000000e6900000|  0%| F|  |TAMS 0x00000000e6800000| PB 0x00000000e6800000| Untracked 
| 105|0x00000000e6900000, 0x00000000e6900000, 0x00000000e6a00000|  0%| F|  |TAMS 0x00000000e6900000| PB 0x00000000e6900000| Untracked 
| 106|0x00000000e6a00000, 0x00000000e6a00000, 0x00000000e6b00000|  0%| F|  |TAMS 0x00000000e6a00000| PB 0x00000000e6a00000| Untracked 
| 107|0x00000000e6b00000, 0x00000000e6b00000, 0x00000000e6c00000|  0%| F|  |TAMS 0x00000000e6b00000| PB 0x00000000e6b00000| Untracked 
| 108|0x00000000e6c00000, 0x00000000e6c00000, 0x00000000e6d00000|  0%| F|  |TAMS 0x00000000e6c00000| PB 0x00000000e6c00000| Untracked 
| 109|0x00000000e6d00000, 0x00000000e6d00000, 0x00000000e6e00000|  0%| F|  |TAMS 0x00000000e6d00000| PB 0x00000000e6d00000| Untracked 
| 110|0x00000000e6e00000, 0x00000000e6e00000, 0x00000000e6f00000|  0%| F|  |TAMS 0x00000000e6e00000| PB 0x00000000e6e00000| Untracked 
| 111|0x00000000e6f00000, 0x00000000e6f00000, 0x00000000e7000000|  0%| F|  |TAMS 0x00000000e6f00000| PB 0x00000000e6f00000| Untracked 
| 112|0x00000000e7000000, 0x00000000e7000000, 0x00000000e7100000|  0%| F|  |TAMS 0x00000000e7000000| PB 0x00000000e7000000| Untracked 
| 113|0x00000000e7100000, 0x00000000e7100000, 0x00000000e7200000|  0%| F|  |TAMS 0x00000000e7100000| PB 0x00000000e7100000| Untracked 
| 114|0x00000000e7200000, 0x00000000e7200000, 0x00000000e7300000|  0%| F|  |TAMS 0x00000000e7200000| PB 0x00000000e7200000| Untracked 
| 115|0x00000000e7300000, 0x00000000e7300000, 0x00000000e7400000|  0%| F|  |TAMS 0x00000000e7300000| PB 0x00000000e7300000| Untracked 
| 116|0x00000000e7400000, 0x00000000e7400000, 0x00000000e7500000|  0%| F|  |TAMS 0x00000000e7400000| PB 0x00000000e7400000| Untracked 
| 117|0x00000000e7500000, 0x00000000e7500000, 0x00000000e7600000|  0%| F|  |TAMS 0x00000000e7500000| PB 0x00000000e7500000| Untracked 
| 118|0x00000000e7600000, 0x00000000e7600000, 0x00000000e7700000|  0%| F|  |TAMS 0x00000000e7600000| PB 0x00000000e7600000| Untracked 
| 119|0x00000000e7700000, 0x00000000e7700000, 0x00000000e7800000|  0%| F|  |TAMS 0x00000000e7700000| PB 0x00000000e7700000| Untracked 
| 120|0x00000000e7800000, 0x00000000e7800000, 0x00000000e7900000|  0%| F|  |TAMS 0x00000000e7800000| PB 0x00000000e7800000| Untracked 
| 121|0x00000000e7900000, 0x00000000e7900000, 0x00000000e7a00000|  0%| F|  |TAMS 0x00000000e7900000| PB 0x00000000e7900000| Untracked 
| 122|0x00000000e7a00000, 0x00000000e7a00000, 0x00000000e7b00000|  0%| F|  |TAMS 0x00000000e7a00000| PB 0x00000000e7a00000| Untracked 
| 123|0x00000000e7b00000, 0x00000000e7b00000, 0x00000000e7c00000|  0%| F|  |TAMS 0x00000000e7b00000| PB 0x00000000e7b00000| Untracked 
| 124|0x00000000e7c00000, 0x00000000e7c00000, 0x00000000e7d00000|  0%| F|  |TAMS 0x00000000e7c00000| PB 0x00000000e7c00000| Untracked 
| 125|0x00000000e7d00000, 0x00000000e7d00000, 0x00000000e7e00000|  0%| F|  |TAMS 0x00000000e7d00000| PB 0x00000000e7d00000| Untracked 
| 126|0x00000000e7e00000, 0x00000000e7e00000, 0x00000000e7f00000|  0%| F|  |TAMS 0x00000000e7e00000| PB 0x00000000e7e00000| Untracked 
| 127|0x00000000e7f00000, 0x00000000e7f00000, 0x00000000e8000000|  0%| F|  |TAMS 0x00000000e7f00000| PB 0x00000000e7f00000| Untracked 
| 128|0x00000000e8000000, 0x00000000e8000000, 0x00000000e8100000|  0%| F|  |TAMS 0x00000000e8000000| PB 0x00000000e8000000| Untracked 
| 129|0x00000000e8100000, 0x00000000e8100000, 0x00000000e8200000|  0%| F|  |TAMS 0x00000000e8100000| PB 0x00000000e8100000| Untracked 
| 130|0x00000000e8200000, 0x00000000e8200000, 0x00000000e8300000|  0%| F|  |TAMS 0x00000000e8200000| PB 0x00000000e8200000| Untracked 
| 131|0x00000000e8300000, 0x00000000e8300000, 0x00000000e8400000|  0%| F|  |TAMS 0x00000000e8300000| PB 0x00000000e8300000| Untracked 
| 132|0x00000000e8400000, 0x00000000e8400000, 0x00000000e8500000|  0%| F|  |TAMS 0x00000000e8400000| PB 0x00000000e8400000| Untracked 
| 133|0x00000000e8500000, 0x00000000e8500000, 0x00000000e8600000|  0%| F|  |TAMS 0x00000000e8500000| PB 0x00000000e8500000| Untracked 
| 134|0x00000000e8600000, 0x00000000e8600000, 0x00000000e8700000|  0%| F|  |TAMS 0x00000000e8600000| PB 0x00000000e8600000| Untracked 
| 135|0x00000000e8700000, 0x00000000e8700000, 0x00000000e8800000|  0%| F|  |TAMS 0x00000000e8700000| PB 0x00000000e8700000| Untracked 
| 136|0x00000000e8800000, 0x00000000e8800000, 0x00000000e8900000|  0%| F|  |TAMS 0x00000000e8800000| PB 0x00000000e8800000| Untracked 
| 137|0x00000000e8900000, 0x00000000e8900000, 0x00000000e8a00000|  0%| F|  |TAMS 0x00000000e8900000| PB 0x00000000e8900000| Untracked 
| 138|0x00000000e8a00000, 0x00000000e8a00000, 0x00000000e8b00000|  0%| F|  |TAMS 0x00000000e8a00000| PB 0x00000000e8a00000| Untracked 
| 139|0x00000000e8b00000, 0x00000000e8b00000, 0x00000000e8c00000|  0%| F|  |TAMS 0x00000000e8b00000| PB 0x00000000e8b00000| Untracked 
| 140|0x00000000e8c00000, 0x00000000e8c00000, 0x00000000e8d00000|  0%| F|  |TAMS 0x00000000e8c00000| PB 0x00000000e8c00000| Untracked 
| 141|0x00000000e8d00000, 0x00000000e8d341b0, 0x00000000e8e00000| 20%| E|  |TAMS 0x00000000e8d00000| PB 0x00000000e8d00000| Complete 
| 142|0x00000000e8e00000, 0x00000000e8f00000, 0x00000000e8f00000|100%| E|CS|TAMS 0x00000000e8e00000| PB 0x00000000e8e00000| Complete 
| 143|0x00000000e8f00000, 0x00000000e9000000, 0x00000000e9000000|100%| E|CS|TAMS 0x00000000e8f00000| PB 0x00000000e8f00000| Complete 
| 144|0x00000000e9000000, 0x00000000e9100000, 0x00000000e9100000|100%| E|CS|TAMS 0x00000000e9000000| PB 0x00000000e9000000| Complete 
| 145|0x00000000e9100000, 0x00000000e9200000, 0x00000000e9200000|100%| E|CS|TAMS 0x00000000e9100000| PB 0x00000000e9100000| Complete 
| 146|0x00000000e9200000, 0x00000000e9300000, 0x00000000e9300000|100%| E|CS|TAMS 0x00000000e9200000| PB 0x00000000e9200000| Complete 
| 147|0x00000000e9300000, 0x00000000e9400000, 0x00000000e9400000|100%| E|CS|TAMS 0x00000000e9300000| PB 0x00000000e9300000| Complete 
| 148|0x00000000e9400000, 0x00000000e9500000, 0x00000000e9500000|100%| E|CS|TAMS 0x00000000e9400000| PB 0x00000000e9400000| Complete 
| 149|0x00000000e9500000, 0x00000000e9600000, 0x00000000e9600000|100%| E|CS|TAMS 0x00000000e9500000| PB 0x00000000e9500000| Complete 
| 150|0x00000000e9600000, 0x00000000e9700000, 0x00000000e9700000|100%| E|CS|TAMS 0x00000000e9600000| PB 0x00000000e9600000| Complete 
| 151|0x00000000e9700000, 0x00000000e9800000, 0x00000000e9800000|100%| E|CS|TAMS 0x00000000e9700000| PB 0x00000000e9700000| Complete 
| 152|0x00000000e9800000, 0x00000000e9900000, 0x00000000e9900000|100%| E|CS|TAMS 0x00000000e9800000| PB 0x00000000e9800000| Complete 
| 153|0x00000000e9900000, 0x00000000e9a00000, 0x00000000e9a00000|100%| E|CS|TAMS 0x00000000e9900000| PB 0x00000000e9900000| Complete 
| 154|0x00000000e9a00000, 0x00000000e9b00000, 0x00000000e9b00000|100%| E|CS|TAMS 0x00000000e9a00000| PB 0x00000000e9a00000| Complete 
| 155|0x00000000e9b00000, 0x00000000e9c00000, 0x00000000e9c00000|100%| E|CS|TAMS 0x00000000e9b00000| PB 0x00000000e9b00000| Complete 
| 156|0x00000000e9c00000, 0x00000000e9d00000, 0x00000000e9d00000|100%| E|CS|TAMS 0x00000000e9c00000| PB 0x00000000e9c00000| Complete 
| 157|0x00000000e9d00000, 0x00000000e9e00000, 0x00000000e9e00000|100%| E|CS|TAMS 0x00000000e9d00000| PB 0x00000000e9d00000| Complete 
| 158|0x00000000e9e00000, 0x00000000e9f00000, 0x00000000e9f00000|100%| E|CS|TAMS 0x00000000e9e00000| PB 0x00000000e9e00000| Complete 
| 159|0x00000000e9f00000, 0x00000000ea000000, 0x00000000ea000000|100%| E|CS|TAMS 0x00000000e9f00000| PB 0x00000000e9f00000| Complete 
| 160|0x00000000ea000000, 0x00000000ea100000, 0x00000000ea100000|100%| E|CS|TAMS 0x00000000ea000000| PB 0x00000000ea000000| Complete 
| 161|0x00000000ea100000, 0x00000000ea200000, 0x00000000ea200000|100%| E|CS|TAMS 0x00000000ea100000| PB 0x00000000ea100000| Complete 
| 162|0x00000000ea200000, 0x00000000ea300000, 0x00000000ea300000|100%| E|CS|TAMS 0x00000000ea200000| PB 0x00000000ea200000| Complete 
| 163|0x00000000ea300000, 0x00000000ea400000, 0x00000000ea400000|100%| E|CS|TAMS 0x00000000ea300000| PB 0x00000000ea300000| Complete 
| 164|0x00000000ea400000, 0x00000000ea500000, 0x00000000ea500000|100%| E|CS|TAMS 0x00000000ea400000| PB 0x00000000ea400000| Complete 
| 165|0x00000000ea500000, 0x00000000ea600000, 0x00000000ea600000|100%| E|CS|TAMS 0x00000000ea500000| PB 0x00000000ea500000| Complete 
| 166|0x00000000ea600000, 0x00000000ea700000, 0x00000000ea700000|100%| E|CS|TAMS 0x00000000ea600000| PB 0x00000000ea600000| Complete 
| 167|0x00000000ea700000, 0x00000000ea800000, 0x00000000ea800000|100%| E|CS|TAMS 0x00000000ea700000| PB 0x00000000ea700000| Complete 
| 168|0x00000000ea800000, 0x00000000ea900000, 0x00000000ea900000|100%| E|CS|TAMS 0x00000000ea800000| PB 0x00000000ea800000| Complete 
| 169|0x00000000ea900000, 0x00000000eaa00000, 0x00000000eaa00000|100%| E|CS|TAMS 0x00000000ea900000| PB 0x00000000ea900000| Complete 
| 170|0x00000000eaa00000, 0x00000000eab00000, 0x00000000eab00000|100%| E|CS|TAMS 0x00000000eaa00000| PB 0x00000000eaa00000| Complete 
| 171|0x00000000eab00000, 0x00000000eac00000, 0x00000000eac00000|100%| E|CS|TAMS 0x00000000eab00000| PB 0x00000000eab00000| Complete 
| 172|0x00000000eac00000, 0x00000000ead00000, 0x00000000ead00000|100%| E|CS|TAMS 0x00000000eac00000| PB 0x00000000eac00000| Complete 
| 173|0x00000000ead00000, 0x00000000eae00000, 0x00000000eae00000|100%| E|CS|TAMS 0x00000000ead00000| PB 0x00000000ead00000| Complete 
| 174|0x00000000eae00000, 0x00000000eaf00000, 0x00000000eaf00000|100%| E|CS|TAMS 0x00000000eae00000| PB 0x00000000eae00000| Complete 
| 175|0x00000000eaf00000, 0x00000000eb000000, 0x00000000eb000000|100%| E|CS|TAMS 0x00000000eaf00000| PB 0x00000000eaf00000| Complete 
| 176|0x00000000eb000000, 0x00000000eb100000, 0x00000000eb100000|100%| E|CS|TAMS 0x00000000eb000000| PB 0x00000000eb000000| Complete 
| 177|0x00000000eb100000, 0x00000000eb200000, 0x00000000eb200000|100%| E|CS|TAMS 0x00000000eb100000| PB 0x00000000eb100000| Complete 
| 178|0x00000000eb200000, 0x00000000eb300000, 0x00000000eb300000|100%| E|CS|TAMS 0x00000000eb200000| PB 0x00000000eb200000| Complete 
| 179|0x00000000eb300000, 0x00000000eb400000, 0x00000000eb400000|100%| E|CS|TAMS 0x00000000eb300000| PB 0x00000000eb300000| Complete 
| 180|0x00000000eb400000, 0x00000000eb500000, 0x00000000eb500000|100%| E|CS|TAMS 0x00000000eb400000| PB 0x00000000eb400000| Complete 
| 181|0x00000000eb500000, 0x00000000eb600000, 0x00000000eb600000|100%| E|CS|TAMS 0x00000000eb500000| PB 0x00000000eb500000| Complete 
| 182|0x00000000eb600000, 0x00000000eb700000, 0x00000000eb700000|100%| E|CS|TAMS 0x00000000eb600000| PB 0x00000000eb600000| Complete 
| 183|0x00000000eb700000, 0x00000000eb800000, 0x00000000eb800000|100%| E|CS|TAMS 0x00000000eb700000| PB 0x00000000eb700000| Complete 
| 184|0x00000000eb800000, 0x00000000eb900000, 0x00000000eb900000|100%| E|CS|TAMS 0x00000000eb800000| PB 0x00000000eb800000| Complete 
| 185|0x00000000eb900000, 0x00000000eba00000, 0x00000000eba00000|100%| E|CS|TAMS 0x00000000eb900000| PB 0x00000000eb900000| Complete 
| 186|0x00000000eba00000, 0x00000000ebb00000, 0x00000000ebb00000|100%| E|CS|TAMS 0x00000000eba00000| PB 0x00000000eba00000| Complete 
| 187|0x00000000ebb00000, 0x00000000ebc00000, 0x00000000ebc00000|100%| E|CS|TAMS 0x00000000ebb00000| PB 0x00000000ebb00000| Complete 
| 188|0x00000000ebc00000, 0x00000000ebd00000, 0x00000000ebd00000|100%| E|CS|TAMS 0x00000000ebc00000| PB 0x00000000ebc00000| Complete 
| 189|0x00000000ebd00000, 0x00000000ebe00000, 0x00000000ebe00000|100%| E|CS|TAMS 0x00000000ebd00000| PB 0x00000000ebd00000| Complete 
| 190|0x00000000ebe00000, 0x00000000ebf00000, 0x00000000ebf00000|100%| E|CS|TAMS 0x00000000ebe00000| PB 0x00000000ebe00000| Complete 
| 191|0x00000000ebf00000, 0x00000000ec000000, 0x00000000ec000000|100%| E|CS|TAMS 0x00000000ebf00000| PB 0x00000000ebf00000| Complete 
| 192|0x00000000ec000000, 0x00000000ec100000, 0x00000000ec100000|100%| E|CS|TAMS 0x00000000ec000000| PB 0x00000000ec000000| Complete 
| 193|0x00000000ec100000, 0x00000000ec200000, 0x00000000ec200000|100%| E|CS|TAMS 0x00000000ec100000| PB 0x00000000ec100000| Complete 
| 194|0x00000000ec200000, 0x00000000ec300000, 0x00000000ec300000|100%| E|CS|TAMS 0x00000000ec200000| PB 0x00000000ec200000| Complete 
| 195|0x00000000ec300000, 0x00000000ec400000, 0x00000000ec400000|100%| E|CS|TAMS 0x00000000ec300000| PB 0x00000000ec300000| Complete 
| 196|0x00000000ec400000, 0x00000000ec500000, 0x00000000ec500000|100%| E|CS|TAMS 0x00000000ec400000| PB 0x00000000ec400000| Complete 
| 197|0x00000000ec500000, 0x00000000ec600000, 0x00000000ec600000|100%| E|CS|TAMS 0x00000000ec500000| PB 0x00000000ec500000| Complete 
| 198|0x00000000ec600000, 0x00000000ec700000, 0x00000000ec700000|100%| E|CS|TAMS 0x00000000ec600000| PB 0x00000000ec600000| Complete 
| 199|0x00000000ec700000, 0x00000000ec800000, 0x00000000ec800000|100%| E|CS|TAMS 0x00000000ec700000| PB 0x00000000ec700000| Complete 
| 200|0x00000000ec800000, 0x00000000ec900000, 0x00000000ec900000|100%| E|CS|TAMS 0x00000000ec800000| PB 0x00000000ec800000| Complete 
| 201|0x00000000ec900000, 0x00000000eca00000, 0x00000000eca00000|100%| E|CS|TAMS 0x00000000ec900000| PB 0x00000000ec900000| Complete 
| 202|0x00000000eca00000, 0x00000000ecb00000, 0x00000000ecb00000|100%| E|CS|TAMS 0x00000000eca00000| PB 0x00000000eca00000| Complete 
| 203|0x00000000ecb00000, 0x00000000ecc00000, 0x00000000ecc00000|100%| E|CS|TAMS 0x00000000ecb00000| PB 0x00000000ecb00000| Complete 
| 204|0x00000000ecc00000, 0x00000000ecd00000, 0x00000000ecd00000|100%| E|CS|TAMS 0x00000000ecc00000| PB 0x00000000ecc00000| Complete 
| 205|0x00000000ecd00000, 0x00000000ece00000, 0x00000000ece00000|100%| E|CS|TAMS 0x00000000ecd00000| PB 0x00000000ecd00000| Complete 
| 206|0x00000000ece00000, 0x00000000ecf00000, 0x00000000ecf00000|100%| E|CS|TAMS 0x00000000ece00000| PB 0x00000000ece00000| Complete 
| 207|0x00000000ecf00000, 0x00000000ed000000, 0x00000000ed000000|100%| E|CS|TAMS 0x00000000ecf00000| PB 0x00000000ecf00000| Complete 
| 208|0x00000000ed000000, 0x00000000ed100000, 0x00000000ed100000|100%| E|CS|TAMS 0x00000000ed000000| PB 0x00000000ed000000| Complete 
| 209|0x00000000ed100000, 0x00000000ed200000, 0x00000000ed200000|100%| E|CS|TAMS 0x00000000ed100000| PB 0x00000000ed100000| Complete 
| 210|0x00000000ed200000, 0x00000000ed300000, 0x00000000ed300000|100%| E|CS|TAMS 0x00000000ed200000| PB 0x00000000ed200000| Complete 
| 211|0x00000000ed300000, 0x00000000ed400000, 0x00000000ed400000|100%| E|CS|TAMS 0x00000000ed300000| PB 0x00000000ed300000| Complete 
| 212|0x00000000ed400000, 0x00000000ed500000, 0x00000000ed500000|100%| E|CS|TAMS 0x00000000ed400000| PB 0x00000000ed400000| Complete 
| 213|0x00000000ed500000, 0x00000000ed600000, 0x00000000ed600000|100%| E|CS|TAMS 0x00000000ed500000| PB 0x00000000ed500000| Complete 
| 214|0x00000000ed600000, 0x00000000ed700000, 0x00000000ed700000|100%| E|CS|TAMS 0x00000000ed600000| PB 0x00000000ed600000| Complete 
| 215|0x00000000ed700000, 0x00000000ed800000, 0x00000000ed800000|100%| E|CS|TAMS 0x00000000ed700000| PB 0x00000000ed700000| Complete 
| 216|0x00000000ed800000, 0x00000000ed900000, 0x00000000ed900000|100%| E|CS|TAMS 0x00000000ed800000| PB 0x00000000ed800000| Complete 
| 217|0x00000000ed900000, 0x00000000eda00000, 0x00000000eda00000|100%| E|CS|TAMS 0x00000000ed900000| PB 0x00000000ed900000| Complete 
| 218|0x00000000eda00000, 0x00000000edb00000, 0x00000000edb00000|100%| E|CS|TAMS 0x00000000eda00000| PB 0x00000000eda00000| Complete 
| 219|0x00000000edb00000, 0x00000000edc00000, 0x00000000edc00000|100%| E|CS|TAMS 0x00000000edb00000| PB 0x00000000edb00000| Complete 
| 220|0x00000000edc00000, 0x00000000edd00000, 0x00000000edd00000|100%| E|CS|TAMS 0x00000000edc00000| PB 0x00000000edc00000| Complete 
| 221|0x00000000edd00000, 0x00000000ede00000, 0x00000000ede00000|100%| E|CS|TAMS 0x00000000edd00000| PB 0x00000000edd00000| Complete 
| 222|0x00000000ede00000, 0x00000000edf00000, 0x00000000edf00000|100%| E|CS|TAMS 0x00000000ede00000| PB 0x00000000ede00000| Complete 
| 223|0x00000000edf00000, 0x00000000ee000000, 0x00000000ee000000|100%| E|CS|TAMS 0x00000000edf00000| PB 0x00000000edf00000| Complete 
| 224|0x00000000ee000000, 0x00000000ee100000, 0x00000000ee100000|100%| E|CS|TAMS 0x00000000ee000000| PB 0x00000000ee000000| Complete 
| 225|0x00000000ee100000, 0x00000000ee200000, 0x00000000ee200000|100%| E|CS|TAMS 0x00000000ee100000| PB 0x00000000ee100000| Complete 
| 226|0x00000000ee200000, 0x00000000ee300000, 0x00000000ee300000|100%| E|CS|TAMS 0x00000000ee200000| PB 0x00000000ee200000| Complete 
| 227|0x00000000ee300000, 0x00000000ee400000, 0x00000000ee400000|100%| E|CS|TAMS 0x00000000ee300000| PB 0x00000000ee300000| Complete 
| 228|0x00000000ee400000, 0x00000000ee500000, 0x00000000ee500000|100%| E|CS|TAMS 0x00000000ee400000| PB 0x00000000ee400000| Complete 
| 229|0x00000000ee500000, 0x00000000ee600000, 0x00000000ee600000|100%| E|CS|TAMS 0x00000000ee500000| PB 0x00000000ee500000| Complete 
| 230|0x00000000ee600000, 0x00000000ee700000, 0x00000000ee700000|100%| E|CS|TAMS 0x00000000ee600000| PB 0x00000000ee600000| Complete 
| 231|0x00000000ee700000, 0x00000000ee800000, 0x00000000ee800000|100%| E|  |TAMS 0x00000000ee700000| PB 0x00000000ee700000| Complete 
| 232|0x00000000ee800000, 0x00000000ee900000, 0x00000000ee900000|100%| E|CS|TAMS 0x00000000ee800000| PB 0x00000000ee800000| Complete 
| 233|0x00000000ee900000, 0x00000000eea00000, 0x00000000eea00000|100%| S|CS|TAMS 0x00000000ee900000| PB 0x00000000ee900000| Complete 
| 234|0x00000000eea00000, 0x00000000eeb00000, 0x00000000eeb00000|100%| S|CS|TAMS 0x00000000eea00000| PB 0x00000000eea00000| Complete 
| 235|0x00000000eeb00000, 0x00000000eec00000, 0x00000000eec00000|100%| S|CS|TAMS 0x00000000eeb00000| PB 0x00000000eeb00000| Complete 
| 236|0x00000000eec00000, 0x00000000eed00000, 0x00000000eed00000|100%| S|CS|TAMS 0x00000000eec00000| PB 0x00000000eec00000| Complete 
| 237|0x00000000eed00000, 0x00000000eee00000, 0x00000000eee00000|100%| S|CS|TAMS 0x00000000eed00000| PB 0x00000000eed00000| Complete 
| 238|0x00000000eee00000, 0x00000000eef00000, 0x00000000eef00000|100%| S|CS|TAMS 0x00000000eee00000| PB 0x00000000eee00000| Complete 
| 239|0x00000000eef00000, 0x00000000ef000000, 0x00000000ef000000|100%| S|CS|TAMS 0x00000000eef00000| PB 0x00000000eef00000| Complete 
| 240|0x00000000ef000000, 0x00000000ef100000, 0x00000000ef100000|100%| S|CS|TAMS 0x00000000ef000000| PB 0x00000000ef000000| Complete 
| 241|0x00000000ef100000, 0x00000000ef200000, 0x00000000ef200000|100%| S|CS|TAMS 0x00000000ef100000| PB 0x00000000ef100000| Complete 
| 242|0x00000000ef200000, 0x00000000ef300000, 0x00000000ef300000|100%| S|CS|TAMS 0x00000000ef200000| PB 0x00000000ef200000| Complete 
| 243|0x00000000ef300000, 0x00000000ef400000, 0x00000000ef400000|100%| S|CS|TAMS 0x00000000ef300000| PB 0x00000000ef300000| Complete 
| 244|0x00000000ef400000, 0x00000000ef500000, 0x00000000ef500000|100%| S|CS|TAMS 0x00000000ef400000| PB 0x00000000ef400000| Complete 
| 245|0x00000000ef500000, 0x00000000ef600000, 0x00000000ef600000|100%| E|CS|TAMS 0x00000000ef500000| PB 0x00000000ef500000| Complete 
| 246|0x00000000ef600000, 0x00000000ef700000, 0x00000000ef700000|100%| E|CS|TAMS 0x00000000ef600000| PB 0x00000000ef600000| Complete 
| 247|0x00000000ef700000, 0x00000000ef800000, 0x00000000ef800000|100%| E|CS|TAMS 0x00000000ef700000| PB 0x00000000ef700000| Complete 
| 248|0x00000000ef800000, 0x00000000ef900000, 0x00000000ef900000|100%| E|CS|TAMS 0x00000000ef800000| PB 0x00000000ef800000| Complete 
| 249|0x00000000ef900000, 0x00000000efa00000, 0x00000000efa00000|100%| E|CS|TAMS 0x00000000ef900000| PB 0x00000000ef900000| Complete 
| 250|0x00000000efa00000, 0x00000000efb00000, 0x00000000efb00000|100%| E|CS|TAMS 0x00000000efa00000| PB 0x00000000efa00000| Complete 
| 251|0x00000000efb00000, 0x00000000efc00000, 0x00000000efc00000|100%| E|CS|TAMS 0x00000000efb00000| PB 0x00000000efb00000| Complete 
| 252|0x00000000efc00000, 0x00000000efd00000, 0x00000000efd00000|100%| E|CS|TAMS 0x00000000efc00000| PB 0x00000000efc00000| Complete 
| 253|0x00000000efd00000, 0x00000000efe00000, 0x00000000efe00000|100%| E|CS|TAMS 0x00000000efd00000| PB 0x00000000efd00000| Complete 
| 254|0x00000000efe00000, 0x00000000eff00000, 0x00000000eff00000|100%| E|CS|TAMS 0x00000000efe00000| PB 0x00000000efe00000| Complete 
| 255|0x00000000eff00000, 0x00000000f0000000, 0x00000000f0000000|100%| E|CS|TAMS 0x00000000eff00000| PB 0x00000000eff00000| Complete 

Card table byte_map: [0x000002246f310000,0x000002246f410000] _byte_map_base: 0x000002246ec10000

Marking Bits: (CMBitMap*) 0x000002245591a910
 Bits: [0x000002246f410000, 0x000002246fc10000)

Polling page: 0x00000224559b0000

Metaspace:

Usage:
  Non-class:     51.91 MB used.
      Class:      8.76 MB used.
       Both:     60.67 MB used.

Virtual space:
  Non-class space:       64.00 MB reserved,      52.88 MB ( 83%) committed,  1 nodes.
      Class space:      320.00 MB reserved,       9.69 MB (  3%) committed,  1 nodes.
             Both:      384.00 MB reserved,      62.56 MB ( 16%) committed. 

Chunk freelists:
   Non-Class:  10.91 MB
       Class:  6.26 MB
        Both:  17.16 MB

MaxMetaspaceSize: 384.00 MB
CompressedClassSpaceSize: 320.00 MB
Initial GC threshold: 21.00 MB
Current GC threshold: 99.62 MB
CDS: on
 - commit_granule_bytes: 65536.
 - commit_granule_words: 8192.
 - virtual_space_node_default_size: 8388608.
 - enlarge_chunks_in_place: 1.
 - use_allocation_guard: 0.


Internal statistics:

num_allocs_failed_limit: 15.
num_arena_births: 3622.
num_arena_deaths: 0.
num_vsnodes_births: 2.
num_vsnodes_deaths: 0.
num_space_committed: 1001.
num_space_uncommitted: 0.
num_chunks_returned_to_freelist: 15.
num_chunks_taken_from_freelist: 6780.
num_chunk_merges: 15.
num_chunk_splits: 4281.
num_chunks_enlarged: 2487.
num_inconsistent_stats: 0.

CodeHeap 'non-profiled nmethods': size=120000Kb used=5576Kb max_used=5576Kb free=114423Kb
 bounds [0x0000022467280000, 0x0000022467800000, 0x000002246e7b0000]
CodeHeap 'profiled nmethods': size=120000Kb used=18054Kb max_used=18054Kb free=101945Kb
 bounds [0x000002245f7b0000, 0x0000022460960000, 0x0000022466ce0000]
CodeHeap 'non-nmethods': size=5760Kb used=2753Kb max_used=2811Kb free=3006Kb
 bounds [0x0000022466ce0000, 0x0000022466fc0000, 0x0000022467280000]
 total_blobs=10389 nmethods=9511 adapters=781
 compilation: enabled
              stopped_count=0, restarted_count=0
 full_count=0

Compilation events (20 events):
Event: 12.117 Thread 0x00000224726b45a0 10190   !   4       org.gradle.internal.event.AbstractBroadcastDispatch::dispatch (74 bytes)
Event: 12.118 Thread 0x00000224726b45a0 nmethod 10190 0x00000224677e7f90 code [0x00000224677e8120, 0x00000224677e8260]
Event: 12.118 Thread 0x00000224726b7fc0 10191   !   3       io.spring.gradle.dependencymanagement.org.apache.maven.model.Build::clone (115 bytes)
Event: 12.119 Thread 0x00000224726b7fc0 nmethod 10191 0x000002246092d490 code [0x000002246092d7c0, 0x000002246092ea08]
Event: 12.121 Thread 0x00000224726b7fc0 10192   !   3       org.gradle.internal.watch.vfs.impl.WatchingVirtualFileSystem::withWatcherChangeErrorHandling (24 bytes)
Event: 12.122 Thread 0x00000224726b7fc0 nmethod 10192 0x000002246092f190 code [0x000002246092f380, 0x000002246092f878]
Event: 12.122 Thread 0x00000224726b7fc0 10193       3       org.gradle.internal.watch.vfs.impl.WatchingVirtualFileSystem::withWatcherChangeErrorHandling (13 bytes)
Event: 12.122 Thread 0x00000224726b7fc0 nmethod 10193 0x000002246092fa90 code [0x000002246092fd00, 0x0000022460930820]
Event: 12.122 Thread 0x00000224726b7fc0 10194       3       org.gradle.internal.watch.vfs.impl.WatchingVirtualFileSystem$$Lambda/0x00000224015a16b0::<init> (15 bytes)
Event: 12.123 Thread 0x00000224726b7fc0 nmethod 10194 0x0000022460930c10 code [0x0000022460930dc0, 0x0000022460930fe0]
Event: 12.123 Thread 0x00000224726b7fc0 10195       3       org.gradle.internal.watch.vfs.impl.WatchingVirtualFileSystem$$Lambda/0x00000224015a16b0::get (12 bytes)
Event: 12.123 Thread 0x00000224726b7fc0 nmethod 10195 0x0000022460931090 code [0x0000022460931240, 0x0000022460931480]
Event: 12.123 Thread 0x00000224726b7fc0 10196       3       org.gradle.internal.vfs.impl.AbstractVirtualFileSystem$$Lambda/0x0000022401387748::<init> (15 bytes)
Event: 12.123 Thread 0x00000224726b7fc0 nmethod 10196 0x0000022460931590 code [0x0000022460931740, 0x0000022460931960]
Event: 12.123 Thread 0x00000224726b7fc0 10197   !   3       org.gradle.internal.vfs.impl.AbstractVirtualFileSystem::underLock (34 bytes)
Event: 12.123 Thread 0x00000224726b7fc0 nmethod 10197 0x0000022460931a10 code [0x0000022460931c60, 0x0000022460932650]
Event: 12.123 Thread 0x00000224726b7fc0 10198       3       org.gradle.internal.vfs.impl.AbstractVirtualFileSystem$$Lambda/0x0000022401387748::run (12 bytes)
Event: 12.123 Thread 0x00000224726b7fc0 nmethod 10198 0x0000022460932a10 code [0x0000022460932be0, 0x0000022460932fa0]
Event: 12.125 Thread 0x00000224726b7fc0 10199       3       org.gradle.cache.internal.btree.BlockPayload::getPos (8 bytes)
Event: 12.125 Thread 0x00000224726b7fc0 nmethod 10199 0x0000022460933110 code [0x0000022460933300, 0x0000022460933898]

GC Heap History (20 events):
Event: 0.426 GC heap before
{Heap before GC invocations=0 (full 0):
 garbage-first heap   total 262144K, used 26624K [0x00000000e0000000, 0x0000000100000000)
  region size 1024K, 23 young (23552K), 0 survivors (0K)
 Metaspace       used 2151K, committed 2368K, reserved 393216K
  class space    used 233K, committed 320K, reserved 327680K
}
Event: 0.429 GC heap after
{Heap after GC invocations=1 (full 0):
 garbage-first heap   total 262144K, used 11161K [0x00000000e0000000, 0x0000000100000000)
  region size 1024K, 3 young (3072K), 3 survivors (3072K)
 Metaspace       used 2151K, committed 2368K, reserved 393216K
  class space    used 233K, committed 320K, reserved 327680K
}
Event: 0.811 GC heap before
{Heap before GC invocations=1 (full 0):
 garbage-first heap   total 262144K, used 39833K [0x00000000e0000000, 0x0000000100000000)
  region size 1024K, 31 young (31744K), 3 survivors (3072K)
 Metaspace       used 4207K, committed 4416K, reserved 393216K
  class space    used 521K, committed 640K, reserved 327680K
}
Event: 0.813 GC heap after
{Heap after GC invocations=2 (full 0):
 garbage-first heap   total 262144K, used 12552K [0x00000000e0000000, 0x0000000100000000)
  region size 1024K, 2 young (2048K), 2 survivors (2048K)
 Metaspace       used 4207K, committed 4416K, reserved 393216K
  class space    used 521K, committed 640K, reserved 327680K
}
Event: 2.232 GC heap before
{Heap before GC invocations=2 (full 0):
 garbage-first heap   total 262144K, used 118024K [0x00000000e0000000, 0x0000000100000000)
  region size 1024K, 103 young (105472K), 2 survivors (2048K)
 Metaspace       used 19358K, committed 19904K, reserved 393216K
  class space    used 2762K, committed 3008K, reserved 327680K
}
Event: 2.238 GC heap after
{Heap after GC invocations=3 (full 0):
 garbage-first heap   total 262144K, used 23857K [0x00000000e0000000, 0x0000000100000000)
  region size 1024K, 12 young (12288K), 12 survivors (12288K)
 Metaspace       used 19358K, committed 19904K, reserved 393216K
  class space    used 2762K, committed 3008K, reserved 327680K
}
Event: 2.372 GC heap before
{Heap before GC invocations=3 (full 0):
 garbage-first heap   total 262144K, used 36145K [0x00000000e0000000, 0x0000000100000000)
  region size 1024K, 25 young (25600K), 12 survivors (12288K)
 Metaspace       used 20856K, committed 21504K, reserved 393216K
  class space    used 3019K, committed 3328K, reserved 327680K
}
Event: 2.375 GC heap after
{Heap after GC invocations=4 (full 0):
 garbage-first heap   total 262144K, used 25588K [0x00000000e0000000, 0x0000000100000000)
  region size 1024K, 12 young (12288K), 12 survivors (12288K)
 Metaspace       used 20856K, committed 21504K, reserved 393216K
  class space    used 3019K, committed 3328K, reserved 327680K
}
Event: 3.320 GC heap before
{Heap before GC invocations=5 (full 0):
 garbage-first heap   total 262144K, used 132084K [0x00000000e0000000, 0x0000000100000000)
  region size 1024K, 118 young (120832K), 12 survivors (12288K)
 Metaspace       used 34766K, committed 35968K, reserved 393216K
  class space    used 4977K, committed 5568K, reserved 327680K
}
Event: 3.331 GC heap after
{Heap after GC invocations=6 (full 0):
 garbage-first heap   total 262144K, used 33240K [0x00000000e0000000, 0x0000000100000000)
  region size 1024K, 10 young (10240K), 10 survivors (10240K)
 Metaspace       used 34766K, committed 35968K, reserved 393216K
  class space    used 4977K, committed 5568K, reserved 327680K
}
Event: 3.392 GC heap before
{Heap before GC invocations=6 (full 0):
 garbage-first heap   total 262144K, used 34264K [0x00000000e0000000, 0x0000000100000000)
  region size 1024K, 13 young (13312K), 10 survivors (10240K)
 Metaspace       used 35093K, committed 36288K, reserved 393216K
  class space    used 5032K, committed 5632K, reserved 327680K
}
Event: 3.398 GC heap after
{Heap after GC invocations=7 (full 0):
 garbage-first heap   total 262144K, used 32784K [0x00000000e0000000, 0x0000000100000000)
  region size 1024K, 9 young (9216K), 9 survivors (9216K)
 Metaspace       used 35093K, committed 36288K, reserved 393216K
  class space    used 5032K, committed 5632K, reserved 327680K
}
Event: 3.454 GC heap before
{Heap before GC invocations=7 (full 0):
 garbage-first heap   total 262144K, used 36880K [0x00000000e0000000, 0x0000000100000000)
  region size 1024K, 14 young (14336K), 9 survivors (9216K)
 Metaspace       used 35413K, committed 36608K, reserved 393216K
  class space    used 5100K, committed 5696K, reserved 327680K
}
Event: 3.458 GC heap after
{Heap after GC invocations=8 (full 0):
 garbage-first heap   total 262144K, used 33203K [0x00000000e0000000, 0x0000000100000000)
  region size 1024K, 10 young (10240K), 10 survivors (10240K)
 Metaspace       used 35413K, committed 36608K, reserved 393216K
  class space    used 5100K, committed 5696K, reserved 327680K
}
Event: 5.633 GC heap before
{Heap before GC invocations=9 (full 0):
 garbage-first heap   total 262144K, used 185779K [0x00000000e0000000, 0x0000000100000000)
  region size 1024K, 153 young (156672K), 10 survivors (10240K)
 Metaspace       used 51323K, committed 53056K, reserved 393216K
  class space    used 7440K, committed 8320K, reserved 327680K
}
Event: 5.642 GC heap after
{Heap after GC invocations=10 (full 0):
 garbage-first heap   total 262144K, used 40979K [0x00000000e0000000, 0x0000000100000000)
  region size 1024K, 17 young (17408K), 17 survivors (17408K)
 Metaspace       used 51323K, committed 53056K, reserved 393216K
  class space    used 7440K, committed 8320K, reserved 327680K
}
Event: 7.357 GC heap before
{Heap before GC invocations=10 (full 0):
 garbage-first heap   total 262144K, used 179219K [0x00000000e0000000, 0x0000000100000000)
  region size 1024K, 153 young (156672K), 17 survivors (17408K)
 Metaspace       used 58520K, committed 60480K, reserved 393216K
  class space    used 8422K, committed 9408K, reserved 327680K
}
Event: 7.370 GC heap after
{Heap after GC invocations=11 (full 0):
 garbage-first heap   total 262144K, used 50082K [0x00000000e0000000, 0x0000000100000000)
  region size 1024K, 19 young (19456K), 19 survivors (19456K)
 Metaspace       used 58520K, committed 60480K, reserved 393216K
  class space    used 8422K, committed 9408K, reserved 327680K
}
Event: 7.488 GC heap before
{Heap before GC invocations=11 (full 0):
 garbage-first heap   total 262144K, used 60322K [0x00000000e0000000, 0x0000000100000000)
  region size 1024K, 30 young (30720K), 19 survivors (19456K)
 Metaspace       used 59178K, committed 61120K, reserved 393216K
  class space    used 8539K, committed 9536K, reserved 327680K
}
Event: 7.494 GC heap after
{Heap after GC invocations=12 (full 0):
 garbage-first heap   total 262144K, used 51933K [0x00000000e0000000, 0x0000000100000000)
  region size 1024K, 12 young (12288K), 12 survivors (12288K)
 Metaspace       used 59178K, committed 61120K, reserved 393216K
  class space    used 8539K, committed 9536K, reserved 327680K
}

Dll operation events (15 events):
Event: 0.010 Loaded shared library C:\Users\gjw2\AppData\Roaming\Code\User\globalStorage\pleiades.java-extension-pack-jdk\java\21\bin\java.dll
Event: 0.039 Loaded shared library C:\Users\gjw2\AppData\Roaming\Code\User\globalStorage\pleiades.java-extension-pack-jdk\java\21\bin\jsvml.dll
Event: 0.066 Loaded shared library C:\Users\gjw2\AppData\Roaming\Code\User\globalStorage\pleiades.java-extension-pack-jdk\java\21\bin\zip.dll
Event: 0.069 Loaded shared library C:\Users\gjw2\AppData\Roaming\Code\User\globalStorage\pleiades.java-extension-pack-jdk\java\21\bin\instrument.dll
Event: 0.074 Loaded shared library C:\Users\gjw2\AppData\Roaming\Code\User\globalStorage\pleiades.java-extension-pack-jdk\java\21\bin\net.dll
Event: 0.076 Loaded shared library C:\Users\gjw2\AppData\Roaming\Code\User\globalStorage\pleiades.java-extension-pack-jdk\java\21\bin\nio.dll
Event: 0.079 Loaded shared library C:\Users\gjw2\AppData\Roaming\Code\User\globalStorage\pleiades.java-extension-pack-jdk\java\21\bin\zip.dll
Event: 0.277 Loaded shared library C:\Users\gjw2\AppData\Roaming\Code\User\globalStorage\pleiades.java-extension-pack-jdk\java\21\bin\jimage.dll
Event: 0.345 Loaded shared library C:\Users\gjw2\AppData\Roaming\Code\User\globalStorage\pleiades.java-extension-pack-jdk\java\21\bin\verify.dll
Event: 0.443 Loaded shared library C:\Users\gjw2\.gradle\native\c067742578af261105cb4f569cf0c3c89f3d7b1fecec35dd04571415982c5e48\windows-amd64\native-platform.dll
Event: 0.446 Loaded shared library C:\Users\gjw2\.gradle\native\100fb08df4bc3b14c8652ba06237920a3bd2aa13389f12d3474272988ae205f9\windows-amd64\native-platform-file-events.dll
Event: 1.274 Loaded shared library C:\Users\gjw2\AppData\Roaming\Code\User\globalStorage\pleiades.java-extension-pack-jdk\java\21\bin\management.dll
Event: 1.277 Loaded shared library C:\Users\gjw2\AppData\Roaming\Code\User\globalStorage\pleiades.java-extension-pack-jdk\java\21\bin\management_ext.dll
Event: 1.423 Loaded shared library C:\Users\gjw2\AppData\Roaming\Code\User\globalStorage\pleiades.java-extension-pack-jdk\java\21\bin\extnet.dll
Event: 1.519 Loaded shared library C:\Users\gjw2\AppData\Roaming\Code\User\globalStorage\pleiades.java-extension-pack-jdk\java\21\bin\sunmscapi.dll

Deoptimization events (20 events):
Event: 12.036 Thread 0x000002247cd730b0 Uncommon trap: trap_request=0xffffffc6 fr.pc=0x00000224676137d0 relative=0x0000000000001210
Event: 12.036 Thread 0x000002247cd730b0 Uncommon trap: reason=bimorphic_or_optimized_type_check action=maybe_recompile pc=0x00000224676137d0 method=java.util.concurrent.ConcurrentHashMap.putVal(Ljava/lang/Object;Ljava/lang/Object;Z)Ljava/lang/Object; @ 159 c2
Event: 12.036 Thread 0x000002247cd730b0 DEOPT PACKING pc=0x00000224676137d0 sp=0x000000fd85cfe620
Event: 12.036 Thread 0x000002247cd730b0 DEOPT UNPACKING pc=0x0000022466d346a2 sp=0x000000fd85cfe5d0 mode 2
Event: 12.055 Thread 0x0000022478f1eaa0 Uncommon trap: trap_request=0xffffffbe fr.pc=0x00000224677dbfe8 relative=0x0000000000000488
Event: 12.055 Thread 0x0000022478f1eaa0 Uncommon trap: reason=profile_predicate action=maybe_recompile pc=0x00000224677dbfe8 method=com.esotericsoftware.kryo.io.Output.writeString(Ljava/lang/CharSequence;)V @ 67 c2
Event: 12.055 Thread 0x0000022478f1eaa0 DEOPT PACKING pc=0x00000224677dbfe8 sp=0x000000fd830feb20
Event: 12.055 Thread 0x0000022478f1eaa0 DEOPT UNPACKING pc=0x0000022466d346a2 sp=0x000000fd830fea90 mode 2
Event: 12.055 Thread 0x0000022478f1eaa0 Uncommon trap: trap_request=0xffffffbe fr.pc=0x00000224677dbfe8 relative=0x0000000000000488
Event: 12.055 Thread 0x0000022478f1eaa0 Uncommon trap: reason=profile_predicate action=maybe_recompile pc=0x00000224677dbfe8 method=com.esotericsoftware.kryo.io.Output.writeString(Ljava/lang/CharSequence;)V @ 67 c2
Event: 12.055 Thread 0x0000022478f1eaa0 DEOPT PACKING pc=0x00000224677dbfe8 sp=0x000000fd830feb20
Event: 12.055 Thread 0x0000022478f1eaa0 DEOPT UNPACKING pc=0x0000022466d346a2 sp=0x000000fd830fea90 mode 2
Event: 12.069 Thread 0x00000224795d80b0 Uncommon trap: trap_request=0xffffffbe fr.pc=0x00000224677dbfe8 relative=0x0000000000000488
Event: 12.069 Thread 0x00000224795d80b0 Uncommon trap: reason=profile_predicate action=maybe_recompile pc=0x00000224677dbfe8 method=com.esotericsoftware.kryo.io.Output.writeString(Ljava/lang/CharSequence;)V @ 67 c2
Event: 12.069 Thread 0x00000224795d80b0 DEOPT PACKING pc=0x00000224677dbfe8 sp=0x000000fd854f95b0
Event: 12.069 Thread 0x00000224795d80b0 DEOPT UNPACKING pc=0x0000022466d346a2 sp=0x000000fd854f9520 mode 2
Event: 12.069 Thread 0x00000224795d80b0 Uncommon trap: trap_request=0xffffffbe fr.pc=0x00000224677dbfe8 relative=0x0000000000000488
Event: 12.069 Thread 0x00000224795d80b0 Uncommon trap: reason=profile_predicate action=maybe_recompile pc=0x00000224677dbfe8 method=com.esotericsoftware.kryo.io.Output.writeString(Ljava/lang/CharSequence;)V @ 67 c2
Event: 12.069 Thread 0x00000224795d80b0 DEOPT PACKING pc=0x00000224677dbfe8 sp=0x000000fd854f9490
Event: 12.069 Thread 0x00000224795d80b0 DEOPT UNPACKING pc=0x0000022466d346a2 sp=0x000000fd854f9400 mode 2

Classes loaded (20 events):
Event: 10.311 Loading class java/io/ObjectInputStream$GetField done
Event: 10.311 Loading class java/io/ObjectInputStream$FieldValues done
Event: 10.318 Loading class java/util/HashMap$UnsafeHolder
Event: 10.318 Loading class java/util/HashMap$UnsafeHolder done
Event: 10.323 Loading class java/util/PriorityQueue
Event: 10.323 Loading class java/util/PriorityQueue done
Event: 10.409 Loading class java/util/concurrent/ConcurrentLinkedQueue$Itr
Event: 10.409 Loading class java/util/concurrent/ConcurrentLinkedQueue$Itr done
Event: 10.453 Loading class java/util/concurrent/LinkedBlockingDeque$Itr
Event: 10.453 Loading class java/util/concurrent/LinkedBlockingDeque$AbstractItr
Event: 10.454 Loading class java/util/concurrent/LinkedBlockingDeque$AbstractItr done
Event: 10.454 Loading class java/util/concurrent/LinkedBlockingDeque$Itr done
Event: 10.476 Loading class java/util/concurrent/CompletableFuture$AsyncRun
Event: 10.476 Loading class java/util/concurrent/CompletableFuture$AsyncRun done
Event: 10.666 Loading class jdk/internal/math/FormattedFPDecimal
Event: 10.666 Loading class jdk/internal/math/FormattedFPDecimal done
Event: 10.666 Loading class sun/text/resources/cldr/FormatData_en
Event: 10.667 Loading class sun/text/resources/cldr/FormatData_en done
Event: 12.022 Loading class java/util/AbstractList$ListItr
Event: 12.022 Loading class java/util/AbstractList$ListItr done

Classes unloaded (0 events):
No events

Classes redefined (0 events):
No events

Internal exceptions (20 events):
Event: 10.320 Thread 0x000002247b54b020 Exception <a 'java/lang/NoSuchMethodError'{0x00000000eb1c8c18}: static Lorg/gradle/api/internal/tasks/compile/incremental/compilerapi/constants/ConstantsAnalysisResult;.<clinit>()V> (0x00000000eb1c8c18) 
thrown [s\src\hotspot\share\prims\jni.cpp, line 1111]
Event: 10.320 Thread 0x000002247b54b020 Exception <a 'java/lang/NoSuchMethodError'{0x00000000eb1d3ff0}: static Lorg/gradle/api/internal/tasks/compile/incremental/compilerapi/constants/ConstantToDependentsMappingBuilder;.<clinit>()V> (0x00000000eb1d3ff0) 
thrown [s\src\hotspot\share\prims\jni.cpp, line 1111]
Event: 10.400 Thread 0x0000022478990fe0 Exception <a 'java/lang/NoSuchMethodError'{0x00000000eff8fc00}: static Lorg/gradle/internal/build/event/types/DefaultJavaCompileTaskSuccessResult;.<clinit>()V> (0x00000000eff8fc00) 
thrown [s\src\hotspot\share\prims\jni.cpp, line 1111]
Event: 10.405 Thread 0x000002247cd702c0 Exception <a 'java/lang/NoSuchMethodError'{0x00000000eabb0ce8}: 'int java.lang.invoke.DirectMethodHandle$Holder.invokeSpecial(java.lang.Object, java.lang.Object, java.lang.Object, java.lang.Object, java.lang.Object)'> (0x00000000eabb0ce8) 
thrown [s\src\hotspot\share\interpreter\linkResolver.cpp, line 773]
Event: 10.407 Thread 0x0000022478990fe0 Exception <a 'java/lang/NoSuchMethodError'{0x00000000eff9a100}: static Lorg/gradle/internal/build/event/types/DefaultTaskSkippedResult;.<clinit>()V> (0x00000000eff9a100) 
thrown [s\src\hotspot\share\prims\jni.cpp, line 1111]
Event: 10.413 Thread 0x00000224788d5f50 Exception <a 'java/lang/NoSuchMethodError'{0x00000000eaa3cc08}: 'void java.lang.invoke.DirectMethodHandle$Holder.invokeInterface(java.lang.Object, java.lang.Object, java.lang.Object, int)'> (0x00000000eaa3cc08) 
thrown [s\src\hotspot\share\interpreter\linkResolver.cpp, line 773]
Event: 10.413 Thread 0x00000224788d5f50 Exception <a 'java/lang/IncompatibleClassChangeError'{0x00000000eaa40738}: Found class java.lang.Object, but interface was expected> (0x00000000eaa40738) 
thrown [s\src\hotspot\share\interpreter\linkResolver.cpp, line 840]
Event: 10.413 Thread 0x00000224788d5f50 Exception <a 'java/lang/NoSuchMethodError'{0x00000000eaa44cc8}: 'void java.lang.invoke.DelegatingMethodHandle$Holder.reinvoke_L(java.lang.Object, java.lang.Object, java.lang.Object, int)'> (0x00000000eaa44cc8) 
thrown [s\src\hotspot\share\interpreter\linkResolver.cpp, line 773]
Event: 10.424 Thread 0x00000224788d5f50 Exception <a 'java/lang/IncompatibleClassChangeError'{0x00000000ea911758}: Found class java.lang.Object, but interface was expected> (0x00000000ea911758) 
thrown [s\src\hotspot\share\interpreter\linkResolver.cpp, line 840]
Event: 10.434 Thread 0x00000224788d5f50 Exception <a 'java/lang/IncompatibleClassChangeError'{0x00000000ea933e88}: Found class java.lang.Object, but interface was expected> (0x00000000ea933e88) 
thrown [s\src\hotspot\share\interpreter\linkResolver.cpp, line 840]
Event: 10.666 Thread 0x00000224788d5f50 Implicit null exception at 0x00000224673d2d9b to 0x00000224673d33e4
Event: 10.685 Thread 0x00000224788d5f50 Implicit null exception at 0x000002246740fc5a to 0x000002246740fcac
Event: 10.819 Thread 0x00000224788d5f50 Exception <a 'sun/nio/fs/WindowsException'{0x00000000ea0bb830}> (0x00000000ea0bb830) 
thrown [s\src\hotspot\share\prims\jni.cpp, line 520]
Event: 10.821 Thread 0x00000224788d5f50 Exception <a 'sun/nio/fs/WindowsException'{0x00000000ea0bccf8}> (0x00000000ea0bccf8) 
thrown [s\src\hotspot\share\prims\jni.cpp, line 520]
Event: 10.823 Thread 0x00000224788d5f50 Exception <a 'sun/nio/fs/WindowsException'{0x00000000ea0be1b8}> (0x00000000ea0be1b8) 
thrown [s\src\hotspot\share\prims\jni.cpp, line 520]
Event: 10.823 Thread 0x00000224788d5f50 Exception <a 'sun/nio/fs/WindowsException'{0x00000000ea0bf668}> (0x00000000ea0bf668) 
thrown [s\src\hotspot\share\prims\jni.cpp, line 520]
Event: 12.024 Thread 0x00000224788d5f50 Exception <a 'java/lang/NoClassDefFoundError'{0x00000000e9967e20}: org/jetbrains/kotlin/gradle/plugin/KotlinPluginWrapper> (0x00000000e9967e20) 
thrown [s\src\hotspot\share\oops\constantPool.cpp, line 873]
Event: 12.024 Thread 0x00000224788d5f50 Exception <a 'java/lang/NoClassDefFoundError'{0x00000000e9969f78}: org/graalvm/buildtools/gradle/NativeImagePlugin> (0x00000000e9969f78) 
thrown [s\src\hotspot\share\oops\constantPool.cpp, line 873]
Event: 12.024 Thread 0x00000224788d5f50 Exception <a 'java/lang/NoClassDefFoundError'{0x00000000e996c0c0}: org/cyclonedx/gradle/CycloneDxPlugin> (0x00000000e996c0c0) 
thrown [s\src\hotspot\share\oops\constantPool.cpp, line 873]
Event: 12.033 Thread 0x00000224788d5f50 Implicit null exception at 0x00000224677d78e9 to 0x00000224677d7990

ZGC Phase Switch (0 events):
No events

VM Operations (20 events):
Event: 7.522 Executing VM operation: G1PauseCleanup
Event: 7.523 Executing VM operation: G1PauseCleanup done
Event: 7.744 Executing VM operation: ICBufferFull
Event: 7.744 Executing VM operation: ICBufferFull done
Event: 8.309 Executing VM operation: HandshakeAllThreads (Deoptimize)
Event: 8.310 Executing VM operation: HandshakeAllThreads (Deoptimize) done
Event: 9.310 Executing VM operation: Cleanup
Event: 9.310 Executing VM operation: Cleanup done
Event: 10.398 Executing VM operation: HandshakeAllThreads (Deoptimize)
Event: 10.398 Executing VM operation: HandshakeAllThreads (Deoptimize) done
Event: 10.398 Executing VM operation: Cleanup
Event: 10.398 Executing VM operation: Cleanup done
Event: 10.863 Executing VM operation: ICBufferFull
Event: 10.863 Executing VM operation: ICBufferFull done
Event: 11.510 Executing VM operation: HandshakeAllThreads (Deoptimize)
Event: 11.510 Executing VM operation: HandshakeAllThreads (Deoptimize) done
Event: 11.511 Executing VM operation: HandshakeAllThreads (Deoptimize)
Event: 11.511 Executing VM operation: HandshakeAllThreads (Deoptimize) done
Event: 12.039 Executing VM operation: ICBufferFull
Event: 12.039 Executing VM operation: ICBufferFull done

Memory protections (0 events):
No events

Nmethod flushes (20 events):
Event: 7.515 Thread 0x0000022472698cb0 flushing  nmethod 0x000002245f992310
Event: 7.515 Thread 0x0000022472698cb0 flushing  nmethod 0x000002245f992d10
Event: 7.515 Thread 0x0000022472698cb0 flushing  nmethod 0x000002245f994390
Event: 7.515 Thread 0x0000022472698cb0 flushing  nmethod 0x000002245fa7a510
Event: 7.515 Thread 0x0000022472698cb0 flushing  nmethod 0x000002245fa7ae90
Event: 7.515 Thread 0x0000022472698cb0 flushing  nmethod 0x000002245fa84b10
Event: 7.515 Thread 0x0000022472698cb0 flushing  nmethod 0x000002245fa84f10
Event: 7.515 Thread 0x0000022472698cb0 flushing  nmethod 0x000002245fadd310
Event: 7.515 Thread 0x0000022472698cb0 flushing  nmethod 0x000002245fadef10
Event: 7.515 Thread 0x0000022472698cb0 flushing  nmethod 0x000002245faf7490
Event: 7.515 Thread 0x0000022472698cb0 flushing  nmethod 0x000002245faf7c90
Event: 7.515 Thread 0x0000022472698cb0 flushing  nmethod 0x000002245faf8390
Event: 7.515 Thread 0x0000022472698cb0 flushing  nmethod 0x000002245faf8990
Event: 7.515 Thread 0x0000022472698cb0 flushing  nmethod 0x000002245fb21390
Event: 7.515 Thread 0x0000022472698cb0 flushing  nmethod 0x000002245fb21b90
Event: 7.515 Thread 0x0000022472698cb0 flushing  nmethod 0x000002245fb23110
Event: 7.515 Thread 0x0000022472698cb0 flushing  nmethod 0x000002245fb23790
Event: 7.515 Thread 0x0000022472698cb0 flushing  nmethod 0x000002245fcb0790
Event: 7.515 Thread 0x0000022472698cb0 flushing  nmethod 0x000002245fdeaf90
Event: 7.515 Thread 0x0000022472698cb0 flushing  nmethod 0x000002245ff4ad10

Events (20 events):
Event: 12.000 Thread 0x00000224788d5f50 Thread added: 0x00000224795dcf70
Event: 12.000 Thread 0x00000224788d5f50 Thread added: 0x00000224795db530
Event: 12.000 Thread 0x00000224788d5f50 Thread added: 0x00000224795dc250
Event: 12.000 Thread 0x00000224788d5f50 Thread added: 0x00000224795d5fe0
Event: 12.001 Thread 0x00000224788d5f50 Thread added: 0x00000224795da810
Event: 12.041 Thread 0x00000224726b7fc0 Thread added: 0x000002247c7045f0
Event: 12.052 Thread 0x00000224788d5f50 Thread added: 0x00000224795dd600
Event: 12.052 Thread 0x00000224795dd600 Thread added: 0x00000224795d80b0
Event: 12.052 Thread 0x00000224795dd600 Thread added: 0x00000224795d8740
Event: 12.053 Thread 0x00000224795dd600 Thread added: 0x00000224795daea0
Event: 12.053 Thread 0x00000224795dd600 Thread added: 0x00000224795d9460
Event: 12.053 Thread 0x00000224795dd600 Thread added: 0x00000224795d9af0
Event: 12.053 Thread 0x00000224795dd600 Thread added: 0x00000224795d6d00
Event: 12.053 Thread 0x00000224795dd600 Thread added: 0x00000224795da180
Event: 12.056 Thread 0x00000224795d80b0 Thread added: 0x00000224795d7390
Event: 12.086 Thread 0x00000224795d80b0 Thread added: 0x00000224795d7a20
Event: 12.093 Thread 0x00000224795d80b0 Thread added: 0x000002247ca041a0
Event: 12.101 Thread 0x00000224795d80b0 Thread added: 0x000002247ca06f90
Event: 12.117 Thread 0x00000224795d80b0 Thread added: 0x000002247ca09060
Event: 12.124 Thread 0x00000224795d80b0 Thread added: 0x000002247ca03b10


Dynamic libraries:
0x00007ff7fab50000 - 0x00007ff7fab5e000 	C:\Users\gjw2\AppData\Roaming\Code\User\globalStorage\pleiades.java-extension-pack-jdk\java\21\bin\java.exe
0x00007ffa6bef0000 - 0x00007ffa6c107000 	C:\windows\SYSTEM32\ntdll.dll
0x00007ffa6aab0000 - 0x00007ffa6ab74000 	C:\windows\System32\KERNEL32.DLL
0x00007ffa69250000 - 0x00007ffa695fd000 	C:\windows\System32\KERNELBASE.dll
0x00007ffa69aa0000 - 0x00007ffa69bb1000 	C:\windows\System32\ucrtbase.dll
0x00007ffa5b640000 - 0x00007ffa5b658000 	C:\Users\gjw2\AppData\Roaming\Code\User\globalStorage\pleiades.java-extension-pack-jdk\java\21\bin\jli.dll
0x00007ffa3e290000 - 0x00007ffa3e2ab000 	C:\Users\gjw2\AppData\Roaming\Code\User\globalStorage\pleiades.java-extension-pack-jdk\java\21\bin\VCRUNTIME140.dll
0x00007ffa6b770000 - 0x00007ffa6b91e000 	C:\windows\System32\USER32.dll
0x00007ffa69760000 - 0x00007ffa69786000 	C:\windows\System32\win32u.dll
0x00007ffa6aa80000 - 0x00007ffa6aaa9000 	C:\windows\System32\GDI32.dll
0x00007ffa69790000 - 0x00007ffa698a9000 	C:\windows\System32\gdi32full.dll
0x00007ffa696c0000 - 0x00007ffa6975a000 	C:\windows\System32\msvcp_win.dll
0x00007ffa3d4b0000 - 0x00007ffa3d743000 	C:\windows\WinSxS\amd64_microsoft.windows.common-controls_6595b64144ccf1df_6.0.22621.3672_none_2713b9d173822955\COMCTL32.dll
0x00007ffa6a930000 - 0x00007ffa6a9d7000 	C:\windows\System32\msvcrt.dll
0x00007ffa6a9e0000 - 0x00007ffa6aa11000 	C:\windows\System32\IMM32.DLL
0x00007ffa61f30000 - 0x00007ffa61f3c000 	C:\Users\gjw2\AppData\Roaming\Code\User\globalStorage\pleiades.java-extension-pack-jdk\java\21\bin\vcruntime140_1.dll
0x00007ffa314c0000 - 0x00007ffa3154e000 	C:\Users\gjw2\AppData\Roaming\Code\User\globalStorage\pleiades.java-extension-pack-jdk\java\21\bin\msvcp140.dll
0x00007ffa09bf0000 - 0x00007ffa0a978000 	C:\Users\gjw2\AppData\Roaming\Code\User\globalStorage\pleiades.java-extension-pack-jdk\java\21\bin\server\jvm.dll
0x00007ffa6b920000 - 0x00007ffa6b9d2000 	C:\windows\System32\ADVAPI32.dll
0x00007ffa6afb0000 - 0x00007ffa6b059000 	C:\windows\System32\sechost.dll
0x00007ffa69220000 - 0x00007ffa69248000 	C:\windows\System32\bcrypt.dll
0x00007ffa6b060000 - 0x00007ffa6b174000 	C:\windows\System32\RPCRT4.dll
0x00007ffa6af30000 - 0x00007ffa6afa1000 	C:\windows\System32\WS2_32.dll
0x00007ffa68070000 - 0x00007ffa680bd000 	C:\windows\SYSTEM32\POWRPROF.dll
0x00007ffa595f0000 - 0x00007ffa59624000 	C:\windows\SYSTEM32\WINMM.dll
0x00007ffa5fb90000 - 0x00007ffa5fb9a000 	C:\windows\SYSTEM32\VERSION.dll
0x00007ffa68050000 - 0x00007ffa68063000 	C:\windows\SYSTEM32\UMPDC.dll
0x00007ffa68300000 - 0x00007ffa68318000 	C:\windows\SYSTEM32\kernel.appcore.dll
0x00007ffa5db60000 - 0x00007ffa5db6a000 	C:\Users\gjw2\AppData\Roaming\Code\User\globalStorage\pleiades.java-extension-pack-jdk\java\21\bin\jimage.dll
0x00007ffa5e480000 - 0x00007ffa5e6b2000 	C:\windows\SYSTEM32\DBGHELP.DLL
0x00007ffa6ab80000 - 0x00007ffa6af08000 	C:\windows\System32\combase.dll
0x00007ffa6bdd0000 - 0x00007ffa6bea7000 	C:\windows\System32\OLEAUT32.dll
0x00007ffa5e360000 - 0x00007ffa5e392000 	C:\windows\SYSTEM32\dbgcore.DLL
0x00007ffa698b0000 - 0x00007ffa6992b000 	C:\windows\System32\bcryptPrimitives.dll
0x00007ffa61420000 - 0x00007ffa6142f000 	C:\Users\gjw2\AppData\Roaming\Code\User\globalStorage\pleiades.java-extension-pack-jdk\java\21\bin\instrument.dll
0x00007ffa3dab0000 - 0x00007ffa3dacf000 	C:\Users\gjw2\AppData\Roaming\Code\User\globalStorage\pleiades.java-extension-pack-jdk\java\21\bin\java.dll
0x00007ffa69ea0000 - 0x00007ffa6a6ff000 	C:\windows\System32\SHELL32.dll
0x00007ffa67130000 - 0x00007ffa67a2c000 	C:\windows\SYSTEM32\windows.storage.dll
0x00007ffa66ff0000 - 0x00007ffa6712f000 	C:\windows\SYSTEM32\wintypes.dll
0x00007ffa6b190000 - 0x00007ffa6b284000 	C:\windows\System32\SHCORE.dll
0x00007ffa6b290000 - 0x00007ffa6b2ee000 	C:\windows\System32\shlwapi.dll
0x00007ffa69150000 - 0x00007ffa69171000 	C:\windows\SYSTEM32\profapi.dll
0x00007ffa17b70000 - 0x00007ffa17c47000 	C:\Users\gjw2\AppData\Roaming\Code\User\globalStorage\pleiades.java-extension-pack-jdk\java\21\bin\jsvml.dll
0x00007ffa3d9d0000 - 0x00007ffa3d9e8000 	C:\Users\gjw2\AppData\Roaming\Code\User\globalStorage\pleiades.java-extension-pack-jdk\java\21\bin\zip.dll
0x00007ffa5d7c0000 - 0x00007ffa5d7d0000 	C:\Users\gjw2\AppData\Roaming\Code\User\globalStorage\pleiades.java-extension-pack-jdk\java\21\bin\net.dll
0x00007ffa647c0000 - 0x00007ffa648f6000 	C:\windows\SYSTEM32\WINHTTP.dll
0x00007ffa68760000 - 0x00007ffa687c9000 	C:\windows\system32\mswsock.dll
0x00007ffa3da20000 - 0x00007ffa3da36000 	C:\Users\gjw2\AppData\Roaming\Code\User\globalStorage\pleiades.java-extension-pack-jdk\java\21\bin\nio.dll
0x00007ffa3da10000 - 0x00007ffa3da20000 	C:\Users\gjw2\AppData\Roaming\Code\User\globalStorage\pleiades.java-extension-pack-jdk\java\21\bin\verify.dll
0x00007ffa332b0000 - 0x00007ffa332d7000 	C:\Users\gjw2\.gradle\native\c067742578af261105cb4f569cf0c3c89f3d7b1fecec35dd04571415982c5e48\windows-amd64\native-platform.dll
0x00007ffa0ff60000 - 0x00007ffa100a4000 	C:\Users\gjw2\.gradle\native\100fb08df4bc3b14c8652ba06237920a3bd2aa13389f12d3474272988ae205f9\windows-amd64\native-platform-file-events.dll
0x00007ffa3eb30000 - 0x00007ffa3eb3a000 	C:\Users\gjw2\AppData\Roaming\Code\User\globalStorage\pleiades.java-extension-pack-jdk\java\21\bin\management.dll
0x00007ffa3ea90000 - 0x00007ffa3ea9b000 	C:\Users\gjw2\AppData\Roaming\Code\User\globalStorage\pleiades.java-extension-pack-jdk\java\21\bin\management_ext.dll
0x00007ffa6a8c0000 - 0x00007ffa6a8c8000 	C:\windows\System32\PSAPI.DLL
0x00007ffa68a00000 - 0x00007ffa68a1b000 	C:\windows\SYSTEM32\CRYPTSP.dll
0x00007ffa68260000 - 0x00007ffa68295000 	C:\windows\system32\rsaenh.dll
0x00007ffa68800000 - 0x00007ffa68828000 	C:\windows\SYSTEM32\USERENV.dll
0x00007ffa68960000 - 0x00007ffa6896c000 	C:\windows\SYSTEM32\CRYPTBASE.dll
0x00007ffa67d00000 - 0x00007ffa67d2d000 	C:\windows\SYSTEM32\IPHLPAPI.DLL
0x00007ffa6b180000 - 0x00007ffa6b189000 	C:\windows\System32\NSI.dll
0x00007ffa3da60000 - 0x00007ffa3da69000 	C:\Users\gjw2\AppData\Roaming\Code\User\globalStorage\pleiades.java-extension-pack-jdk\java\21\bin\extnet.dll
0x00007ffa3daa0000 - 0x00007ffa3daae000 	C:\Users\gjw2\AppData\Roaming\Code\User\globalStorage\pleiades.java-extension-pack-jdk\java\21\bin\sunmscapi.dll
0x00007ffa69930000 - 0x00007ffa69a97000 	C:\windows\System32\CRYPT32.dll
0x00007ffa68bd0000 - 0x00007ffa68bfe000 	C:\windows\SYSTEM32\ncrypt.dll
0x00007ffa68b90000 - 0x00007ffa68bc7000 	C:\windows\SYSTEM32\NTASN1.dll
0x00007ffa427a0000 - 0x00007ffa427a8000 	C:\windows\system32\wshunix.dll

dbghelp: loaded successfully - version: 4.0.5 - missing functions: none
symbol engine: initialized successfully - sym options: 0x614 - pdb path: .;C:\Users\gjw2\AppData\Roaming\Code\User\globalStorage\pleiades.java-extension-pack-jdk\java\21\bin;C:\windows\SYSTEM32;C:\windows\WinSxS\amd64_microsoft.windows.common-controls_6595b64144ccf1df_6.0.22621.3672_none_2713b9d173822955;C:\Users\gjw2\AppData\Roaming\Code\User\globalStorage\pleiades.java-extension-pack-jdk\java\21\bin\server;C:\Users\gjw2\.gradle\native\c067742578af261105cb4f569cf0c3c89f3d7b1fecec35dd04571415982c5e48\windows-amd64;C:\Users\gjw2\.gradle\native\100fb08df4bc3b14c8652ba06237920a3bd2aa13389f12d3474272988ae205f9\windows-amd64

VM Arguments:
jvm_args: --add-opens=java.base/java.util=ALL-UNNAMED --add-opens=java.base/java.lang=ALL-UNNAMED --add-opens=java.base/java.lang.invoke=ALL-UNNAMED --add-opens=java.prefs/java.util.prefs=ALL-UNNAMED --add-opens=java.base/java.nio.charset=ALL-UNNAMED --add-opens=java.base/java.net=ALL-UNNAMED --add-opens=java.base/java.util.concurrent.atomic=ALL-UNNAMED -XX:MaxMetaspaceSize=384m -XX:+HeapDumpOnOutOfMemoryError -Xms256m -Xmx512m -Dfile.encoding=x-windows-949 -Duser.country=KR -Duser.language=ko -Duser.variant -javaagent:C:\Users\gjw2\.gradle\wrapper\dists\gradle-8.8-bin\dl7vupf4psengwqhwktix4v1\gradle-8.8\lib\agents\gradle-instrumentation-agent-8.8.jar 
java_command: org.gradle.launcher.daemon.bootstrap.GradleDaemon 8.8
java_class_path (initial): C:\Users\gjw2\.gradle\wrapper\dists\gradle-8.8-bin\dl7vupf4psengwqhwktix4v1\gradle-8.8\lib\gradle-launcher-8.8.jar
Launcher Type: SUN_STANDARD

[Global flags]
     intx CICompilerCount                          = 4                                         {product} {ergonomic}
   size_t CompressedClassSpaceSize                 = 335544320                                 {product} {ergonomic}
     uint ConcGCThreads                            = 2                                         {product} {ergonomic}
     uint G1ConcRefinementThreads                  = 8                                         {product} {ergonomic}
   size_t G1HeapRegionSize                         = 1048576                                   {product} {ergonomic}
    uintx GCDrainStackTargetSize                   = 64                                        {product} {ergonomic}
     bool HeapDumpOnOutOfMemoryError               = true                                   {manageable} {command line}
   size_t InitialHeapSize                          = 268435456                                 {product} {command line}
   size_t MarkStackSize                            = 4194304                                   {product} {ergonomic}
   size_t MaxHeapSize                              = 536870912                                 {product} {command line}
   size_t MaxMetaspaceSize                         = 402653184                                 {product} {command line}
   size_t MaxNewSize                               = 321912832                                 {product} {ergonomic}
   size_t MinHeapDeltaBytes                        = 1048576                                   {product} {ergonomic}
   size_t MinHeapSize                              = 268435456                                 {product} {command line}
    uintx NonNMethodCodeHeapSize                   = 5839372                                {pd product} {ergonomic}
    uintx NonProfiledCodeHeapSize                  = 122909434                              {pd product} {ergonomic}
    uintx ProfiledCodeHeapSize                     = 122909434                              {pd product} {ergonomic}
    uintx ReservedCodeCacheSize                    = 251658240                              {pd product} {ergonomic}
     bool SegmentedCodeCache                       = true                                      {product} {ergonomic}
   size_t SoftMaxHeapSize                          = 536870912                              {manageable} {ergonomic}
     bool UseCompressedOops                        = true                           {product lp64_product} {ergonomic}
     bool UseG1GC                                  = true                                      {product} {ergonomic}
     bool UseLargePagesIndividualAllocation        = false                                  {pd product} {ergonomic}

Logging:
Log output configuration:
 #0: stdout all=warning uptime,level,tags foldmultilines=false
 #1: stderr all=off uptime,level,tags foldmultilines=false

Environment Variables:
JAVA_HOME=C:\Program Files\Java\jdk-17
PATH=C:\Program Files\Common Files\Oracle\Java\javapath;C:\Program Files (x86)\VMware\VMware Workstation\bin\;C:\Program Files (x86)\Common Files\Oracle\Java\javapath;C:\windows\system32;C:\windows;C:\windows\System32\Wbem;C:\windows\System32\WindowsPowerShell\v1.0\;C:\windows\System32\OpenSSH\;C:\Program Files (x86)\NVIDIA Corporation\PhysX\Common;C:\Program Files\NVIDIA Corporation\NVIDIA NvDLISR;C:\Program Files\TortoiseSVN\bin;C:\Program Files\nodejs\;C:\Program Files\Git\cmd;C:\Program Files (x86)\Microsoft SQL Server\Client SDK\ODBC\130\Tools\Binn\;C:\Program Files (x86)\Microsoft SQL Server\140\Tools\Binn\;C:\Program Files (x86)\Microsoft SQL Server\140\DTS\Binn\;C:\Program Files (x86)\Microsoft SQL Server\140\Tools\Binn\ManagementStudio\;C:\Program Files\Java\jdk1.8.0_192\bin;C:\Program Files\MySQL\MySQL Server 8.0\bin;%PATH;C:\Users\gjw2\AppData\Roaming\npm;C:\Users\gjw2\AppData\Local\Programs\Microsoft VS Code\bin;C:\Program Files\IntelliJ IDEA Community Edition 2024.1\bin;
USERNAME=user
OS=Windows_NT
PROCESSOR_IDENTIFIER=Intel64 Family 6 Model 151 Stepping 5, GenuineIntel
TMP=C:\Users\gjw2\AppData\Local\Temp
TEMP=C:\Users\gjw2\AppData\Local\Temp




Periodic native trim disabled

---------------  S Y S T E M  ---------------

OS:
 Windows 11 , 64 bit Build 22621 (10.0.22621.3672)
OS uptime: 12 days 15:49 hours
Hyper-V role detected

CPU: total 8 (initial active 8) (4 cores per cpu, 2 threads per core) family 6 model 151 stepping 5 microcode 0x1e, cx8, cmov, fxsr, ht, mmx, 3dnowpref, sse, sse2, sse3, ssse3, sse4.1, sse4.2, popcnt, lzcnt, tsc, tscinvbit, avx, avx2, aes, erms, clmul, bmi1, bmi2, adx, sha, fma, vzeroupper, clflush, clflushopt, clwb, hv, serialize, rdtscp, rdpid, fsrm, f16c, cet_ibt, cet_ss
Processor Information for all 8 processors :
  Max Mhz: 3300, Current Mhz: 3300, Mhz Limit: 3300

Memory: 4k page, system-wide physical 7907M (444M free)
TotalPageFile size 32483M (AvailPageFile size 0M)
current process WorkingSet (physical memory assigned to process): 416M, peak: 430M
current process commit charge ("private bytes"): 509M, peak: 521M

vm_info: OpenJDK 64-Bit Server VM (21.0.4+7-LTS) for windows-amd64 JRE (21.0.4+7-LTS), built on 2024-07-16T00:00:00Z by "admin" with MS VC++ 17.7 (VS2022)

END.
