#
# There is insufficient memory for the Java Runtime Environment to continue.
# Native memory allocation (mmap) failed to map 130023424 bytes for G1 virtual space
# Possible reasons:
#   The system is out of physical RAM or swap space
#   The process is running with CompressedOops enabled, and the Java Heap may be blocking the growth of the native heap
# Possible solutions:
#   Reduce memory load on the system
#   Increase physical memory or swap space
#   Check if swap backing store is full
#   Decrease Java heap size (-Xmx/-Xms)
#   Decrease number of Java threads
#   Decrease Java thread stack sizes (-Xss)
#   Set larger code cache with -XX:ReservedCodeCacheSize=
#   JVM is running with Unscaled Compressed Oops mode in which the Java heap is
#     placed in the first 4GB address space. The Java Heap base address is the
#     maximum limit for the native heap growth. Please use -XX:HeapBaseMinAddress
#     to set the Java Heap base and to place the Java Heap above 4GB virtual address.
# This output file may be truncated or incomplete.
#
#  Out of Memory Error (os_windows.cpp:3550), pid=3500, tid=17716
#
# JRE version:  (17.0.7+8) (build )
# Java VM: Java HotSpot(TM) 64-Bit Server VM (17.0.7+8-LTS-224, mixed mode, sharing, tiered, compressed oops, compressed class ptrs, g1 gc, windows-amd64)
# No core dump will be written. Minidumps are not enabled by default on client versions of Windows
#

---------------  S U M M A R Y ------------

Command Line: -ea -Dstdout.encoding=UTF-8 -Dstderr.encoding=UTF-8 -XX:+ShowCodeDetailsInExceptionMessages -Dfile.encoding=UTF-8 org.eclipse.jdt.internal.junit.runner.RemoteTestRunner -version 3 -port 50878 -testLoaderClass org.eclipse.jdt.internal.junit5.runner.JUnit5TestLoader -loaderpluginname org.eclipse.jdt.junit5.runtime -test hello.core.scope.SingletonWithPrototypeTest1:singletonClientUsePrototype

Host: 12th Gen Intel(R) Core(TM) i3-12100, 8 cores, 7G,  Windows 11 , 64 bit Build 22621 (10.0.22621.3672)
Time: Thu Jul 25 09:59:26 2024  Windows 11 , 64 bit Build 22621 (10.0.22621.3672) elapsed time: 0.018616 seconds (0d 0h 0m 0s)

---------------  T H R E A D  ---------------

Current thread (0x000002117ad75e90):  JavaThread "Unknown thread" [_thread_in_vm, id=17716, stack(0x00000043b8f00000,0x00000043b9000000)]

Stack: [0x00000043b8f00000,0x00000043b9000000]
Native frames: (J=compiled Java code, j=interpreted, Vv=VM code, C=native code)
V  [jvm.dll+0x676a4a]
V  [jvm.dll+0x7d74f4]
V  [jvm.dll+0x7d8c9e]
V  [jvm.dll+0x7d9303]
V  [jvm.dll+0x2452c5]
V  [jvm.dll+0x6738f9]
V  [jvm.dll+0x668232]
V  [jvm.dll+0x302826]
V  [jvm.dll+0x309da6]
V  [jvm.dll+0x35952e]
V  [jvm.dll+0x35975f]
V  [jvm.dll+0x2d9a38]
V  [jvm.dll+0x2da9a4]
V  [jvm.dll+0x7a8fb1]
V  [jvm.dll+0x3670e1]
V  [jvm.dll+0x788359]
V  [jvm.dll+0x3ea5ef]
V  [jvm.dll+0x3ec071]
C  [jli.dll+0x5297]
C  [ucrtbase.dll+0x29333]
C  [KERNEL32.DLL+0x1257d]
C  [ntdll.dll+0x5af28]


---------------  P R O C E S S  ---------------

Threads class SMR info:
_java_thread_list=0x00007ff9f1334998, length=0, elements={
}

Java Threads: ( => current thread )

Other Threads:
  0x000002117adcec20 GCTaskThread "GC Thread#0" [stack: 0x00000043b9000000,0x00000043b9100000] [id=13832]
  0x000002117ade01b0 ConcurrentGCThread "G1 Main Marker" [stack: 0x00000043b9100000,0x00000043b9200000] [id=8768]
  0x000002117ade1ad0 ConcurrentGCThread "G1 Conc#0" [stack: 0x00000043b9200000,0x00000043b9300000] [id=25632]

[error occurred during error reporting (printing all threads), id 0xc0000005, EXCEPTION_ACCESS_VIOLATION (0xc0000005) at pc=0x00007ff9f0b6a697]

VM state: not at safepoint (not fully initialized)

VM Mutex/Monitor currently owned by a thread:  ([mutex/lock_event])
[0x000002117ad71570] Heap_lock - owner thread: 0x000002117ad75e90

Heap address: 0x0000000084600000, size: 1978 MB, Compressed Oops mode: 32-bit

CDS archive(s) mapped at: [0x0000000000000000-0x0000000000000000-0x0000000000000000), size 0, SharedBaseAddress: 0x0000000800000000, ArchiveRelocationMode: 0.
Narrow klass base: 0x0000000000000000, Narrow klass shift: 0, Narrow klass range: 0x0

GC Precious Log:
<Empty>

Heap:
 garbage-first heap   total 0K, used 0K [0x0000000084600000, 0x0000000100000000)
  region size 1024K, 0 young (0K), 0 survivors (0K)

[error occurred during error reporting (printing heap information), id 0xc0000005, EXCEPTION_ACCESS_VIOLATION (0xc0000005) at pc=0x00007ff9f0f500b9]

GC Heap History (0 events):
No events

Deoptimization events (0 events):
No events

Classes unloaded (0 events):
No events

Classes redefined (0 events):
No events

Internal exceptions (0 events):
No events

VM Operations (0 events):
No events

Events (1 events):
Event: 0.009 Loaded shared library C:\Program Files\Java\jdk-17\bin\java.dll


Dynamic libraries:
0x00007ff681470000 - 0x00007ff681480000 	C:\Program Files\Java\jdk-17\bin\java.exe
0x00007ffa6bef0000 - 0x00007ffa6c107000 	C:\windows\SYSTEM32\ntdll.dll
0x00007ffa6aab0000 - 0x00007ffa6ab74000 	C:\windows\System32\KERNEL32.DLL
0x00007ffa69250000 - 0x00007ffa695fd000 	C:\windows\System32\KERNELBASE.dll
0x00007ffa69aa0000 - 0x00007ffa69bb1000 	C:\windows\System32\ucrtbase.dll
0x00007ffa30fe0000 - 0x00007ffa30ff9000 	C:\Program Files\Java\jdk-17\bin\jli.dll
0x00007ffa6b920000 - 0x00007ffa6b9d2000 	C:\windows\System32\ADVAPI32.dll
0x00007ffa3c1b0000 - 0x00007ffa3c1cb000 	C:\Program Files\Java\jdk-17\bin\VCRUNTIME140.dll
0x00007ffa6a930000 - 0x00007ffa6a9d7000 	C:\windows\System32\msvcrt.dll
0x00007ffa6afb0000 - 0x00007ffa6b059000 	C:\windows\System32\sechost.dll
0x00007ffa69220000 - 0x00007ffa69248000 	C:\windows\System32\bcrypt.dll
0x00007ffa6b060000 - 0x00007ffa6b174000 	C:\windows\System32\RPCRT4.dll
0x00007ffa6b770000 - 0x00007ffa6b91e000 	C:\windows\System32\USER32.dll
0x00007ffa69760000 - 0x00007ffa69786000 	C:\windows\System32\win32u.dll
0x00007ffa6aa80000 - 0x00007ffa6aaa9000 	C:\windows\System32\GDI32.dll
0x00007ffa69790000 - 0x00007ffa698a9000 	C:\windows\System32\gdi32full.dll
0x00007ffa696c0000 - 0x00007ffa6975a000 	C:\windows\System32\msvcp_win.dll
0x00007ffa3d4b0000 - 0x00007ffa3d743000 	C:\windows\WinSxS\amd64_microsoft.windows.common-controls_6595b64144ccf1df_6.0.22621.3672_none_2713b9d173822955\COMCTL32.dll
0x00007ffa5fb90000 - 0x00007ffa5fb9a000 	C:\windows\SYSTEM32\VERSION.dll
0x00007ffa6a9e0000 - 0x00007ffa6aa11000 	C:\windows\System32\IMM32.DLL
0x00007ffa3eaa0000 - 0x00007ffa3eaac000 	C:\Program Files\Java\jdk-17\bin\vcruntime140_1.dll
0x00007ffa2f3f0000 - 0x00007ffa2f47e000 	C:\Program Files\Java\jdk-17\bin\msvcp140.dll
0x00007ff9f0880000 - 0x00007ff9f145d000 	C:\Program Files\Java\jdk-17\bin\server\jvm.dll
0x00007ffa6a8c0000 - 0x00007ffa6a8c8000 	C:\windows\System32\PSAPI.DLL
0x00007ffa5a580000 - 0x00007ffa5a589000 	C:\windows\SYSTEM32\WSOCK32.dll
0x00007ffa595f0000 - 0x00007ffa59624000 	C:\windows\SYSTEM32\WINMM.dll
0x00007ffa6af30000 - 0x00007ffa6afa1000 	C:\windows\System32\WS2_32.dll
0x00007ffa68300000 - 0x00007ffa68318000 	C:\windows\SYSTEM32\kernel.appcore.dll
0x00007ffa3b740000 - 0x00007ffa3b74a000 	C:\Program Files\Java\jdk-17\bin\jimage.dll
0x00007ffa5e480000 - 0x00007ffa5e6b2000 	C:\windows\SYSTEM32\DBGHELP.DLL
0x00007ffa6ab80000 - 0x00007ffa6af08000 	C:\windows\System32\combase.dll
0x00007ffa6bdd0000 - 0x00007ffa6bea7000 	C:\windows\System32\OLEAUT32.dll
0x00007ffa5e360000 - 0x00007ffa5e392000 	C:\windows\SYSTEM32\dbgcore.DLL
0x00007ffa698b0000 - 0x00007ffa6992b000 	C:\windows\System32\bcryptPrimitives.dll
0x00007ffa2fb00000 - 0x00007ffa2fb25000 	C:\Program Files\Java\jdk-17\bin\java.dll

dbghelp: loaded successfully - version: 4.0.5 - missing functions: none
symbol engine: initialized successfully - sym options: 0x614 - pdb path: .;C:\Program Files\Java\jdk-17\bin;C:\windows\SYSTEM32;C:\windows\WinSxS\amd64_microsoft.windows.common-controls_6595b64144ccf1df_6.0.22621.3672_none_2713b9d173822955;C:\Program Files\Java\jdk-17\bin\server

VM Arguments:
jvm_args: -ea -Dstdout.encoding=UTF-8 -Dstderr.encoding=UTF-8 -XX:+ShowCodeDetailsInExceptionMessages -Dfile.encoding=UTF-8 
java_command: org.eclipse.jdt.internal.junit.runner.RemoteTestRunner -version 3 -port 50878 -testLoaderClass org.eclipse.jdt.internal.junit5.runner.JUnit5TestLoader -loaderpluginname org.eclipse.jdt.junit5.runtime -test hello.core.scope.SingletonWithPrototypeTest1:singletonClientUsePrototype
java_class_path (initial): c:\Users\gjw2\Desktop\스프링_강의자료\스프링 핵심원리 - 기본편\core\build\resources\test;c:\Users\gjw2\Desktop\스프링_강의자료\스프링 핵심원리 - 기본편\core\build\classes\java\test;c:\Users\gjw2\Desktop\스프링_강의자료\스프링 핵심원리 - 기본편\core\build\resources\main;c:\Users\gjw2\Desktop\스프링_강의자료\스프링 핵심원리 - 기본편\core\build\classes\java\main;c:\Users\gjw2\Desktop\스프링_강의자료\스프링 핵심원리 - 기본편\core\bin;c:\Users\gjw2\.gradle\caches\modules-2\files-2.1\org.springframework\spring-jcl\6.1.10\c22c18cf6ed7d768676816347f020a6868663224\spring-jcl-6.1.10.jar;c:\Users\gjw2\.gradle\caches\modules-2\files-2.1\org.slf4j\slf4j-api\2.0.13\80229737f704b121a318bba5d5deacbcf395bc77\slf4j-api-2.0.13.jar;c:\Users\gjw2\.gradle\caches\modules-2\files-2.1\org.springframework.boot\spring-boot-starter\3.3.1\30e0ac13cfa51c77db60909ea28572a1e973f186\spring-boot-starter-3.3.1.jar;c:\Users\gjw2\.gradle\caches\modules-2\files-2.1\jakarta.annotation\jakarta.annotation-api\2.1.1\48b9bda22b091b1f48b13af03fe36db3be6e1ae3\jakarta.annotation-api-2.1.1.jar;c:\Users\gjw2\.gradle\caches\modules-2\files-2.1\io.micrometer\micrometer-observation\1.13.1\f6f5fa79e482431531cc253a7204e5c085c7bb20\micrometer-observation-1.13.1.jar;c:\Users\gjw2\.gradle\caches\modules-2\files-2.1\org.springframework\spring-context\6.1.10\6f869ea35a26028f3bfbfb52c72ef2b077fbb6e5\spring-context-6.1.10.jar;c:\Users\gjw2\.gradle\caches\modules-2\files-2.1\org.apache.logging.log4j\log4j-to-slf4j\2.23.1\425ad1eb8a39904d2830e907a324e956fb456520\log4j-to-slf4j-2.23.1.jar;c:\Users\gjw2\.gradle\caches\modules-2\files-2.1\org.springframework\spring-core\6.1.10\eaf5b1f3e3bb5aa8b45ab255cf3270c1c4578f1d\spring-core-6.1.10.jar;c:\Users\gjw2\.gradle\caches\modules-2\files-2.1\org.slf4j\jul-to-slf4j\2.0.13\a3bcd9d9dd50c71ce69f06b1fd05e40fdeff6ba5\jul-to-slf4j-2.0.13.jar;c:\Users\gjw2\.gradle\caches\modules-2\files-2.1\org.springframework.boot\spring-boot-autoconfigure\3.3.1\36a6489e3ba5e341
Launcher Type: SUN_STANDARD

[Global flags]
     intx CICompilerCount                          = 4                                         {product} {ergonomic}
     uint ConcGCThreads                            = 2                                         {product} {ergonomic}
     uint G1ConcRefinementThreads                  = 8                                         {product} {ergonomic}
   size_t G1HeapRegionSize                         = 1048576                                   {product} {ergonomic}
    uintx GCDrainStackTargetSize                   = 64                                        {product} {ergonomic}
   size_t InitialHeapSize                          = 130023424                                 {product} {ergonomic}
   size_t MarkStackSize                            = 4194304                                   {product} {ergonomic}
   size_t MaxHeapSize                              = 2074083328                                {product} {ergonomic}
   size_t MinHeapDeltaBytes                        = 1048576                                   {product} {ergonomic}
   size_t MinHeapSize                              = 8388608                                   {product} {ergonomic}
    uintx NonNMethodCodeHeapSize                   = 5839372                                {pd product} {ergonomic}
    uintx NonProfiledCodeHeapSize                  = 122909434                              {pd product} {ergonomic}
    uintx ProfiledCodeHeapSize                     = 122909434                              {pd product} {ergonomic}
    uintx ReservedCodeCacheSize                    = 251658240                              {pd product} {ergonomic}
     bool SegmentedCodeCache                       = true                                      {product} {ergonomic}
     bool ShowCodeDetailsInExceptionMessages       = true                                   {manageable} {command line}
   size_t SoftMaxHeapSize                          = 2074083328                             {manageable} {ergonomic}
     bool UseCompressedClassPointers               = true                           {product lp64_product} {ergonomic}
     bool UseCompressedOops                        = true                           {product lp64_product} {ergonomic}
     bool UseG1GC                                  = true                                      {product} {ergonomic}
     bool UseLargePagesIndividualAllocation        = false                                  {pd product} {ergonomic}

Logging:
Log output configuration:
 #0: stdout all=warning uptime,level,tags
 #1: stderr all=off uptime,level,tags

Environment Variables:
JAVA_HOME=C:\Program Files\Java\jdk-17
PATH=C:\Program Files\Common Files\Oracle\Java\javapath;C:\Program Files (x86)\VMware\VMware Workstation\bin\;C:\Program Files (x86)\Common Files\Oracle\Java\javapath;C:\windows\system32;C:\windows;C:\windows\System32\Wbem;C:\windows\System32\WindowsPowerShell\v1.0\;C:\windows\System32\OpenSSH\;C:\Program Files (x86)\NVIDIA Corporation\PhysX\Common;C:\Program Files\NVIDIA Corporation\NVIDIA NvDLISR;C:\Program Files\TortoiseSVN\bin;C:\Program Files\nodejs\;C:\Program Files\Git\cmd;C:\Program Files (x86)\Microsoft SQL Server\Client SDK\ODBC\130\Tools\Binn\;C:\Program Files (x86)\Microsoft SQL Server\140\Tools\Binn\;C:\Program Files (x86)\Microsoft SQL Server\140\DTS\Binn\;C:\Program Files (x86)\Microsoft SQL Server\140\Tools\Binn\ManagementStudio\;C:\Program Files\Java\jdk1.8.0_192\bin;C:\Program Files\MySQL\MySQL Server 8.0\bin;%PATH;C:\Users\gjw2\AppData\Roaming\npm;C:\Users\gjw2\AppData\Local\Programs\Microsoft VS Code\bin;C:\Program Files\IntelliJ IDEA Community Edition 2024.1\bin;
USERNAME=user
OS=Windows_NT
PROCESSOR_IDENTIFIER=Intel64 Family 6 Model 151 Stepping 5, GenuineIntel



---------------  S Y S T E M  ---------------

OS:
 Windows 11 , 64 bit Build 22621 (10.0.22621.3672)
OS uptime: 12 days 15:33 hours
Hyper-V role detected

CPU: total 8 (initial active 8) (4 cores per cpu, 2 threads per core) family 6 model 151 stepping 5 microcode 0x1e, cx8, cmov, fxsr, ht, mmx, 3dnowpref, sse, sse2, sse3, ssse3, sse4.1, sse4.2, popcnt, lzcnt, tsc, tscinvbit, avx, avx2, aes, erms, clmul, bmi1, bmi2, adx, sha, fma, vzeroupper, clflush, clflushopt, clwb, hv

Memory: 4k page, system-wide physical 7907M (410M free)
TotalPageFile size 32483M (AvailPageFile size 98M)
current process WorkingSet (physical memory assigned to process): 11M, peak: 11M
current process commit charge ("private bytes"): 60M, peak: 184M

vm_info: Java HotSpot(TM) 64-Bit Server VM (17.0.7+8-LTS-224) for windows-amd64 JRE (17.0.7+8-LTS-224), built on Feb 28 2023 23:03:02 by "mach5one" with MS VC++ 17.1 (VS2022)

END.
